<?xml version="1.0" encoding="utf-8"?>
<CoverageSession xmlns:xsd="http://www.w3.org/2001/XMLSchema" xmlns:xsi="http://www.w3.org/2001/XMLSchema-instance" Version="0.0.0.0">
  <Summary numSequencePoints="348" visitedSequencePoints="305" numBranchPoints="0" visitedBranchPoints="0" sequenceCoverage="87.64" branchCoverage="0.0" maxCyclomaticComplexity="0" minCyclomaticComplexity="0" maxCrapScore="0" minCrapScore="0" visitedClasses="6" numClasses="6" visitedMethods="38" numMethods="38" />
  <Modules>
    <Module>
      <Summary numSequencePoints="348" visitedSequencePoints="305" numBranchPoints="0" visitedBranchPoints="0" sequenceCoverage="87.64" branchCoverage="0.0" maxCyclomaticComplexity="0" minCyclomaticComplexity="0" maxCrapScore="0" minCrapScore="0" visitedClasses="6" numClasses="6" visitedMethods="38" numMethods="38" />
      <ModuleTime>0001-01-01T00:00:00</ModuleTime>
      <ModuleName>NewAssembly</ModuleName>
      <Files>
        <File uid="1" fullPath="C:/Users/blaze/OneDrive/Documents/Gitkraken/JackGraceMightyRabbit/Assets/src/GameIO.cs" />
        <File uid="2" fullPath="C:/Users/blaze/OneDrive/Documents/Gitkraken/JackGraceMightyRabbit/Assets/src/LevelObject.cs" />
        <File uid="3" fullPath="C:/Users/blaze/OneDrive/Documents/Gitkraken/JackGraceMightyRabbit/Assets/src/ObjectManager.cs" />
        <File uid="4" fullPath="C:/Users/blaze/OneDrive/Documents/Gitkraken/JackGraceMightyRabbit/Assets/src/Player.cs" />
      </Files>
      <Classes>
        <Class>
          <Summary numSequencePoints="47" visitedSequencePoints="35" numBranchPoints="0" visitedBranchPoints="0" sequenceCoverage="74.47" branchCoverage="0.0" maxCyclomaticComplexity="0" minCyclomaticComplexity="0" maxCrapScore="0" minCrapScore="0" visitedClasses="1" numClasses="1" visitedMethods="4" numMethods="4" />
          <FullName>GameIO</FullName>
          <Methods>
            <Method visited="true" cyclomaticComplexity="0" nPathComplexity="0" sequenceCoverage="77.78" branchCoverage="0" crapScore="0" isConstructor="false" isStatic="false" isGetter="false" isSetter="false">
              <Summary numSequencePoints="18" visitedSequencePoints="14" numBranchPoints="0" visitedBranchPoints="0" sequenceCoverage="77.78" branchCoverage="0" maxCyclomaticComplexity="0" minCyclomaticComplexity="0" maxCrapScore="0" minCrapScore="0" visitedClasses="0" numClasses="0" visitedMethods="1" numMethods="1" />
              <MetadataToken>100663300</MetadataToken>
              <Name>System.Boolean GameIO::SaveToFile(ObjectManager/ObjectStructHolder)</Name>
              <FileRef uid="1" />
              <SequencePoints>
                <SequencePoint vc="7" uspid="1303" ordinal="0" offset="0" sl="20" sc="5" el="20" ec="5" bec="0" bev="0" fileid="1" />
                <SequencePoint vc="7" uspid="1304" ordinal="0" offset="1" sl="22" sc="9" el="22" ec="9" bec="0" bev="0" fileid="1" />
                <SequencePoint vc="1" uspid="1305" ordinal="0" offset="14" sl="23" sc="9" el="23" ec="9" bec="0" bev="0" fileid="1" />
                <SequencePoint vc="1" uspid="1306" ordinal="0" offset="15" sl="24" sc="13" el="24" ec="13" bec="0" bev="0" fileid="1" />
                <SequencePoint vc="1" uspid="1307" ordinal="0" offset="26" sl="25" sc="13" el="25" ec="13" bec="0" bev="0" fileid="1" />
                <SequencePoint vc="6" uspid="1308" ordinal="0" offset="30" sl="28" sc="9" el="28" ec="9" bec="0" bev="0" fileid="1" />
                <SequencePoint vc="6" uspid="1309" ordinal="0" offset="52" sl="30" sc="9" el="30" ec="9" bec="0" bev="0" fileid="1" />
                <SequencePoint vc="6" uspid="1310" ordinal="0" offset="64" sl="33" sc="9" el="33" ec="9" bec="0" bev="0" fileid="1" />
                <SequencePoint vc="6" uspid="1311" ordinal="0" offset="65" sl="34" sc="13" el="34" ec="13" bec="0" bev="0" fileid="1" />
                <SequencePoint vc="6" uspid="1312" ordinal="0" offset="74" sl="36" sc="13" el="36" ec="13" bec="0" bev="0" fileid="1" />
                <SequencePoint vc="6" uspid="1313" ordinal="0" offset="83" sl="37" sc="13" el="37" ec="13" bec="0" bev="0" fileid="1" />
                <SequencePoint vc="6" uspid="1314" ordinal="0" offset="91" sl="38" sc="9" el="38" ec="9" bec="0" bev="0" fileid="1" />
                <SequencePoint vc="0" uspid="1315" ordinal="0" offset="94" sl="39" sc="9" el="39" ec="9" bec="0" bev="0" fileid="1" />
                <SequencePoint vc="0" uspid="1316" ordinal="0" offset="96" sl="40" sc="9" el="40" ec="9" bec="0" bev="0" fileid="1" />
                <SequencePoint vc="0" uspid="1317" ordinal="0" offset="97" sl="42" sc="13" el="42" ec="13" bec="0" bev="0" fileid="1" />
                <SequencePoint vc="0" uspid="1318" ordinal="0" offset="120" sl="43" sc="13" el="43" ec="13" bec="0" bev="0" fileid="1" />
                <SequencePoint vc="6" uspid="1319" ordinal="0" offset="124" sl="47" sc="9" el="47" ec="9" bec="0" bev="0" fileid="1" />
                <SequencePoint vc="7" uspid="1320" ordinal="0" offset="128" sl="48" sc="5" el="48" ec="5" bec="0" bev="0" fileid="1" />
              </SequencePoints>
              <BranchPoints />
            </Method>
            <Method visited="true" cyclomaticComplexity="0" nPathComplexity="0" sequenceCoverage="68.00" branchCoverage="0" crapScore="0" isConstructor="false" isStatic="false" isGetter="false" isSetter="false">
              <Summary numSequencePoints="25" visitedSequencePoints="17" numBranchPoints="0" visitedBranchPoints="0" sequenceCoverage="68.00" branchCoverage="0" maxCyclomaticComplexity="0" minCyclomaticComplexity="0" maxCrapScore="0" minCrapScore="0" visitedClasses="0" numClasses="0" visitedMethods="1" numMethods="1" />
              <MetadataToken>100663301</MetadataToken>
              <Name>System.Boolean GameIO::ReadFromFile(ObjectManager/ObjectStructHolder&amp;)</Name>
              <FileRef uid="1" />
              <SequencePoints>
                <SequencePoint vc="4" uspid="1321" ordinal="0" offset="0" sl="56" sc="5" el="56" ec="5" bec="0" bev="0" fileid="1" />
                <SequencePoint vc="4" uspid="1322" ordinal="0" offset="1" sl="58" sc="9" el="58" ec="9" bec="0" bev="0" fileid="1" />
                <SequencePoint vc="4" uspid="1323" ordinal="0" offset="8" sl="60" sc="9" el="60" ec="9" bec="0" bev="0" fileid="1" />
                <SequencePoint vc="4" uspid="1324" ordinal="0" offset="30" sl="62" sc="9" el="62" ec="9" bec="0" bev="0" fileid="1" />
                <SequencePoint vc="1" uspid="1325" ordinal="0" offset="43" sl="63" sc="9" el="63" ec="9" bec="0" bev="0" fileid="1" />
                <SequencePoint vc="1" uspid="1326" ordinal="0" offset="44" sl="64" sc="13" el="64" ec="13" bec="0" bev="0" fileid="1" />
                <SequencePoint vc="1" uspid="1327" ordinal="0" offset="61" sl="65" sc="13" el="65" ec="13" bec="0" bev="0" fileid="1" />
                <SequencePoint vc="3" uspid="1328" ordinal="0" offset="66" sl="75" sc="9" el="75" ec="9" bec="0" bev="0" fileid="1" />
                <SequencePoint vc="3" uspid="1329" ordinal="0" offset="67" sl="76" sc="13" el="76" ec="13" bec="0" bev="0" fileid="1" />
                <SequencePoint vc="3" uspid="1330" ordinal="0" offset="75" sl="77" sc="13" el="77" ec="13" bec="0" bev="0" fileid="1" />
                <SequencePoint vc="3" uspid="1331" ordinal="0" offset="83" sl="78" sc="13" el="78" ec="13" bec="0" bev="0" fileid="1" />
                <SequencePoint vc="3" uspid="1332" ordinal="0" offset="91" sl="79" sc="9" el="79" ec="9" bec="0" bev="0" fileid="1" />
                <SequencePoint vc="0" uspid="1333" ordinal="0" offset="94" sl="80" sc="9" el="80" ec="9" bec="0" bev="0" fileid="1" />
                <SequencePoint vc="0" uspid="1334" ordinal="0" offset="96" sl="81" sc="9" el="81" ec="9" bec="0" bev="0" fileid="1" />
                <SequencePoint vc="0" uspid="1335" ordinal="0" offset="97" sl="83" sc="13" el="83" ec="13" bec="0" bev="0" fileid="1" />
                <SequencePoint vc="0" uspid="1336" ordinal="0" offset="120" sl="84" sc="13" el="84" ec="13" bec="0" bev="0" fileid="1" />
                <SequencePoint vc="3" uspid="1337" ordinal="0" offset="125" sl="89" sc="9" el="89" ec="9" bec="0" bev="0" fileid="1" />
                <SequencePoint vc="3" uspid="1338" ordinal="0" offset="126" sl="90" sc="13" el="90" ec="13" bec="0" bev="0" fileid="1" />
                <SequencePoint vc="3" uspid="1339" ordinal="0" offset="138" sl="91" sc="9" el="91" ec="9" bec="0" bev="0" fileid="1" />
                <SequencePoint vc="0" uspid="1340" ordinal="0" offset="141" sl="92" sc="9" el="92" ec="9" bec="0" bev="0" fileid="1" />
                <SequencePoint vc="0" uspid="1341" ordinal="0" offset="143" sl="93" sc="9" el="93" ec="9" bec="0" bev="0" fileid="1" />
                <SequencePoint vc="0" uspid="1342" ordinal="0" offset="144" sl="95" sc="13" el="95" ec="13" bec="0" bev="0" fileid="1" />
                <SequencePoint vc="0" uspid="1343" ordinal="0" offset="167" sl="96" sc="13" el="96" ec="13" bec="0" bev="0" fileid="1" />
                <SequencePoint vc="3" uspid="1344" ordinal="0" offset="171" sl="100" sc="9" el="100" ec="9" bec="0" bev="0" fileid="1" />
                <SequencePoint vc="4" uspid="1345" ordinal="0" offset="175" sl="101" sc="5" el="101" ec="5" bec="0" bev="0" fileid="1" />
              </SequencePoints>
              <BranchPoints />
            </Method>
            <Method visited="true" cyclomaticComplexity="0" nPathComplexity="0" sequenceCoverage="100.0" branchCoverage="0" crapScore="0" isConstructor="false" isStatic="false" isGetter="false" isSetter="false">
              <Summary numSequencePoints="3" visitedSequencePoints="3" numBranchPoints="0" visitedBranchPoints="0" sequenceCoverage="100.0" branchCoverage="0" maxCyclomaticComplexity="0" minCyclomaticComplexity="0" maxCrapScore="0" minCrapScore="0" visitedClasses="0" numClasses="0" visitedMethods="1" numMethods="1" />
              <MetadataToken>100663302</MetadataToken>
              <Name>System.String GameIO::GetFilePath()</Name>
              <FileRef uid="1" />
              <SequencePoints>
                <SequencePoint vc="5" uspid="1346" ordinal="0" offset="0" sl="108" sc="5" el="108" ec="5" bec="0" bev="0" fileid="1" />
                <SequencePoint vc="5" uspid="1347" ordinal="0" offset="1" sl="109" sc="9" el="109" ec="9" bec="0" bev="0" fileid="1" />
                <SequencePoint vc="5" uspid="1348" ordinal="0" offset="25" sl="110" sc="5" el="110" ec="5" bec="0" bev="0" fileid="1" />
              </SequencePoints>
              <BranchPoints />
            </Method>
            <Method visited="true" cyclomaticComplexity="0" nPathComplexity="0" sequenceCoverage="100.0" branchCoverage="0" crapScore="0" isConstructor="true" isStatic="false" isGetter="false" isSetter="false">
              <Summary numSequencePoints="1" visitedSequencePoints="1" numBranchPoints="0" visitedBranchPoints="0" sequenceCoverage="100.0" branchCoverage="0" maxCyclomaticComplexity="0" minCyclomaticComplexity="0" maxCrapScore="0" minCrapScore="0" visitedClasses="0" numClasses="0" visitedMethods="1" numMethods="1" />
              <MetadataToken>100663303</MetadataToken>
              <Name>GameIO::GameIO()</Name>
              <FileRef uid="1" />
              <SequencePoints>
                <SequencePoint vc="1" uspid="1349" ordinal="0" offset="0" sl="12" sc="63" el="12" ec="63" bec="0" bev="0" fileid="1" />
              </SequencePoints>
              <BranchPoints />
            </Method>
          </Methods>
        </Class>
        <Class>
          <Summary numSequencePoints="16" visitedSequencePoints="16" numBranchPoints="0" visitedBranchPoints="0" sequenceCoverage="100.0" branchCoverage="0.0" maxCyclomaticComplexity="0" minCyclomaticComplexity="0" maxCrapScore="0" minCrapScore="0" visitedClasses="1" numClasses="1" visitedMethods="2" numMethods="2" />
          <FullName>LevelObject</FullName>
          <Methods>
            <Method visited="true" cyclomaticComplexity="0" nPathComplexity="0" sequenceCoverage="100.0" branchCoverage="0" crapScore="0" isConstructor="false" isStatic="false" isGetter="false" isSetter="false">
              <Summary numSequencePoints="9" visitedSequencePoints="9" numBranchPoints="0" visitedBranchPoints="0" sequenceCoverage="100.0" branchCoverage="0" maxCyclomaticComplexity="0" minCyclomaticComplexity="0" maxCrapScore="0" minCrapScore="0" visitedClasses="0" numClasses="0" visitedMethods="1" numMethods="1" />
              <MetadataToken>100663306</MetadataToken>
              <Name>System.Void LevelObject::SetHighlighted(System.Boolean)</Name>
              <FileRef uid="2" />
              <SequencePoints>
                <SequencePoint vc="15" uspid="1356" ordinal="0" offset="0" sl="32" sc="50" el="32" ec="50" bec="0" bev="0" fileid="2" />
                <SequencePoint vc="15" uspid="1357" ordinal="0" offset="1" sl="33" sc="9" el="33" ec="9" bec="0" bev="0" fileid="2" />
                <SequencePoint vc="9" uspid="1358" ordinal="0" offset="6" sl="34" sc="9" el="34" ec="9" bec="0" bev="0" fileid="2" />
                <SequencePoint vc="9" uspid="1359" ordinal="0" offset="7" sl="35" sc="13" el="35" ec="13" bec="0" bev="0" fileid="2" />
                <SequencePoint vc="9" uspid="1360" ordinal="0" offset="25" sl="36" sc="9" el="36" ec="9" bec="0" bev="0" fileid="2" />
                <SequencePoint vc="6" uspid="1361" ordinal="0" offset="28" sl="38" sc="9" el="38" ec="9" bec="0" bev="0" fileid="2" />
                <SequencePoint vc="6" uspid="1362" ordinal="0" offset="29" sl="39" sc="13" el="39" ec="13" bec="0" bev="0" fileid="2" />
                <SequencePoint vc="6" uspid="1363" ordinal="0" offset="47" sl="40" sc="9" el="40" ec="9" bec="0" bev="0" fileid="2" />
                <SequencePoint vc="15" uspid="1364" ordinal="0" offset="48" sl="41" sc="5" el="41" ec="5" bec="0" bev="0" fileid="2" />
              </SequencePoints>
              <BranchPoints />
            </Method>
            <Method visited="true" cyclomaticComplexity="0" nPathComplexity="0" sequenceCoverage="100.0" branchCoverage="0" crapScore="0" isConstructor="false" isStatic="false" isGetter="false" isSetter="false">
              <Summary numSequencePoints="7" visitedSequencePoints="7" numBranchPoints="0" visitedBranchPoints="0" sequenceCoverage="100.0" branchCoverage="0" maxCyclomaticComplexity="0" minCyclomaticComplexity="0" maxCrapScore="0" minCrapScore="0" visitedClasses="0" numClasses="0" visitedMethods="1" numMethods="1" />
              <MetadataToken>100663307</MetadataToken>
              <Name>UnityEngine.Material LevelObject::GetMat(System.Boolean)</Name>
              <FileRef uid="2" />
              <SequencePoints>
                <SequencePoint vc="37" uspid="1365" ordinal="0" offset="0" sl="49" sc="5" el="49" ec="5" bec="0" bev="0" fileid="2" />
                <SequencePoint vc="37" uspid="1366" ordinal="0" offset="1" sl="50" sc="9" el="50" ec="9" bec="0" bev="0" fileid="2" />
                <SequencePoint vc="14" uspid="1367" ordinal="0" offset="6" sl="51" sc="9" el="51" ec="9" bec="0" bev="0" fileid="2" />
                <SequencePoint vc="14" uspid="1368" ordinal="0" offset="7" sl="52" sc="13" el="52" ec="13" bec="0" bev="0" fileid="2" />
                <SequencePoint vc="23" uspid="1369" ordinal="0" offset="16" sl="55" sc="9" el="55" ec="9" bec="0" bev="0" fileid="2" />
                <SequencePoint vc="23" uspid="1370" ordinal="0" offset="17" sl="56" sc="13" el="56" ec="13" bec="0" bev="0" fileid="2" />
                <SequencePoint vc="37" uspid="1371" ordinal="0" offset="26" sl="58" sc="5" el="58" ec="5" bec="0" bev="0" fileid="2" />
              </SequencePoints>
              <BranchPoints />
            </Method>
          </Methods>
        </Class>
        <Class>
          <Summary numSequencePoints="185" visitedSequencePoints="158" numBranchPoints="0" visitedBranchPoints="0" sequenceCoverage="85.41" branchCoverage="0.0" maxCyclomaticComplexity="0" minCyclomaticComplexity="0" maxCrapScore="0" minCrapScore="0" visitedClasses="1" numClasses="1" visitedMethods="19" numMethods="19" />
          <FullName>ObjectManager</FullName>
          <Methods>
            <Method visited="true" cyclomaticComplexity="0" nPathComplexity="0" sequenceCoverage="100.0" branchCoverage="0" crapScore="0" isConstructor="false" isStatic="false" isGetter="false" isSetter="false">
              <Summary numSequencePoints="11" visitedSequencePoints="11" numBranchPoints="0" visitedBranchPoints="0" sequenceCoverage="100.0" branchCoverage="0" maxCyclomaticComplexity="0" minCyclomaticComplexity="0" maxCrapScore="0" minCrapScore="0" visitedClasses="0" numClasses="0" visitedMethods="1" numMethods="1" />
              <MetadataToken>100663311</MetadataToken>
              <Name>System.Void ObjectManager::FindAllObjects()</Name>
              <FileRef uid="3" />
              <SequencePoints>
                <SequencePoint vc="1" uspid="1409" ordinal="0" offset="0" sl="225" sc="5" el="225" ec="5" bec="0" bev="0" fileid="3" />
                <SequencePoint vc="1" uspid="1410" ordinal="0" offset="1" sl="232" sc="5" el="232" ec="5" bec="0" bev="0" fileid="3" />
                <SequencePoint vc="1" uspid="1411" ordinal="0" offset="12" sl="233" sc="9" el="233" ec="9" bec="0" bev="0" fileid="3" />
                <SequencePoint vc="1" uspid="1412" ordinal="0" offset="18" sl="234" sc="9" el="234" ec="9" bec="0" bev="0" fileid="3" />
                <SequencePoint vc="1" uspid="1413" ordinal="0" offset="19" sl="234" sc="37" el="234" ec="37" bec="0" bev="0" fileid="3" />
                <SequencePoint vc="3" uspid="1414" ordinal="0" offset="25" sl="234" sc="18" el="234" ec="18" bec="0" bev="0" fileid="3" />
                <SequencePoint vc="3" uspid="1415" ordinal="0" offset="29" sl="235" sc="9" el="235" ec="9" bec="0" bev="0" fileid="3" />
                <SequencePoint vc="3" uspid="1416" ordinal="0" offset="30" sl="236" sc="13" el="236" ec="13" bec="0" bev="0" fileid="3" />
                <SequencePoint vc="3" uspid="1417" ordinal="0" offset="48" sl="237" sc="9" el="237" ec="9" bec="0" bev="0" fileid="3" />
                <SequencePoint vc="4" uspid="1418" ordinal="0" offset="53" sl="234" sc="34" el="234" ec="34" bec="0" bev="0" fileid="3" />
                <SequencePoint vc="1" uspid="1419" ordinal="0" offset="59" sl="238" sc="5" el="238" ec="5" bec="0" bev="0" fileid="3" />
              </SequencePoints>
              <BranchPoints />
            </Method>
            <Method visited="true" cyclomaticComplexity="0" nPathComplexity="0" sequenceCoverage="100.0" branchCoverage="0" crapScore="0" isConstructor="false" isStatic="false" isGetter="false" isSetter="false">
              <Summary numSequencePoints="6" visitedSequencePoints="6" numBranchPoints="0" visitedBranchPoints="0" sequenceCoverage="100.0" branchCoverage="0" maxCyclomaticComplexity="0" minCyclomaticComplexity="0" maxCrapScore="0" minCrapScore="0" visitedClasses="0" numClasses="0" visitedMethods="1" numMethods="1" />
              <MetadataToken>100663312</MetadataToken>
              <Name>UnityEngine.GameObject ObjectManager::AddItem(UnityEngine.Vector3)</Name>
              <FileRef uid="3" />
              <SequencePoints>
                <SequencePoint vc="26" uspid="1420" ordinal="0" offset="0" sl="246" sc="5" el="246" ec="5" bec="0" bev="0" fileid="3" />
                <SequencePoint vc="26" uspid="1421" ordinal="0" offset="1" sl="248" sc="9" el="248" ec="9" bec="0" bev="0" fileid="3" />
                <SequencePoint vc="26" uspid="1422" ordinal="0" offset="15" sl="251" sc="9" el="251" ec="9" bec="0" bev="0" fileid="3" />
                <SequencePoint vc="26" uspid="1423" ordinal="0" offset="33" sl="254" sc="9" el="254" ec="9" bec="0" bev="0" fileid="3" />
                <SequencePoint vc="26" uspid="1424" ordinal="0" offset="45" sl="257" sc="9" el="257" ec="9" bec="0" bev="0" fileid="3" />
                <SequencePoint vc="26" uspid="1425" ordinal="0" offset="49" sl="258" sc="5" el="258" ec="5" bec="0" bev="0" fileid="3" />
              </SequencePoints>
              <BranchPoints />
            </Method>
            <Method visited="true" cyclomaticComplexity="0" nPathComplexity="0" sequenceCoverage="100.0" branchCoverage="0" crapScore="0" isConstructor="false" isStatic="false" isGetter="false" isSetter="false">
              <Summary numSequencePoints="6" visitedSequencePoints="6" numBranchPoints="0" visitedBranchPoints="0" sequenceCoverage="100.0" branchCoverage="0" maxCyclomaticComplexity="0" minCyclomaticComplexity="0" maxCrapScore="0" minCrapScore="0" visitedClasses="0" numClasses="0" visitedMethods="1" numMethods="1" />
              <MetadataToken>100663313</MetadataToken>
              <Name>UnityEngine.GameObject ObjectManager::AddRandomItem()</Name>
              <FileRef uid="3" />
              <SequencePoints>
                <SequencePoint vc="7" uspid="1426" ordinal="0" offset="0" sl="265" sc="5" el="265" ec="5" bec="0" bev="0" fileid="3" />
                <SequencePoint vc="7" uspid="1427" ordinal="0" offset="1" sl="267" sc="9" el="267" ec="9" bec="0" bev="0" fileid="3" />
                <SequencePoint vc="7" uspid="1428" ordinal="0" offset="14" sl="270" sc="9" el="270" ec="9" bec="0" bev="0" fileid="3" />
                <SequencePoint vc="7" uspid="1429" ordinal="0" offset="32" sl="273" sc="9" el="273" ec="9" bec="0" bev="0" fileid="3" />
                <SequencePoint vc="7" uspid="1430" ordinal="0" offset="44" sl="276" sc="9" el="276" ec="9" bec="0" bev="0" fileid="3" />
                <SequencePoint vc="7" uspid="1431" ordinal="0" offset="48" sl="277" sc="5" el="277" ec="5" bec="0" bev="0" fileid="3" />
              </SequencePoints>
              <BranchPoints />
            </Method>
            <Method visited="true" cyclomaticComplexity="0" nPathComplexity="0" sequenceCoverage="100.0" branchCoverage="0" crapScore="0" isConstructor="false" isStatic="false" isGetter="false" isSetter="false">
              <Summary numSequencePoints="8" visitedSequencePoints="8" numBranchPoints="0" visitedBranchPoints="0" sequenceCoverage="100.0" branchCoverage="0" maxCyclomaticComplexity="0" minCyclomaticComplexity="0" maxCrapScore="0" minCrapScore="0" visitedClasses="0" numClasses="0" visitedMethods="1" numMethods="1" />
              <MetadataToken>100663314</MetadataToken>
              <Name>System.Void ObjectManager::AddRandomItemsEditor()</Name>
              <FileRef uid="3" />
              <SequencePoints>
                <SequencePoint vc="1" uspid="1432" ordinal="0" offset="0" sl="284" sc="5" el="284" ec="5" bec="0" bev="0" fileid="3" />
                <SequencePoint vc="1" uspid="1433" ordinal="0" offset="1" sl="285" sc="13" el="285" ec="13" bec="0" bev="0" fileid="3" />
                <SequencePoint vc="5" uspid="1434" ordinal="0" offset="5" sl="286" sc="9" el="286" ec="9" bec="0" bev="0" fileid="3" />
                <SequencePoint vc="5" uspid="1435" ordinal="0" offset="6" sl="287" sc="13" el="287" ec="13" bec="0" bev="0" fileid="3" />
                <SequencePoint vc="5" uspid="1436" ordinal="0" offset="13" sl="288" sc="9" el="288" ec="9" bec="0" bev="0" fileid="3" />
                <SequencePoint vc="5" uspid="1437" ordinal="0" offset="14" sl="285" sc="45" el="285" ec="45" bec="0" bev="0" fileid="3" />
                <SequencePoint vc="6" uspid="1438" ordinal="0" offset="18" sl="285" sc="24" el="285" ec="24" bec="0" bev="0" fileid="3" />
                <SequencePoint vc="1" uspid="1439" ordinal="0" offset="31" sl="289" sc="5" el="289" ec="5" bec="0" bev="0" fileid="3" />
              </SequencePoints>
              <BranchPoints />
            </Method>
            <Method visited="true" cyclomaticComplexity="0" nPathComplexity="0" sequenceCoverage="100.0" branchCoverage="0" crapScore="0" isConstructor="false" isStatic="false" isGetter="false" isSetter="false">
              <Summary numSequencePoints="6" visitedSequencePoints="6" numBranchPoints="0" visitedBranchPoints="0" sequenceCoverage="100.0" branchCoverage="0" maxCyclomaticComplexity="0" minCyclomaticComplexity="0" maxCrapScore="0" minCrapScore="0" visitedClasses="0" numClasses="0" visitedMethods="1" numMethods="1" />
              <MetadataToken>100663315</MetadataToken>
              <Name>UnityEngine.GameObject ObjectManager::AddBot(UnityEngine.Vector3)</Name>
              <FileRef uid="3" />
              <SequencePoints>
                <SequencePoint vc="20" uspid="1440" ordinal="0" offset="0" sl="297" sc="5" el="297" ec="5" bec="0" bev="0" fileid="3" />
                <SequencePoint vc="20" uspid="1441" ordinal="0" offset="1" sl="299" sc="9" el="299" ec="9" bec="0" bev="0" fileid="3" />
                <SequencePoint vc="20" uspid="1442" ordinal="0" offset="15" sl="302" sc="9" el="302" ec="9" bec="0" bev="0" fileid="3" />
                <SequencePoint vc="20" uspid="1443" ordinal="0" offset="33" sl="305" sc="9" el="305" ec="9" bec="0" bev="0" fileid="3" />
                <SequencePoint vc="20" uspid="1444" ordinal="0" offset="45" sl="308" sc="9" el="308" ec="9" bec="0" bev="0" fileid="3" />
                <SequencePoint vc="20" uspid="1445" ordinal="0" offset="49" sl="309" sc="5" el="309" ec="5" bec="0" bev="0" fileid="3" />
              </SequencePoints>
              <BranchPoints />
            </Method>
            <Method visited="true" cyclomaticComplexity="0" nPathComplexity="0" sequenceCoverage="100.0" branchCoverage="0" crapScore="0" isConstructor="false" isStatic="false" isGetter="false" isSetter="false">
              <Summary numSequencePoints="6" visitedSequencePoints="6" numBranchPoints="0" visitedBranchPoints="0" sequenceCoverage="100.0" branchCoverage="0" maxCyclomaticComplexity="0" minCyclomaticComplexity="0" maxCrapScore="0" minCrapScore="0" visitedClasses="0" numClasses="0" visitedMethods="1" numMethods="1" />
              <MetadataToken>100663316</MetadataToken>
              <Name>UnityEngine.GameObject ObjectManager::AddRandomBot()</Name>
              <FileRef uid="3" />
              <SequencePoints>
                <SequencePoint vc="10" uspid="1446" ordinal="0" offset="0" sl="316" sc="5" el="316" ec="5" bec="0" bev="0" fileid="3" />
                <SequencePoint vc="10" uspid="1447" ordinal="0" offset="1" sl="318" sc="9" el="318" ec="9" bec="0" bev="0" fileid="3" />
                <SequencePoint vc="10" uspid="1448" ordinal="0" offset="14" sl="321" sc="9" el="321" ec="9" bec="0" bev="0" fileid="3" />
                <SequencePoint vc="10" uspid="1449" ordinal="0" offset="32" sl="324" sc="9" el="324" ec="9" bec="0" bev="0" fileid="3" />
                <SequencePoint vc="10" uspid="1450" ordinal="0" offset="44" sl="327" sc="9" el="327" ec="9" bec="0" bev="0" fileid="3" />
                <SequencePoint vc="10" uspid="1451" ordinal="0" offset="48" sl="328" sc="5" el="328" ec="5" bec="0" bev="0" fileid="3" />
              </SequencePoints>
              <BranchPoints />
            </Method>
            <Method visited="true" cyclomaticComplexity="0" nPathComplexity="0" sequenceCoverage="100.0" branchCoverage="0" crapScore="0" isConstructor="false" isStatic="false" isGetter="false" isSetter="false">
              <Summary numSequencePoints="8" visitedSequencePoints="8" numBranchPoints="0" visitedBranchPoints="0" sequenceCoverage="100.0" branchCoverage="0" maxCyclomaticComplexity="0" minCyclomaticComplexity="0" maxCrapScore="0" minCrapScore="0" visitedClasses="0" numClasses="0" visitedMethods="1" numMethods="1" />
              <MetadataToken>100663317</MetadataToken>
              <Name>System.Void ObjectManager::AddRandomBotsEditor()</Name>
              <FileRef uid="3" />
              <SequencePoints>
                <SequencePoint vc="2" uspid="1452" ordinal="0" offset="0" sl="335" sc="5" el="335" ec="5" bec="0" bev="0" fileid="3" />
                <SequencePoint vc="2" uspid="1453" ordinal="0" offset="1" sl="336" sc="14" el="336" ec="14" bec="0" bev="0" fileid="3" />
                <SequencePoint vc="9" uspid="1454" ordinal="0" offset="5" sl="337" sc="9" el="337" ec="9" bec="0" bev="0" fileid="3" />
                <SequencePoint vc="9" uspid="1455" ordinal="0" offset="6" sl="338" sc="13" el="338" ec="13" bec="0" bev="0" fileid="3" />
                <SequencePoint vc="9" uspid="1456" ordinal="0" offset="13" sl="339" sc="9" el="339" ec="9" bec="0" bev="0" fileid="3" />
                <SequencePoint vc="9" uspid="1457" ordinal="0" offset="14" sl="336" sc="45" el="336" ec="45" bec="0" bev="0" fileid="3" />
                <SequencePoint vc="11" uspid="1458" ordinal="0" offset="18" sl="336" sc="25" el="336" ec="25" bec="0" bev="0" fileid="3" />
                <SequencePoint vc="2" uspid="1459" ordinal="0" offset="31" sl="340" sc="5" el="340" ec="5" bec="0" bev="0" fileid="3" />
              </SequencePoints>
              <BranchPoints />
            </Method>
            <Method visited="true" cyclomaticComplexity="0" nPathComplexity="0" sequenceCoverage="100.0" branchCoverage="0" crapScore="0" isConstructor="false" isStatic="false" isGetter="false" isSetter="false">
              <Summary numSequencePoints="4" visitedSequencePoints="4" numBranchPoints="0" visitedBranchPoints="0" sequenceCoverage="100.0" branchCoverage="0" maxCyclomaticComplexity="0" minCyclomaticComplexity="0" maxCrapScore="0" minCrapScore="0" visitedClasses="0" numClasses="0" visitedMethods="1" numMethods="1" />
              <MetadataToken>100663318</MetadataToken>
              <Name>UnityEngine.GameObject ObjectManager::AddRandomObject(UnityEngine.GameObject)</Name>
              <FileRef uid="3" />
              <SequencePoints>
                <SequencePoint vc="17" uspid="1460" ordinal="0" offset="0" sl="350" sc="5" el="350" ec="5" bec="0" bev="0" fileid="3" />
                <SequencePoint vc="17" uspid="1461" ordinal="0" offset="1" sl="352" sc="9" el="352" ec="9" bec="0" bev="0" fileid="3" />
                <SequencePoint vc="17" uspid="1462" ordinal="0" offset="39" sl="354" sc="9" el="354" ec="9" bec="0" bev="0" fileid="3" />
                <SequencePoint vc="17" uspid="1463" ordinal="0" offset="50" sl="355" sc="5" el="355" ec="5" bec="0" bev="0" fileid="3" />
              </SequencePoints>
              <BranchPoints />
            </Method>
            <Method visited="true" cyclomaticComplexity="0" nPathComplexity="0" sequenceCoverage="60.00" branchCoverage="0" crapScore="0" isConstructor="false" isStatic="false" isGetter="false" isSetter="false">
              <Summary numSequencePoints="10" visitedSequencePoints="6" numBranchPoints="0" visitedBranchPoints="0" sequenceCoverage="60.00" branchCoverage="0" maxCyclomaticComplexity="0" minCyclomaticComplexity="0" maxCrapScore="0" minCrapScore="0" visitedClasses="0" numClasses="0" visitedMethods="1" numMethods="1" />
              <MetadataToken>100663319</MetadataToken>
              <Name>UnityEngine.GameObject ObjectManager::SpawnObject(UnityEngine.GameObject, UnityEngine.Vector3)</Name>
              <FileRef uid="3" />
              <SequencePoints>
                <SequencePoint vc="65" uspid="1464" ordinal="0" offset="0" sl="364" sc="5" el="364" ec="5" bec="0" bev="0" fileid="3" />
                <SequencePoint vc="65" uspid="1465" ordinal="0" offset="1" sl="366" sc="9" el="366" ec="9" bec="0" bev="0" fileid="3" />
                <SequencePoint vc="65" uspid="1466" ordinal="0" offset="14" sl="368" sc="9" el="368" ec="9" bec="0" bev="0" fileid="3" />
                <SequencePoint vc="65" uspid="1467" ordinal="0" offset="27" sl="370" sc="9" el="370" ec="9" bec="0" bev="0" fileid="3" />
                <SequencePoint vc="0" uspid="1468" ordinal="0" offset="36" sl="371" sc="9" el="371" ec="9" bec="0" bev="0" fileid="3" />
                <SequencePoint vc="0" uspid="1469" ordinal="0" offset="37" sl="372" sc="13" el="372" ec="13" bec="0" bev="0" fileid="3" />
                <SequencePoint vc="0" uspid="1470" ordinal="0" offset="55" sl="373" sc="13" el="373" ec="13" bec="0" bev="0" fileid="3" />
                <SequencePoint vc="0" uspid="1471" ordinal="0" offset="68" sl="375" sc="9" el="375" ec="9" bec="0" bev="0" fileid="3" />
                <SequencePoint vc="65" uspid="1472" ordinal="0" offset="69" sl="376" sc="9" el="376" ec="9" bec="0" bev="0" fileid="3" />
                <SequencePoint vc="65" uspid="1473" ordinal="0" offset="73" sl="377" sc="5" el="377" ec="5" bec="0" bev="0" fileid="3" />
              </SequencePoints>
              <BranchPoints />
            </Method>
            <Method visited="true" cyclomaticComplexity="0" nPathComplexity="0" sequenceCoverage="85.00" branchCoverage="0" crapScore="0" isConstructor="false" isStatic="false" isGetter="false" isSetter="false">
              <Summary numSequencePoints="20" visitedSequencePoints="17" numBranchPoints="0" visitedBranchPoints="0" sequenceCoverage="85.00" branchCoverage="0" maxCyclomaticComplexity="0" minCyclomaticComplexity="0" maxCrapScore="0" minCrapScore="0" visitedClasses="0" numClasses="0" visitedMethods="1" numMethods="1" />
              <MetadataToken>100663320</MetadataToken>
              <Name>System.Void ObjectManager::ClearLevelObjects()</Name>
              <FileRef uid="3" />
              <SequencePoints>
                <SequencePoint vc="25" uspid="1474" ordinal="0" offset="0" sl="384" sc="5" el="384" ec="5" bec="0" bev="0" fileid="3" />
                <SequencePoint vc="25" uspid="1475" ordinal="0" offset="1" sl="386" sc="9" el="386" ec="9" bec="0" bev="0" fileid="3" />
                <SequencePoint vc="25" uspid="1476" ordinal="0" offset="2" sl="386" sc="35" el="386" ec="35" bec="0" bev="0" fileid="3" />
                <SequencePoint vc="64" uspid="1477" ordinal="0" offset="16" sl="386" sc="17" el="386" ec="17" bec="0" bev="0" fileid="3" />
                <SequencePoint vc="64" uspid="1478" ordinal="0" offset="24" sl="387" sc="9" el="387" ec="9" bec="0" bev="0" fileid="3" />
                <SequencePoint vc="64" uspid="1479" ordinal="0" offset="25" sl="388" sc="13" el="388" ec="13" bec="0" bev="0" fileid="3" />
                <SequencePoint vc="64" uspid="1480" ordinal="0" offset="35" sl="389" sc="13" el="389" ec="13" bec="0" bev="0" fileid="3" />
                <SequencePoint vc="64" uspid="1481" ordinal="0" offset="36" sl="391" sc="17" el="391" ec="17" bec="0" bev="0" fileid="3" />
                <SequencePoint vc="64" uspid="1482" ordinal="0" offset="48" sl="392" sc="17" el="392" ec="17" bec="0" bev="0" fileid="3" />
                <SequencePoint vc="64" uspid="1483" ordinal="0" offset="49" sl="393" sc="21" el="393" ec="21" bec="0" bev="0" fileid="3" />
                <SequencePoint vc="64" uspid="1484" ordinal="0" offset="56" sl="394" sc="17" el="394" ec="17" bec="0" bev="0" fileid="3" />
                <SequencePoint vc="0" uspid="1485" ordinal="0" offset="59" sl="396" sc="17" el="396" ec="17" bec="0" bev="0" fileid="3" />
                <SequencePoint vc="0" uspid="1486" ordinal="0" offset="60" sl="397" sc="21" el="397" ec="21" bec="0" bev="0" fileid="3" />
                <SequencePoint vc="0" uspid="1487" ordinal="0" offset="67" sl="398" sc="17" el="398" ec="17" bec="0" bev="0" fileid="3" />
                <SequencePoint vc="64" uspid="1488" ordinal="0" offset="68" sl="399" sc="13" el="399" ec="13" bec="0" bev="0" fileid="3" />
                <SequencePoint vc="64" uspid="1489" ordinal="0" offset="69" sl="400" sc="9" el="400" ec="9" bec="0" bev="0" fileid="3" />
                <SequencePoint vc="89" uspid="1490" ordinal="0" offset="70" sl="386" sc="32" el="386" ec="32" bec="0" bev="0" fileid="3" />
                <SequencePoint vc="25" uspid="1491" ordinal="0" offset="96" sl="402" sc="9" el="402" ec="9" bec="0" bev="0" fileid="3" />
                <SequencePoint vc="25" uspid="1492" ordinal="0" offset="107" sl="404" sc="9" el="404" ec="9" bec="0" bev="0" fileid="3" />
                <SequencePoint vc="25" uspid="1493" ordinal="0" offset="125" sl="405" sc="5" el="405" ec="5" bec="0" bev="0" fileid="3" />
              </SequencePoints>
              <BranchPoints />
            </Method>
            <Method visited="true" cyclomaticComplexity="0" nPathComplexity="0" sequenceCoverage="28.00" branchCoverage="0" crapScore="0" isConstructor="false" isStatic="false" isGetter="false" isSetter="false">
              <Summary numSequencePoints="25" visitedSequencePoints="7" numBranchPoints="0" visitedBranchPoints="0" sequenceCoverage="28.00" branchCoverage="0" maxCyclomaticComplexity="0" minCyclomaticComplexity="0" maxCrapScore="0" minCrapScore="0" visitedClasses="0" numClasses="0" visitedMethods="1" numMethods="1" />
              <MetadataToken>100663321</MetadataToken>
              <Name>System.Void ObjectManager::OnValidate()</Name>
              <FileRef uid="3" />
              <SequencePoints>
                <SequencePoint vc="1" uspid="1494" ordinal="0" offset="0" sl="413" sc="5" el="413" ec="5" bec="0" bev="0" fileid="3" />
                <SequencePoint vc="1" uspid="1495" ordinal="0" offset="1" sl="414" sc="9" el="414" ec="9" bec="0" bev="0" fileid="3" />
                <SequencePoint vc="0" uspid="1496" ordinal="0" offset="10" sl="415" sc="9" el="415" ec="9" bec="0" bev="0" fileid="3" />
                <SequencePoint vc="0" uspid="1497" ordinal="0" offset="11" sl="417" sc="13" el="417" ec="13" bec="0" bev="0" fileid="3" />
                <SequencePoint vc="1" uspid="1498" ordinal="0" offset="16" sl="420" sc="9" el="420" ec="9" bec="0" bev="0" fileid="3" />
                <SequencePoint vc="0" uspid="1499" ordinal="0" offset="40" sl="421" sc="9" el="421" ec="9" bec="0" bev="0" fileid="3" />
                <SequencePoint vc="0" uspid="1500" ordinal="0" offset="41" sl="422" sc="13" el="422" ec="13" bec="0" bev="0" fileid="3" />
                <SequencePoint vc="0" uspid="1501" ordinal="0" offset="53" sl="423" sc="13" el="423" ec="13" bec="0" bev="0" fileid="3" />
                <SequencePoint vc="0" uspid="1502" ordinal="0" offset="71" sl="424" sc="9" el="424" ec="9" bec="0" bev="0" fileid="3" />
                <SequencePoint vc="1" uspid="1503" ordinal="0" offset="72" sl="427" sc="9" el="427" ec="9" bec="0" bev="0" fileid="3" />
                <SequencePoint vc="0" uspid="1504" ordinal="0" offset="96" sl="428" sc="9" el="428" ec="9" bec="0" bev="0" fileid="3" />
                <SequencePoint vc="0" uspid="1505" ordinal="0" offset="97" sl="429" sc="13" el="429" ec="13" bec="0" bev="0" fileid="3" />
                <SequencePoint vc="0" uspid="1506" ordinal="0" offset="109" sl="430" sc="13" el="430" ec="13" bec="0" bev="0" fileid="3" />
                <SequencePoint vc="0" uspid="1507" ordinal="0" offset="127" sl="431" sc="9" el="431" ec="9" bec="0" bev="0" fileid="3" />
                <SequencePoint vc="1" uspid="1508" ordinal="0" offset="128" sl="434" sc="9" el="434" ec="9" bec="0" bev="0" fileid="3" />
                <SequencePoint vc="0" uspid="1509" ordinal="0" offset="152" sl="435" sc="9" el="435" ec="9" bec="0" bev="0" fileid="3" />
                <SequencePoint vc="0" uspid="1510" ordinal="0" offset="153" sl="436" sc="13" el="436" ec="13" bec="0" bev="0" fileid="3" />
                <SequencePoint vc="0" uspid="1511" ordinal="0" offset="165" sl="437" sc="13" el="437" ec="13" bec="0" bev="0" fileid="3" />
                <SequencePoint vc="0" uspid="1512" ordinal="0" offset="183" sl="438" sc="9" el="438" ec="9" bec="0" bev="0" fileid="3" />
                <SequencePoint vc="1" uspid="1513" ordinal="0" offset="184" sl="441" sc="9" el="441" ec="9" bec="0" bev="0" fileid="3" />
                <SequencePoint vc="0" uspid="1514" ordinal="0" offset="210" sl="442" sc="9" el="442" ec="9" bec="0" bev="0" fileid="3" />
                <SequencePoint vc="0" uspid="1515" ordinal="0" offset="211" sl="443" sc="13" el="443" ec="13" bec="0" bev="0" fileid="3" />
                <SequencePoint vc="0" uspid="1516" ordinal="0" offset="223" sl="444" sc="13" el="444" ec="13" bec="0" bev="0" fileid="3" />
                <SequencePoint vc="0" uspid="1517" ordinal="0" offset="241" sl="445" sc="9" el="445" ec="9" bec="0" bev="0" fileid="3" />
                <SequencePoint vc="1" uspid="1518" ordinal="0" offset="242" sl="446" sc="5" el="446" ec="5" bec="0" bev="0" fileid="3" />
              </SequencePoints>
              <BranchPoints />
            </Method>
            <Method visited="true" cyclomaticComplexity="0" nPathComplexity="0" sequenceCoverage="100.0" branchCoverage="0" crapScore="0" isConstructor="false" isStatic="false" isGetter="false" isSetter="false">
              <Summary numSequencePoints="22" visitedSequencePoints="22" numBranchPoints="0" visitedBranchPoints="0" sequenceCoverage="100.0" branchCoverage="0" maxCyclomaticComplexity="0" minCyclomaticComplexity="0" maxCrapScore="0" minCrapScore="0" visitedClasses="0" numClasses="0" visitedMethods="1" numMethods="1" />
              <MetadataToken>100663326</MetadataToken>
              <Name>System.Void ObjectManager::SaveLevelToFile()</Name>
              <FileRef uid="3" />
              <SequencePoints>
                <SequencePoint vc="2" uspid="1545" ordinal="0" offset="0" sl="518" sc="5" el="518" ec="5" bec="0" bev="0" fileid="3" />
                <SequencePoint vc="2" uspid="1546" ordinal="0" offset="1" sl="520" sc="9" el="520" ec="9" bec="0" bev="0" fileid="3" />
                <SequencePoint vc="2" uspid="1547" ordinal="0" offset="36" sl="530" sc="9" el="530" ec="9" bec="0" bev="0" fileid="3" />
                <SequencePoint vc="2" uspid="1548" ordinal="0" offset="37" sl="530" sc="36" el="530" ec="36" bec="0" bev="0" fileid="3" />
                <SequencePoint vc="4" uspid="1549" ordinal="0" offset="51" sl="530" sc="18" el="530" ec="18" bec="0" bev="0" fileid="3" />
                <SequencePoint vc="4" uspid="1550" ordinal="0" offset="59" sl="531" sc="9" el="531" ec="9" bec="0" bev="0" fileid="3" />
                <SequencePoint vc="4" uspid="1551" ordinal="0" offset="60" sl="533" sc="13" el="533" ec="13" bec="0" bev="0" fileid="3" />
                <SequencePoint vc="2" uspid="1552" ordinal="0" offset="80" sl="534" sc="13" el="534" ec="13" bec="0" bev="0" fileid="3" />
                <SequencePoint vc="2" uspid="1553" ordinal="0" offset="81" sl="535" sc="17" el="535" ec="17" bec="0" bev="0" fileid="3" />
                <SequencePoint vc="2" uspid="1554" ordinal="0" offset="105" sl="536" sc="13" el="536" ec="13" bec="0" bev="0" fileid="3" />
                <SequencePoint vc="2" uspid="1555" ordinal="0" offset="108" sl="539" sc="13" el="539" ec="13" bec="0" bev="0" fileid="3" />
                <SequencePoint vc="2" uspid="1556" ordinal="0" offset="109" sl="540" sc="17" el="540" ec="17" bec="0" bev="0" fileid="3" />
                <SequencePoint vc="2" uspid="1557" ordinal="0" offset="133" sl="541" sc="13" el="541" ec="13" bec="0" bev="0" fileid="3" />
                <SequencePoint vc="4" uspid="1558" ordinal="0" offset="134" sl="542" sc="9" el="542" ec="9" bec="0" bev="0" fileid="3" />
                <SequencePoint vc="6" uspid="1559" ordinal="0" offset="135" sl="530" sc="33" el="530" ec="33" bec="0" bev="0" fileid="3" />
                <SequencePoint vc="2" uspid="1560" ordinal="0" offset="161" sl="544" sc="9" el="544" ec="9" bec="0" bev="0" fileid="3" />
                <SequencePoint vc="2" uspid="1561" ordinal="0" offset="169" sl="545" sc="9" el="545" ec="9" bec="0" bev="0" fileid="3" />
                <SequencePoint vc="2" uspid="1562" ordinal="0" offset="177" sl="547" sc="9" el="547" ec="9" bec="0" bev="0" fileid="3" />
                <SequencePoint vc="2" uspid="1563" ordinal="0" offset="195" sl="548" sc="9" el="548" ec="9" bec="0" bev="0" fileid="3" />
                <SequencePoint vc="2" uspid="1564" ordinal="0" offset="196" sl="550" sc="13" el="550" ec="13" bec="0" bev="0" fileid="3" />
                <SequencePoint vc="2" uspid="1565" ordinal="0" offset="207" sl="551" sc="9" el="551" ec="9" bec="0" bev="0" fileid="3" />
                <SequencePoint vc="2" uspid="1566" ordinal="0" offset="208" sl="552" sc="5" el="552" ec="5" bec="0" bev="0" fileid="3" />
              </SequencePoints>
              <BranchPoints />
            </Method>
            <Method visited="true" cyclomaticComplexity="0" nPathComplexity="0" sequenceCoverage="92.00" branchCoverage="0" crapScore="0" isConstructor="false" isStatic="false" isGetter="false" isSetter="false">
              <Summary numSequencePoints="25" visitedSequencePoints="23" numBranchPoints="0" visitedBranchPoints="0" sequenceCoverage="92.00" branchCoverage="0" maxCyclomaticComplexity="0" minCyclomaticComplexity="0" maxCrapScore="0" minCrapScore="0" visitedClasses="0" numClasses="0" visitedMethods="1" numMethods="1" />
              <MetadataToken>100663327</MetadataToken>
              <Name>System.Void ObjectManager::LoadFromFile()</Name>
              <FileRef uid="3" />
              <SequencePoints>
                <SequencePoint vc="1" uspid="1567" ordinal="0" offset="0" sl="559" sc="5" el="559" ec="5" bec="0" bev="0" fileid="3" />
                <SequencePoint vc="1" uspid="1568" ordinal="0" offset="1" sl="562" sc="9" el="562" ec="9" bec="0" bev="0" fileid="3" />
                <SequencePoint vc="0" uspid="1569" ordinal="0" offset="21" sl="563" sc="9" el="563" ec="9" bec="0" bev="0" fileid="3" />
                <SequencePoint vc="0" uspid="1570" ordinal="0" offset="22" sl="565" sc="13" el="565" ec="13" bec="0" bev="0" fileid="3" />
                <SequencePoint vc="1" uspid="1571" ordinal="0" offset="27" sl="569" sc="9" el="569" ec="9" bec="0" bev="0" fileid="3" />
                <SequencePoint vc="1" uspid="1572" ordinal="0" offset="34" sl="573" sc="9" el="573" ec="9" bec="0" bev="0" fileid="3" />
                <SequencePoint vc="1" uspid="1573" ordinal="0" offset="35" sl="573" sc="37" el="573" ec="37" bec="0" bev="0" fileid="3" />
                <SequencePoint vc="3" uspid="1574" ordinal="0" offset="52" sl="573" sc="17" el="573" ec="17" bec="0" bev="0" fileid="3" />
                <SequencePoint vc="3" uspid="1575" ordinal="0" offset="61" sl="574" sc="9" el="574" ec="9" bec="0" bev="0" fileid="3" />
                <SequencePoint vc="3" uspid="1576" ordinal="0" offset="62" sl="576" sc="13" el="576" ec="13" bec="0" bev="0" fileid="3" />
                <SequencePoint vc="1" uspid="1577" ordinal="0" offset="99" sl="580" sc="21" el="580" ec="21" bec="0" bev="0" fileid="3" />
                <SequencePoint vc="1" uspid="1578" ordinal="0" offset="123" sl="581" sc="21" el="581" ec="21" bec="0" bev="0" fileid="3" />
                <SequencePoint vc="1" uspid="1579" ordinal="0" offset="125" sl="584" sc="21" el="584" ec="21" bec="0" bev="0" fileid="3" />
                <SequencePoint vc="1" uspid="1580" ordinal="0" offset="145" sl="585" sc="21" el="585" ec="21" bec="0" bev="0" fileid="3" />
                <SequencePoint vc="1" uspid="1581" ordinal="0" offset="163" sl="586" sc="21" el="586" ec="21" bec="0" bev="0" fileid="3" />
                <SequencePoint vc="1" uspid="1582" ordinal="0" offset="175" sl="587" sc="21" el="587" ec="21" bec="0" bev="0" fileid="3" />
                <SequencePoint vc="1" uspid="1583" ordinal="0" offset="177" sl="590" sc="21" el="590" ec="21" bec="0" bev="0" fileid="3" />
                <SequencePoint vc="1" uspid="1584" ordinal="0" offset="197" sl="591" sc="21" el="591" ec="21" bec="0" bev="0" fileid="3" />
                <SequencePoint vc="1" uspid="1585" ordinal="0" offset="215" sl="592" sc="21" el="592" ec="21" bec="0" bev="0" fileid="3" />
                <SequencePoint vc="1" uspid="1586" ordinal="0" offset="227" sl="593" sc="21" el="593" ec="21" bec="0" bev="0" fileid="3" />
                <SequencePoint vc="3" uspid="1587" ordinal="0" offset="229" sl="595" sc="9" el="595" ec="9" bec="0" bev="0" fileid="3" />
                <SequencePoint vc="4" uspid="1588" ordinal="0" offset="230" sl="573" sc="34" el="573" ec="34" bec="0" bev="0" fileid="3" />
                <SequencePoint vc="1" uspid="1589" ordinal="0" offset="259" sl="596" sc="9" el="596" ec="9" bec="0" bev="0" fileid="3" />
                <SequencePoint vc="1" uspid="1590" ordinal="0" offset="277" sl="597" sc="9" el="597" ec="9" bec="0" bev="0" fileid="3" />
                <SequencePoint vc="1" uspid="1591" ordinal="0" offset="289" sl="598" sc="5" el="598" ec="5" bec="0" bev="0" fileid="3" />
              </SequencePoints>
              <BranchPoints />
            </Method>
            <Method visited="true" cyclomaticComplexity="0" nPathComplexity="0" sequenceCoverage="100.0" branchCoverage="0" crapScore="0" isConstructor="false" isStatic="false" isGetter="false" isSetter="false">
              <Summary numSequencePoints="3" visitedSequencePoints="3" numBranchPoints="0" visitedBranchPoints="0" sequenceCoverage="100.0" branchCoverage="0" maxCyclomaticComplexity="0" minCyclomaticComplexity="0" maxCrapScore="0" minCrapScore="0" visitedClasses="0" numClasses="0" visitedMethods="1" numMethods="1" />
              <MetadataToken>100663328</MetadataToken>
              <Name>System.Collections.Generic.List[GameObject] ObjectManager::GetLevelObjects()</Name>
              <FileRef uid="3" />
              <SequencePoints>
                <SequencePoint vc="6" uspid="1592" ordinal="0" offset="0" sl="611" sc="5" el="611" ec="5" bec="0" bev="0" fileid="3" />
                <SequencePoint vc="6" uspid="1593" ordinal="0" offset="1" sl="612" sc="9" el="612" ec="9" bec="0" bev="0" fileid="3" />
                <SequencePoint vc="6" uspid="1594" ordinal="0" offset="10" sl="613" sc="5" el="613" ec="5" bec="0" bev="0" fileid="3" />
              </SequencePoints>
              <BranchPoints />
            </Method>
            <Method visited="true" cyclomaticComplexity="0" nPathComplexity="0" sequenceCoverage="100.0" branchCoverage="0" crapScore="0" isConstructor="false" isStatic="false" isGetter="false" isSetter="false">
              <Summary numSequencePoints="3" visitedSequencePoints="3" numBranchPoints="0" visitedBranchPoints="0" sequenceCoverage="100.0" branchCoverage="0" maxCyclomaticComplexity="0" minCyclomaticComplexity="0" maxCrapScore="0" minCrapScore="0" visitedClasses="0" numClasses="0" visitedMethods="1" numMethods="1" />
              <MetadataToken>100663329</MetadataToken>
              <Name>System.Single ObjectManager::GetSpawnRadius()</Name>
              <FileRef uid="3" />
              <SequencePoints>
                <SequencePoint vc="12" uspid="1595" ordinal="0" offset="0" sl="620" sc="5" el="620" ec="5" bec="0" bev="0" fileid="3" />
                <SequencePoint vc="12" uspid="1596" ordinal="0" offset="1" sl="621" sc="9" el="621" ec="9" bec="0" bev="0" fileid="3" />
                <SequencePoint vc="12" uspid="1597" ordinal="0" offset="10" sl="622" sc="5" el="622" ec="5" bec="0" bev="0" fileid="3" />
              </SequencePoints>
              <BranchPoints />
            </Method>
            <Method visited="true" cyclomaticComplexity="0" nPathComplexity="0" sequenceCoverage="100.0" branchCoverage="0" crapScore="0" isConstructor="false" isStatic="false" isGetter="false" isSetter="false">
              <Summary numSequencePoints="3" visitedSequencePoints="3" numBranchPoints="0" visitedBranchPoints="0" sequenceCoverage="100.0" branchCoverage="0" maxCyclomaticComplexity="0" minCyclomaticComplexity="0" maxCrapScore="0" minCrapScore="0" visitedClasses="0" numClasses="0" visitedMethods="1" numMethods="1" />
              <MetadataToken>100663330</MetadataToken>
              <Name>UnityEngine.Vector3 ObjectManager::GetSpawnOrigin()</Name>
              <FileRef uid="3" />
              <SequencePoints>
                <SequencePoint vc="12" uspid="1598" ordinal="0" offset="0" sl="629" sc="5" el="629" ec="5" bec="0" bev="0" fileid="3" />
                <SequencePoint vc="12" uspid="1599" ordinal="0" offset="1" sl="630" sc="9" el="630" ec="9" bec="0" bev="0" fileid="3" />
                <SequencePoint vc="12" uspid="1600" ordinal="0" offset="10" sl="631" sc="5" el="631" ec="5" bec="0" bev="0" fileid="3" />
              </SequencePoints>
              <BranchPoints />
            </Method>
            <Method visited="true" cyclomaticComplexity="0" nPathComplexity="0" sequenceCoverage="100.0" branchCoverage="0" crapScore="0" isConstructor="false" isStatic="false" isGetter="false" isSetter="false">
              <Summary numSequencePoints="3" visitedSequencePoints="3" numBranchPoints="0" visitedBranchPoints="0" sequenceCoverage="100.0" branchCoverage="0" maxCyclomaticComplexity="0" minCyclomaticComplexity="0" maxCrapScore="0" minCrapScore="0" visitedClasses="0" numClasses="0" visitedMethods="1" numMethods="1" />
              <MetadataToken>100663332</MetadataToken>
              <Name>System.Void ObjectManager::SetBotSpawnCount(System.Int32)</Name>
              <FileRef uid="3" />
              <SequencePoints>
                <SequencePoint vc="2" uspid="1604" ordinal="0" offset="0" sl="647" sc="5" el="647" ec="5" bec="0" bev="0" fileid="3" />
                <SequencePoint vc="2" uspid="1605" ordinal="0" offset="1" sl="648" sc="9" el="648" ec="9" bec="0" bev="0" fileid="3" />
                <SequencePoint vc="2" uspid="1606" ordinal="0" offset="8" sl="649" sc="5" el="649" ec="5" bec="0" bev="0" fileid="3" />
              </SequencePoints>
              <BranchPoints />
            </Method>
            <Method visited="true" cyclomaticComplexity="0" nPathComplexity="0" sequenceCoverage="100.0" branchCoverage="0" crapScore="0" isConstructor="false" isStatic="false" isGetter="false" isSetter="false">
              <Summary numSequencePoints="3" visitedSequencePoints="3" numBranchPoints="0" visitedBranchPoints="0" sequenceCoverage="100.0" branchCoverage="0" maxCyclomaticComplexity="0" minCyclomaticComplexity="0" maxCrapScore="0" minCrapScore="0" visitedClasses="0" numClasses="0" visitedMethods="1" numMethods="1" />
              <MetadataToken>100663334</MetadataToken>
              <Name>System.Void ObjectManager::SetItemSpawnCount(System.Int32)</Name>
              <FileRef uid="3" />
              <SequencePoints>
                <SequencePoint vc="1" uspid="1610" ordinal="0" offset="0" sl="665" sc="5" el="665" ec="5" bec="0" bev="0" fileid="3" />
                <SequencePoint vc="1" uspid="1611" ordinal="0" offset="1" sl="666" sc="9" el="666" ec="9" bec="0" bev="0" fileid="3" />
                <SequencePoint vc="1" uspid="1612" ordinal="0" offset="8" sl="667" sc="5" el="667" ec="5" bec="0" bev="0" fileid="3" />
              </SequencePoints>
              <BranchPoints />
            </Method>
            <Method visited="true" cyclomaticComplexity="0" nPathComplexity="0" sequenceCoverage="100.0" branchCoverage="0" crapScore="0" isConstructor="true" isStatic="false" isGetter="false" isSetter="false">
              <Summary numSequencePoints="13" visitedSequencePoints="13" numBranchPoints="0" visitedBranchPoints="0" sequenceCoverage="100.0" branchCoverage="0" maxCyclomaticComplexity="0" minCyclomaticComplexity="0" maxCrapScore="0" minCrapScore="0" visitedClasses="0" numClasses="0" visitedMethods="1" numMethods="1" />
              <MetadataToken>100663335</MetadataToken>
              <Name>ObjectManager::ObjectManager()</Name>
              <FileRef uid="3" />
              <SequencePoints>
                <SequencePoint vc="1" uspid="1613" ordinal="0" offset="0" sl="38" sc="80" el="38" ec="80" bec="0" bev="0" fileid="3" />
                <SequencePoint vc="1" uspid="1614" ordinal="0" offset="11" sl="58" sc="83" el="58" ec="83" bec="0" bev="0" fileid="3" />
                <SequencePoint vc="1" uspid="1615" ordinal="0" offset="22" sl="60" sc="103" el="60" ec="103" bec="0" bev="0" fileid="3" />
                <SequencePoint vc="1" uspid="1616" ordinal="0" offset="33" sl="62" sc="82" el="62" ec="82" bec="0" bev="0" fileid="3" />
                <SequencePoint vc="1" uspid="1617" ordinal="0" offset="44" sl="64" sc="102" el="64" ec="102" bec="0" bev="0" fileid="3" />
                <SequencePoint vc="1" uspid="1618" ordinal="0" offset="55" sl="67" sc="5" el="67" ec="5" bec="0" bev="0" fileid="3" />
                <SequencePoint vc="1" uspid="1619" ordinal="0" offset="66" sl="69" sc="5" el="69" ec="5" bec="0" bev="0" fileid="3" />
                <SequencePoint vc="1" uspid="1620" ordinal="0" offset="77" sl="71" sc="5" el="71" ec="5" bec="0" bev="0" fileid="3" />
                <SequencePoint vc="1" uspid="1621" ordinal="0" offset="88" sl="73" sc="5" el="73" ec="5" bec="0" bev="0" fileid="3" />
                <SequencePoint vc="1" uspid="1622" ordinal="0" offset="99" sl="78" sc="102" el="78" ec="102" bec="0" bev="0" fileid="3" />
                <SequencePoint vc="1" uspid="1623" ordinal="0" offset="110" sl="80" sc="145" el="80" ec="145" bec="0" bev="0" fileid="3" />
                <SequencePoint vc="1" uspid="1624" ordinal="0" offset="121" sl="82" sc="78" el="82" ec="78" bec="0" bev="0" fileid="3" />
                <SequencePoint vc="1" uspid="1625" ordinal="0" offset="128" sl="84" sc="77" el="84" ec="77" bec="0" bev="0" fileid="3" />
              </SequencePoints>
              <BranchPoints />
            </Method>
          </Methods>
        </Class>
        <Class>
          <Summary numSequencePoints="93" visitedSequencePoints="89" numBranchPoints="0" visitedBranchPoints="0" sequenceCoverage="95.70" branchCoverage="0.0" maxCyclomaticComplexity="0" minCyclomaticComplexity="0" maxCrapScore="0" minCrapScore="0" visitedClasses="1" numClasses="1" visitedMethods="11" numMethods="11" />
          <FullName>Player</FullName>
          <Methods>
            <Method visited="true" cyclomaticComplexity="0" nPathComplexity="0" sequenceCoverage="100.0" branchCoverage="0" crapScore="0" isConstructor="false" isStatic="false" isGetter="true" isSetter="false">
              <Summary numSequencePoints="3" visitedSequencePoints="3" numBranchPoints="0" visitedBranchPoints="0" sequenceCoverage="100.0" branchCoverage="0" maxCyclomaticComplexity="0" minCyclomaticComplexity="0" maxCrapScore="0" minCrapScore="0" visitedClasses="0" numClasses="0" visitedMethods="1" numMethods="1" />
              <MetadataToken>100663336</MetadataToken>
              <Name>System.Collections.Generic.List[GameObject] Player::get_levelObjects()</Name>
              <FileRef uid="4" />
              <SequencePoints>
                <SequencePoint vc="21" uspid="1626" ordinal="0" offset="0" sl="21" sc="13" el="21" ec="13" bec="0" bev="0" fileid="4" />
                <SequencePoint vc="21" uspid="1627" ordinal="0" offset="1" sl="21" sc="15" el="21" ec="15" bec="0" bev="0" fileid="4" />
                <SequencePoint vc="21" uspid="1628" ordinal="0" offset="10" sl="21" sc="37" el="21" ec="37" bec="0" bev="0" fileid="4" />
              </SequencePoints>
              <BranchPoints />
            </Method>
            <Method visited="true" cyclomaticComplexity="0" nPathComplexity="0" sequenceCoverage="100.0" branchCoverage="0" crapScore="0" isConstructor="false" isStatic="false" isGetter="false" isSetter="true">
              <Summary numSequencePoints="3" visitedSequencePoints="3" numBranchPoints="0" visitedBranchPoints="0" sequenceCoverage="100.0" branchCoverage="0" maxCyclomaticComplexity="0" minCyclomaticComplexity="0" maxCrapScore="0" minCrapScore="0" visitedClasses="0" numClasses="0" visitedMethods="1" numMethods="1" />
              <MetadataToken>100663337</MetadataToken>
              <Name>System.Void Player::set_levelObjects(System.Collections.Generic.List[GameObject])</Name>
              <FileRef uid="4" />
              <SequencePoints>
                <SequencePoint vc="35" uspid="1629" ordinal="0" offset="0" sl="22" sc="13" el="22" ec="13" bec="0" bev="0" fileid="4" />
                <SequencePoint vc="35" uspid="1630" ordinal="0" offset="1" sl="22" sc="15" el="22" ec="15" bec="0" bev="0" fileid="4" />
                <SequencePoint vc="35" uspid="1631" ordinal="0" offset="8" sl="22" sc="38" el="22" ec="38" bec="0" bev="0" fileid="4" />
              </SequencePoints>
              <BranchPoints />
            </Method>
            <Method visited="true" cyclomaticComplexity="0" nPathComplexity="0" sequenceCoverage="100.0" branchCoverage="0" crapScore="0" isConstructor="false" isStatic="false" isGetter="false" isSetter="false">
              <Summary numSequencePoints="6" visitedSequencePoints="6" numBranchPoints="0" visitedBranchPoints="0" sequenceCoverage="100.0" branchCoverage="0" maxCyclomaticComplexity="0" minCyclomaticComplexity="0" maxCrapScore="0" minCrapScore="0" visitedClasses="0" numClasses="0" visitedMethods="1" numMethods="1" />
              <MetadataToken>100663338</MetadataToken>
              <Name>System.Void Player::Reset()</Name>
              <FileRef uid="4" />
              <SequencePoints>
                <SequencePoint vc="14" uspid="1632" ordinal="0" offset="0" sl="48" sc="5" el="48" ec="5" bec="0" bev="0" fileid="4" />
                <SequencePoint vc="14" uspid="1633" ordinal="0" offset="1" sl="49" sc="9" el="49" ec="9" bec="0" bev="0" fileid="4" />
                <SequencePoint vc="14" uspid="1634" ordinal="0" offset="12" sl="50" sc="9" el="50" ec="9" bec="0" bev="0" fileid="4" />
                <SequencePoint vc="14" uspid="1635" ordinal="0" offset="23" sl="51" sc="9" el="51" ec="9" bec="0" bev="0" fileid="4" />
                <SequencePoint vc="14" uspid="1636" ordinal="0" offset="30" sl="52" sc="9" el="52" ec="9" bec="0" bev="0" fileid="4" />
                <SequencePoint vc="14" uspid="1637" ordinal="0" offset="37" sl="53" sc="5" el="53" ec="5" bec="0" bev="0" fileid="4" />
              </SequencePoints>
              <BranchPoints />
            </Method>
            <Method visited="true" cyclomaticComplexity="0" nPathComplexity="0" sequenceCoverage="66.67" branchCoverage="0" crapScore="0" isConstructor="false" isStatic="false" isGetter="false" isSetter="false">
              <Summary numSequencePoints="6" visitedSequencePoints="4" numBranchPoints="0" visitedBranchPoints="0" sequenceCoverage="66.67" branchCoverage="0" maxCyclomaticComplexity="0" minCyclomaticComplexity="0" maxCrapScore="0" minCrapScore="0" visitedClasses="0" numClasses="0" visitedMethods="1" numMethods="1" />
              <MetadataToken>100663339</MetadataToken>
              <Name>System.Void Player::FindNearestObjectBasic()</Name>
              <FileRef uid="4" />
              <SequencePoints>
                <SequencePoint vc="7" uspid="1638" ordinal="0" offset="0" sl="61" sc="5" el="61" ec="5" bec="0" bev="0" fileid="4" />
                <SequencePoint vc="7" uspid="1639" ordinal="0" offset="1" sl="63" sc="9" el="63" ec="9" bec="0" bev="0" fileid="4" />
                <SequencePoint vc="0" uspid="1640" ordinal="0" offset="33" sl="64" sc="9" el="64" ec="9" bec="0" bev="0" fileid="4" />
                <SequencePoint vc="0" uspid="1641" ordinal="0" offset="34" sl="65" sc="13" el="65" ec="13" bec="0" bev="0" fileid="4" />
                <SequencePoint vc="7" uspid="1642" ordinal="0" offset="36" sl="73" sc="9" el="73" ec="9" bec="0" bev="0" fileid="4" />
                <SequencePoint vc="7" uspid="1643" ordinal="0" offset="49" sl="74" sc="5" el="74" ec="5" bec="0" bev="0" fileid="4" />
              </SequencePoints>
              <BranchPoints />
            </Method>
            <Method visited="true" cyclomaticComplexity="0" nPathComplexity="0" sequenceCoverage="100.0" branchCoverage="0" crapScore="0" isConstructor="false" isStatic="false" isGetter="false" isSetter="false">
              <Summary numSequencePoints="3" visitedSequencePoints="3" numBranchPoints="0" visitedBranchPoints="0" sequenceCoverage="100.0" branchCoverage="0" maxCyclomaticComplexity="0" minCyclomaticComplexity="0" maxCrapScore="0" minCrapScore="0" visitedClasses="0" numClasses="0" visitedMethods="1" numMethods="1" />
              <MetadataToken>100663340</MetadataToken>
              <Name>System.Void Player::FindNearestObjectOverlap()</Name>
              <FileRef uid="4" />
              <SequencePoints>
                <SequencePoint vc="5" uspid="1644" ordinal="0" offset="0" sl="81" sc="5" el="81" ec="5" bec="0" bev="0" fileid="4" />
                <SequencePoint vc="5" uspid="1645" ordinal="0" offset="1" sl="82" sc="9" el="82" ec="9" bec="0" bev="0" fileid="4" />
                <SequencePoint vc="5" uspid="1646" ordinal="0" offset="14" sl="83" sc="5" el="83" ec="5" bec="0" bev="0" fileid="4" />
              </SequencePoints>
              <BranchPoints />
            </Method>
            <Method visited="true" cyclomaticComplexity="0" nPathComplexity="0" sequenceCoverage="100.0" branchCoverage="0" crapScore="0" isConstructor="false" isStatic="false" isGetter="false" isSetter="false">
              <Summary numSequencePoints="8" visitedSequencePoints="8" numBranchPoints="0" visitedBranchPoints="0" sequenceCoverage="100.0" branchCoverage="0" maxCyclomaticComplexity="0" minCyclomaticComplexity="0" maxCrapScore="0" minCrapScore="0" visitedClasses="0" numClasses="0" visitedMethods="1" numMethods="1" />
              <MetadataToken>100663341</MetadataToken>
              <Name>System.Void Player::FindNearestObjectOverlap(System.Single)</Name>
              <FileRef uid="4" />
              <SequencePoints>
                <SequencePoint vc="5" uspid="1647" ordinal="0" offset="0" sl="91" sc="5" el="91" ec="5" bec="0" bev="0" fileid="4" />
                <SequencePoint vc="5" uspid="1648" ordinal="0" offset="1" sl="93" sc="9" el="93" ec="9" bec="0" bev="0" fileid="4" />
                <SequencePoint vc="1" uspid="1649" ordinal="0" offset="19" sl="94" sc="9" el="94" ec="9" bec="0" bev="0" fileid="4" />
                <SequencePoint vc="1" uspid="1650" ordinal="0" offset="20" sl="95" sc="13" el="95" ec="13" bec="0" bev="0" fileid="4" />
                <SequencePoint vc="1" uspid="1651" ordinal="0" offset="27" sl="96" sc="13" el="96" ec="13" bec="0" bev="0" fileid="4" />
                <SequencePoint vc="4" uspid="1652" ordinal="0" offset="29" sl="99" sc="9" el="99" ec="9" bec="0" bev="0" fileid="4" />
                <SequencePoint vc="4" uspid="1653" ordinal="0" offset="47" sl="101" sc="9" el="101" ec="9" bec="0" bev="0" fileid="4" />
                <SequencePoint vc="5" uspid="1654" ordinal="0" offset="55" sl="102" sc="5" el="102" ec="5" bec="0" bev="0" fileid="4" />
              </SequencePoints>
              <BranchPoints />
            </Method>
            <Method visited="true" cyclomaticComplexity="0" nPathComplexity="0" sequenceCoverage="100.0" branchCoverage="0" crapScore="0" isConstructor="false" isStatic="false" isGetter="false" isSetter="false">
              <Summary numSequencePoints="15" visitedSequencePoints="15" numBranchPoints="0" visitedBranchPoints="0" sequenceCoverage="100.0" branchCoverage="0" maxCyclomaticComplexity="0" minCyclomaticComplexity="0" maxCrapScore="0" minCrapScore="0" visitedClasses="0" numClasses="0" visitedMethods="1" numMethods="1" />
              <MetadataToken>100663342</MetadataToken>
              <Name>System.Void Player::FindNearestInGroup(System.Collections.Generic.List[GameObject])</Name>
              <FileRef uid="4" />
              <SequencePoints>
                <SequencePoint vc="7" uspid="1655" ordinal="0" offset="0" sl="109" sc="5" el="109" ec="5" bec="0" bev="0" fileid="4" />
                <SequencePoint vc="7" uspid="1656" ordinal="0" offset="1" sl="110" sc="9" el="110" ec="9" bec="0" bev="0" fileid="4" />
                <SequencePoint vc="7" uspid="1657" ordinal="0" offset="2" sl="110" sc="44" el="110" ec="44" bec="0" bev="0" fileid="4" />
                <SequencePoint vc="17" uspid="1658" ordinal="0" offset="11" sl="110" sc="18" el="110" ec="18" bec="0" bev="0" fileid="4" />
                <SequencePoint vc="17" uspid="1659" ordinal="0" offset="19" sl="111" sc="9" el="111" ec="9" bec="0" bev="0" fileid="4" />
                <SequencePoint vc="17" uspid="1660" ordinal="0" offset="20" sl="113" sc="13" el="113" ec="13" bec="0" bev="0" fileid="4" />
                <SequencePoint vc="17" uspid="1661" ordinal="0" offset="53" sl="114" sc="13" el="114" ec="13" bec="0" bev="0" fileid="4" />
                <SequencePoint vc="5" uspid="1662" ordinal="0" offset="71" sl="115" sc="13" el="115" ec="13" bec="0" bev="0" fileid="4" />
                <SequencePoint vc="5" uspid="1663" ordinal="0" offset="72" sl="116" sc="17" el="116" ec="17" bec="0" bev="0" fileid="4" />
                <SequencePoint vc="5" uspid="1664" ordinal="0" offset="79" sl="117" sc="17" el="117" ec="17" bec="0" bev="0" fileid="4" />
                <SequencePoint vc="5" uspid="1665" ordinal="0" offset="91" sl="118" sc="13" el="118" ec="13" bec="0" bev="0" fileid="4" />
                <SequencePoint vc="17" uspid="1666" ordinal="0" offset="92" sl="119" sc="9" el="119" ec="9" bec="0" bev="0" fileid="4" />
                <SequencePoint vc="24" uspid="1667" ordinal="0" offset="93" sl="110" sc="41" el="110" ec="41" bec="0" bev="0" fileid="4" />
                <SequencePoint vc="7" uspid="1668" ordinal="0" offset="119" sl="121" sc="9" el="121" ec="9" bec="0" bev="0" fileid="4" />
                <SequencePoint vc="7" uspid="1669" ordinal="0" offset="126" sl="122" sc="5" el="122" ec="5" bec="0" bev="0" fileid="4" />
              </SequencePoints>
              <BranchPoints />
            </Method>
            <Method visited="true" cyclomaticComplexity="0" nPathComplexity="0" sequenceCoverage="100.0" branchCoverage="0" crapScore="0" isConstructor="false" isStatic="false" isGetter="false" isSetter="false">
              <Summary numSequencePoints="16" visitedSequencePoints="16" numBranchPoints="0" visitedBranchPoints="0" sequenceCoverage="100.0" branchCoverage="0" maxCyclomaticComplexity="0" minCyclomaticComplexity="0" maxCrapScore="0" minCrapScore="0" visitedClasses="0" numClasses="0" visitedMethods="1" numMethods="1" />
              <MetadataToken>100663343</MetadataToken>
              <Name>System.Void Player::FindNearestInGroup(UnityEngine.Collider[])</Name>
              <FileRef uid="4" />
              <SequencePoints>
                <SequencePoint vc="4" uspid="1670" ordinal="0" offset="0" sl="129" sc="5" el="129" ec="5" bec="0" bev="0" fileid="4" />
                <SequencePoint vc="4" uspid="1671" ordinal="0" offset="1" sl="130" sc="9" el="130" ec="9" bec="0" bev="0" fileid="4" />
                <SequencePoint vc="4" uspid="1672" ordinal="0" offset="2" sl="130" sc="42" el="130" ec="42" bec="0" bev="0" fileid="4" />
                <SequencePoint vc="6" uspid="1673" ordinal="0" offset="11" sl="130" sc="18" el="130" ec="18" bec="0" bev="0" fileid="4" />
                <SequencePoint vc="6" uspid="1674" ordinal="0" offset="15" sl="131" sc="9" el="131" ec="9" bec="0" bev="0" fileid="4" />
                <SequencePoint vc="6" uspid="1675" ordinal="0" offset="16" sl="133" sc="13" el="133" ec="13" bec="0" bev="0" fileid="4" />
                <SequencePoint vc="6" uspid="1676" ordinal="0" offset="49" sl="134" sc="13" el="134" ec="13" bec="0" bev="0" fileid="4" />
                <SequencePoint vc="2" uspid="1677" ordinal="0" offset="67" sl="135" sc="13" el="135" ec="13" bec="0" bev="0" fileid="4" />
                <SequencePoint vc="2" uspid="1678" ordinal="0" offset="68" sl="136" sc="17" el="136" ec="17" bec="0" bev="0" fileid="4" />
                <SequencePoint vc="2" uspid="1679" ordinal="0" offset="111" sl="137" sc="17" el="137" ec="17" bec="0" bev="0" fileid="4" />
                <SequencePoint vc="2" uspid="1680" ordinal="0" offset="123" sl="138" sc="17" el="138" ec="17" bec="0" bev="0" fileid="4" />
                <SequencePoint vc="2" uspid="1681" ordinal="0" offset="135" sl="139" sc="13" el="139" ec="13" bec="0" bev="0" fileid="4" />
                <SequencePoint vc="6" uspid="1682" ordinal="0" offset="136" sl="140" sc="9" el="140" ec="9" bec="0" bev="0" fileid="4" />
                <SequencePoint vc="10" uspid="1683" ordinal="0" offset="141" sl="130" sc="39" el="130" ec="39" bec="0" bev="0" fileid="4" />
                <SequencePoint vc="4" uspid="1684" ordinal="0" offset="150" sl="142" sc="9" el="142" ec="9" bec="0" bev="0" fileid="4" />
                <SequencePoint vc="4" uspid="1685" ordinal="0" offset="157" sl="143" sc="5" el="143" ec="5" bec="0" bev="0" fileid="4" />
              </SequencePoints>
              <BranchPoints />
            </Method>
            <Method visited="true" cyclomaticComplexity="0" nPathComplexity="0" sequenceCoverage="100.0" branchCoverage="0" crapScore="0" isConstructor="false" isStatic="false" isGetter="false" isSetter="false">
              <Summary numSequencePoints="11" visitedSequencePoints="11" numBranchPoints="0" visitedBranchPoints="0" sequenceCoverage="100.0" branchCoverage="0" maxCyclomaticComplexity="0" minCyclomaticComplexity="0" maxCrapScore="0" minCrapScore="0" visitedClasses="0" numClasses="0" visitedMethods="1" numMethods="1" />
              <MetadataToken>100663344</MetadataToken>
              <Name>System.Void Player::UpdateClosest()</Name>
              <FileRef uid="4" />
              <SequencePoints>
                <SequencePoint vc="11" uspid="1686" ordinal="0" offset="0" sl="149" sc="5" el="149" ec="5" bec="0" bev="0" fileid="4" />
                <SequencePoint vc="11" uspid="1687" ordinal="0" offset="1" sl="151" sc="9" el="151" ec="9" bec="0" bev="0" fileid="4" />
                <SequencePoint vc="7" uspid="1688" ordinal="0" offset="38" sl="152" sc="9" el="152" ec="9" bec="0" bev="0" fileid="4" />
                <SequencePoint vc="7" uspid="1689" ordinal="0" offset="39" sl="154" sc="13" el="154" ec="13" bec="0" bev="0" fileid="4" />
                <SequencePoint vc="4" uspid="1690" ordinal="0" offset="54" sl="155" sc="13" el="155" ec="13" bec="0" bev="0" fileid="4" />
                <SequencePoint vc="4" uspid="1691" ordinal="0" offset="55" sl="157" sc="17" el="157" ec="17" bec="0" bev="0" fileid="4" />
                <SequencePoint vc="4" uspid="1692" ordinal="0" offset="73" sl="158" sc="13" el="158" ec="13" bec="0" bev="0" fileid="4" />
                <SequencePoint vc="7" uspid="1693" ordinal="0" offset="74" sl="159" sc="13" el="159" ec="13" bec="0" bev="0" fileid="4" />
                <SequencePoint vc="7" uspid="1694" ordinal="0" offset="86" sl="160" sc="13" el="160" ec="13" bec="0" bev="0" fileid="4" />
                <SequencePoint vc="7" uspid="1695" ordinal="0" offset="104" sl="161" sc="9" el="161" ec="9" bec="0" bev="0" fileid="4" />
                <SequencePoint vc="11" uspid="1696" ordinal="0" offset="105" sl="162" sc="5" el="162" ec="5" bec="0" bev="0" fileid="4" />
              </SequencePoints>
              <BranchPoints />
            </Method>
            <Method visited="true" cyclomaticComplexity="0" nPathComplexity="0" sequenceCoverage="88.24" branchCoverage="0" crapScore="0" isConstructor="false" isStatic="false" isGetter="false" isSetter="false">
              <Summary numSequencePoints="17" visitedSequencePoints="15" numBranchPoints="0" visitedBranchPoints="0" sequenceCoverage="88.24" branchCoverage="0" maxCyclomaticComplexity="0" minCyclomaticComplexity="0" maxCrapScore="0" minCrapScore="0" visitedClasses="0" numClasses="0" visitedMethods="1" numMethods="1" />
              <MetadataToken>100663345</MetadataToken>
              <Name>System.Void Player::CheckObjectDistance(UnityEngine.GameObject)</Name>
              <FileRef uid="4" />
              <SequencePoints>
                <SequencePoint vc="2" uspid="1697" ordinal="0" offset="0" sl="169" sc="5" el="169" ec="5" bec="0" bev="0" fileid="4" />
                <SequencePoint vc="2" uspid="1698" ordinal="0" offset="1" sl="171" sc="9" el="171" ec="9" bec="0" bev="0" fileid="4" />
                <SequencePoint vc="0" uspid="1699" ordinal="0" offset="17" sl="172" sc="9" el="172" ec="9" bec="0" bev="0" fileid="4" />
                <SequencePoint vc="0" uspid="1700" ordinal="0" offset="18" sl="173" sc="13" el="173" ec="13" bec="0" bev="0" fileid="4" />
                <SequencePoint vc="2" uspid="1701" ordinal="0" offset="23" sl="177" sc="9" el="177" ec="9" bec="0" bev="0" fileid="4" />
                <SequencePoint vc="2" uspid="1702" ordinal="0" offset="56" sl="178" sc="9" el="178" ec="9" bec="0" bev="0" fileid="4" />
                <SequencePoint vc="1" uspid="1703" ordinal="0" offset="74" sl="179" sc="9" el="179" ec="9" bec="0" bev="0" fileid="4" />
                <SequencePoint vc="1" uspid="1704" ordinal="0" offset="75" sl="181" sc="13" el="181" ec="13" bec="0" bev="0" fileid="4" />
                <SequencePoint vc="1" uspid="1705" ordinal="0" offset="86" sl="182" sc="13" el="182" ec="13" bec="0" bev="0" fileid="4" />
                <SequencePoint vc="1" uspid="1706" ordinal="0" offset="98" sl="183" sc="13" el="183" ec="13" bec="0" bev="0" fileid="4" />
                <SequencePoint vc="1" uspid="1707" ordinal="0" offset="113" sl="184" sc="13" el="184" ec="13" bec="0" bev="0" fileid="4" />
                <SequencePoint vc="1" uspid="1708" ordinal="0" offset="114" sl="185" sc="17" el="185" ec="17" bec="0" bev="0" fileid="4" />
                <SequencePoint vc="1" uspid="1709" ordinal="0" offset="132" sl="186" sc="13" el="186" ec="13" bec="0" bev="0" fileid="4" />
                <SequencePoint vc="1" uspid="1710" ordinal="0" offset="133" sl="187" sc="13" el="187" ec="13" bec="0" bev="0" fileid="4" />
                <SequencePoint vc="1" uspid="1711" ordinal="0" offset="140" sl="188" sc="13" el="188" ec="13" bec="0" bev="0" fileid="4" />
                <SequencePoint vc="1" uspid="1712" ordinal="0" offset="158" sl="189" sc="9" el="189" ec="9" bec="0" bev="0" fileid="4" />
                <SequencePoint vc="2" uspid="1713" ordinal="0" offset="159" sl="190" sc="5" el="190" ec="5" bec="0" bev="0" fileid="4" />
              </SequencePoints>
              <BranchPoints />
            </Method>
            <Method visited="true" cyclomaticComplexity="0" nPathComplexity="0" sequenceCoverage="100.0" branchCoverage="0" crapScore="0" isConstructor="true" isStatic="false" isGetter="false" isSetter="false">
              <Summary numSequencePoints="5" visitedSequencePoints="5" numBranchPoints="0" visitedBranchPoints="0" sequenceCoverage="100.0" branchCoverage="0" maxCyclomaticComplexity="0" minCyclomaticComplexity="0" maxCrapScore="0" minCrapScore="0" visitedClasses="0" numClasses="0" visitedMethods="1" numMethods="1" />
              <MetadataToken>100663347</MetadataToken>
              <Name>Player::Player()</Name>
              <FileRef uid="4" />
              <SequencePoints>
                <SequencePoint vc="1" uspid="1725" ordinal="0" offset="0" sl="14" sc="72" el="14" ec="72" bec="0" bev="0" fileid="4" />
                <SequencePoint vc="1" uspid="1726" ordinal="0" offset="11" sl="31" sc="97" el="31" ec="97" bec="0" bev="0" fileid="4" />
                <SequencePoint vc="1" uspid="1727" ordinal="0" offset="22" sl="40" sc="133" el="40" ec="133" bec="0" bev="0" fileid="4" />
                <SequencePoint vc="1" uspid="1728" ordinal="0" offset="33" sl="42" sc="84" el="42" ec="84" bec="0" bev="0" fileid="4" />
                <SequencePoint vc="1" uspid="1729" ordinal="0" offset="41" sl="44" sc="139" el="44" ec="139" bec="0" bev="0" fileid="4" />
              </SequencePoints>
              <BranchPoints />
            </Method>
          </Methods>
        </Class>
        <Class>
          <Summary numSequencePoints="4" visitedSequencePoints="4" numBranchPoints="0" visitedBranchPoints="0" sequenceCoverage="100.0" branchCoverage="0.0" maxCyclomaticComplexity="0" minCyclomaticComplexity="0" maxCrapScore="0" minCrapScore="0" visitedClasses="1" numClasses="1" visitedMethods="1" numMethods="1" />
          <FullName>ObjectManager/ObjectStruct</FullName>
          <Methods>
            <Method visited="true" cyclomaticComplexity="0" nPathComplexity="0" sequenceCoverage="100.0" branchCoverage="0" crapScore="0" isConstructor="true" isStatic="false" isGetter="false" isSetter="false">
              <Summary numSequencePoints="4" visitedSequencePoints="4" numBranchPoints="0" visitedBranchPoints="0" sequenceCoverage="100.0" branchCoverage="0" maxCyclomaticComplexity="0" minCyclomaticComplexity="0" maxCrapScore="0" minCrapScore="0" visitedClasses="0" numClasses="0" visitedMethods="1" numMethods="1" />
              <MetadataToken>100663348</MetadataToken>
              <Name>ObjectManager/ObjectStruct::ObjectStruct(ObjectManager/ObjectType, UnityEngine.Vector3)</Name>
              <FileRef uid="3" />
              <SequencePoints>
                <SequencePoint vc="14" uspid="1730" ordinal="0" offset="0" sl="131" sc="9" el="131" ec="9" bec="0" bev="0" fileid="3" />
                <SequencePoint vc="14" uspid="1731" ordinal="0" offset="1" sl="132" sc="13" el="132" ec="13" bec="0" bev="0" fileid="3" />
                <SequencePoint vc="14" uspid="1732" ordinal="0" offset="8" sl="133" sc="13" el="133" ec="13" bec="0" bev="0" fileid="3" />
                <SequencePoint vc="14" uspid="1733" ordinal="0" offset="15" sl="134" sc="9" el="134" ec="9" bec="0" bev="0" fileid="3" />
              </SequencePoints>
              <BranchPoints />
            </Method>
          </Methods>
        </Class>
        <Class>
          <Summary numSequencePoints="3" visitedSequencePoints="3" numBranchPoints="0" visitedBranchPoints="0" sequenceCoverage="100.0" branchCoverage="0.0" maxCyclomaticComplexity="0" minCyclomaticComplexity="0" maxCrapScore="0" minCrapScore="0" visitedClasses="1" numClasses="1" visitedMethods="1" numMethods="1" />
          <FullName>ObjectManager/ObjectStructHolder</FullName>
          <Methods>
            <Method visited="true" cyclomaticComplexity="0" nPathComplexity="0" sequenceCoverage="100.0" branchCoverage="0" crapScore="0" isConstructor="true" isStatic="false" isGetter="false" isSetter="false">
              <Summary numSequencePoints="3" visitedSequencePoints="3" numBranchPoints="0" visitedBranchPoints="0" sequenceCoverage="100.0" branchCoverage="0" maxCyclomaticComplexity="0" minCyclomaticComplexity="0" maxCrapScore="0" minCrapScore="0" visitedClasses="0" numClasses="0" visitedMethods="1" numMethods="1" />
              <MetadataToken>100663349</MetadataToken>
              <Name>ObjectManager/ObjectStructHolder::ObjectStructHolder(System.Collections.Generic.List[ObjectStruct])</Name>
              <FileRef uid="3" />
              <SequencePoints>
                <SequencePoint vc="4" uspid="1734" ordinal="0" offset="0" sl="158" sc="9" el="158" ec="9" bec="0" bev="0" fileid="3" />
                <SequencePoint vc="4" uspid="1735" ordinal="0" offset="1" sl="159" sc="13" el="159" ec="13" bec="0" bev="0" fileid="3" />
                <SequencePoint vc="4" uspid="1736" ordinal="0" offset="8" sl="160" sc="9" el="160" ec="9" bec="0" bev="0" fileid="3" />
              </SequencePoints>
              <BranchPoints />
            </Method>
          </Methods>
        </Class>
      </Classes>
    </Module>
  </Modules>
</CoverageSession>