<?xml version="1.0" encoding="utf-8"?>
<CoverageSession xmlns:xsd="http://www.w3.org/2001/XMLSchema" xmlns:xsi="http://www.w3.org/2001/XMLSchema-instance" Version="0.0.0.0">
  <Summary numSequencePoints="434" visitedSequencePoints="0" numBranchPoints="0" visitedBranchPoints="0" sequenceCoverage="0.0" branchCoverage="0.0" maxCyclomaticComplexity="0" minCyclomaticComplexity="0" maxCrapScore="0" minCrapScore="0" visitedClasses="0" numClasses="6" visitedMethods="0" numMethods="48" />
  <Modules>
    <Module>
      <Summary numSequencePoints="434" visitedSequencePoints="0" numBranchPoints="0" visitedBranchPoints="0" sequenceCoverage="0.0" branchCoverage="0.0" maxCyclomaticComplexity="0" minCyclomaticComplexity="0" maxCrapScore="0" minCrapScore="0" visitedClasses="0" numClasses="6" visitedMethods="0" numMethods="48" />
      <ModuleTime>0001-01-01T00:00:00</ModuleTime>
      <ModuleName>NewAssembly</ModuleName>
      <Files>
        <File uid="1" fullPath="C:/Users/blaze/OneDrive/Documents/Gitkraken/JackGraceMightyRabbit/Assets/src/GameIO.cs" />
        <File uid="2" fullPath="C:/Users/blaze/OneDrive/Documents/Gitkraken/JackGraceMightyRabbit/Assets/src/LevelObject.cs" />
        <File uid="3" fullPath="C:/Users/blaze/OneDrive/Documents/Gitkraken/JackGraceMightyRabbit/Assets/src/ObjectManager.cs" />
        <File uid="4" fullPath="C:/Users/blaze/OneDrive/Documents/Gitkraken/JackGraceMightyRabbit/Assets/src/Player.cs" />
      </Files>
      <Classes>
        <Class>
          <Summary numSequencePoints="47" visitedSequencePoints="0" numBranchPoints="0" visitedBranchPoints="0" sequenceCoverage="0.0" branchCoverage="0.0" maxCyclomaticComplexity="0" minCyclomaticComplexity="0" maxCrapScore="0" minCrapScore="0" visitedClasses="0" numClasses="1" visitedMethods="0" numMethods="4" />
          <FullName>GameIO</FullName>
          <Methods>
            <Method visited="false" cyclomaticComplexity="0" nPathComplexity="0" sequenceCoverage="0.0" branchCoverage="0" crapScore="0" isConstructor="false" isStatic="false" isGetter="false" isSetter="false">
              <Summary numSequencePoints="18" visitedSequencePoints="0" numBranchPoints="0" visitedBranchPoints="0" sequenceCoverage="0.0" branchCoverage="0" maxCyclomaticComplexity="0" minCyclomaticComplexity="0" maxCrapScore="0" minCrapScore="0" visitedClasses="0" numClasses="0" visitedMethods="0" numMethods="1" />
              <MetadataToken>100663300</MetadataToken>
              <Name>System.Boolean GameIO::SaveToFile(ObjectManager/ObjectStructHolder)</Name>
              <FileRef uid="1" />
              <SequencePoints>
                <SequencePoint vc="0" uspid="869" ordinal="0" offset="0" sl="20" sc="5" el="20" ec="5" bec="0" bev="0" fileid="1" />
                <SequencePoint vc="0" uspid="870" ordinal="0" offset="1" sl="22" sc="9" el="22" ec="9" bec="0" bev="0" fileid="1" />
                <SequencePoint vc="0" uspid="871" ordinal="0" offset="14" sl="23" sc="9" el="23" ec="9" bec="0" bev="0" fileid="1" />
                <SequencePoint vc="0" uspid="872" ordinal="0" offset="15" sl="24" sc="13" el="24" ec="13" bec="0" bev="0" fileid="1" />
                <SequencePoint vc="0" uspid="873" ordinal="0" offset="26" sl="25" sc="13" el="25" ec="13" bec="0" bev="0" fileid="1" />
                <SequencePoint vc="0" uspid="874" ordinal="0" offset="30" sl="28" sc="9" el="28" ec="9" bec="0" bev="0" fileid="1" />
                <SequencePoint vc="0" uspid="875" ordinal="0" offset="52" sl="30" sc="9" el="30" ec="9" bec="0" bev="0" fileid="1" />
                <SequencePoint vc="0" uspid="876" ordinal="0" offset="64" sl="33" sc="9" el="33" ec="9" bec="0" bev="0" fileid="1" />
                <SequencePoint vc="0" uspid="877" ordinal="0" offset="65" sl="34" sc="13" el="34" ec="13" bec="0" bev="0" fileid="1" />
                <SequencePoint vc="0" uspid="878" ordinal="0" offset="74" sl="36" sc="13" el="36" ec="13" bec="0" bev="0" fileid="1" />
                <SequencePoint vc="0" uspid="879" ordinal="0" offset="83" sl="37" sc="13" el="37" ec="13" bec="0" bev="0" fileid="1" />
                <SequencePoint vc="0" uspid="880" ordinal="0" offset="91" sl="38" sc="9" el="38" ec="9" bec="0" bev="0" fileid="1" />
                <SequencePoint vc="0" uspid="881" ordinal="0" offset="94" sl="39" sc="9" el="39" ec="9" bec="0" bev="0" fileid="1" />
                <SequencePoint vc="0" uspid="882" ordinal="0" offset="96" sl="40" sc="9" el="40" ec="9" bec="0" bev="0" fileid="1" />
                <SequencePoint vc="0" uspid="883" ordinal="0" offset="97" sl="42" sc="13" el="42" ec="13" bec="0" bev="0" fileid="1" />
                <SequencePoint vc="0" uspid="884" ordinal="0" offset="120" sl="43" sc="13" el="43" ec="13" bec="0" bev="0" fileid="1" />
                <SequencePoint vc="0" uspid="885" ordinal="0" offset="124" sl="47" sc="9" el="47" ec="9" bec="0" bev="0" fileid="1" />
                <SequencePoint vc="0" uspid="886" ordinal="0" offset="128" sl="48" sc="5" el="48" ec="5" bec="0" bev="0" fileid="1" />
              </SequencePoints>
              <BranchPoints />
            </Method>
            <Method visited="false" cyclomaticComplexity="0" nPathComplexity="0" sequenceCoverage="0.0" branchCoverage="0" crapScore="0" isConstructor="false" isStatic="false" isGetter="false" isSetter="false">
              <Summary numSequencePoints="25" visitedSequencePoints="0" numBranchPoints="0" visitedBranchPoints="0" sequenceCoverage="0.0" branchCoverage="0" maxCyclomaticComplexity="0" minCyclomaticComplexity="0" maxCrapScore="0" minCrapScore="0" visitedClasses="0" numClasses="0" visitedMethods="0" numMethods="1" />
              <MetadataToken>100663301</MetadataToken>
              <Name>System.Boolean GameIO::ReadFromFile(ObjectManager/ObjectStructHolder&amp;)</Name>
              <FileRef uid="1" />
              <SequencePoints>
                <SequencePoint vc="0" uspid="887" ordinal="0" offset="0" sl="56" sc="5" el="56" ec="5" bec="0" bev="0" fileid="1" />
                <SequencePoint vc="0" uspid="888" ordinal="0" offset="1" sl="58" sc="9" el="58" ec="9" bec="0" bev="0" fileid="1" />
                <SequencePoint vc="0" uspid="889" ordinal="0" offset="8" sl="60" sc="9" el="60" ec="9" bec="0" bev="0" fileid="1" />
                <SequencePoint vc="0" uspid="890" ordinal="0" offset="30" sl="62" sc="9" el="62" ec="9" bec="0" bev="0" fileid="1" />
                <SequencePoint vc="0" uspid="891" ordinal="0" offset="43" sl="63" sc="9" el="63" ec="9" bec="0" bev="0" fileid="1" />
                <SequencePoint vc="0" uspid="892" ordinal="0" offset="44" sl="64" sc="13" el="64" ec="13" bec="0" bev="0" fileid="1" />
                <SequencePoint vc="0" uspid="893" ordinal="0" offset="61" sl="65" sc="13" el="65" ec="13" bec="0" bev="0" fileid="1" />
                <SequencePoint vc="0" uspid="894" ordinal="0" offset="66" sl="75" sc="9" el="75" ec="9" bec="0" bev="0" fileid="1" />
                <SequencePoint vc="0" uspid="895" ordinal="0" offset="67" sl="76" sc="13" el="76" ec="13" bec="0" bev="0" fileid="1" />
                <SequencePoint vc="0" uspid="896" ordinal="0" offset="75" sl="77" sc="13" el="77" ec="13" bec="0" bev="0" fileid="1" />
                <SequencePoint vc="0" uspid="897" ordinal="0" offset="83" sl="78" sc="13" el="78" ec="13" bec="0" bev="0" fileid="1" />
                <SequencePoint vc="0" uspid="898" ordinal="0" offset="91" sl="79" sc="9" el="79" ec="9" bec="0" bev="0" fileid="1" />
                <SequencePoint vc="0" uspid="899" ordinal="0" offset="94" sl="80" sc="9" el="80" ec="9" bec="0" bev="0" fileid="1" />
                <SequencePoint vc="0" uspid="900" ordinal="0" offset="96" sl="81" sc="9" el="81" ec="9" bec="0" bev="0" fileid="1" />
                <SequencePoint vc="0" uspid="901" ordinal="0" offset="97" sl="83" sc="13" el="83" ec="13" bec="0" bev="0" fileid="1" />
                <SequencePoint vc="0" uspid="902" ordinal="0" offset="120" sl="84" sc="13" el="84" ec="13" bec="0" bev="0" fileid="1" />
                <SequencePoint vc="0" uspid="903" ordinal="0" offset="125" sl="89" sc="9" el="89" ec="9" bec="0" bev="0" fileid="1" />
                <SequencePoint vc="0" uspid="904" ordinal="0" offset="126" sl="90" sc="13" el="90" ec="13" bec="0" bev="0" fileid="1" />
                <SequencePoint vc="0" uspid="905" ordinal="0" offset="138" sl="91" sc="9" el="91" ec="9" bec="0" bev="0" fileid="1" />
                <SequencePoint vc="0" uspid="906" ordinal="0" offset="141" sl="92" sc="9" el="92" ec="9" bec="0" bev="0" fileid="1" />
                <SequencePoint vc="0" uspid="907" ordinal="0" offset="143" sl="93" sc="9" el="93" ec="9" bec="0" bev="0" fileid="1" />
                <SequencePoint vc="0" uspid="908" ordinal="0" offset="144" sl="95" sc="13" el="95" ec="13" bec="0" bev="0" fileid="1" />
                <SequencePoint vc="0" uspid="909" ordinal="0" offset="167" sl="96" sc="13" el="96" ec="13" bec="0" bev="0" fileid="1" />
                <SequencePoint vc="0" uspid="910" ordinal="0" offset="171" sl="100" sc="9" el="100" ec="9" bec="0" bev="0" fileid="1" />
                <SequencePoint vc="0" uspid="911" ordinal="0" offset="175" sl="101" sc="5" el="101" ec="5" bec="0" bev="0" fileid="1" />
              </SequencePoints>
              <BranchPoints />
            </Method>
            <Method visited="false" cyclomaticComplexity="0" nPathComplexity="0" sequenceCoverage="0.0" branchCoverage="0" crapScore="0" isConstructor="false" isStatic="false" isGetter="false" isSetter="false">
              <Summary numSequencePoints="3" visitedSequencePoints="0" numBranchPoints="0" visitedBranchPoints="0" sequenceCoverage="0.0" branchCoverage="0" maxCyclomaticComplexity="0" minCyclomaticComplexity="0" maxCrapScore="0" minCrapScore="0" visitedClasses="0" numClasses="0" visitedMethods="0" numMethods="1" />
              <MetadataToken>100663302</MetadataToken>
              <Name>System.String GameIO::GetFilePath()</Name>
              <FileRef uid="1" />
              <SequencePoints>
                <SequencePoint vc="0" uspid="912" ordinal="0" offset="0" sl="108" sc="5" el="108" ec="5" bec="0" bev="0" fileid="1" />
                <SequencePoint vc="0" uspid="913" ordinal="0" offset="1" sl="109" sc="9" el="109" ec="9" bec="0" bev="0" fileid="1" />
                <SequencePoint vc="0" uspid="914" ordinal="0" offset="25" sl="110" sc="5" el="110" ec="5" bec="0" bev="0" fileid="1" />
              </SequencePoints>
              <BranchPoints />
            </Method>
            <Method visited="false" cyclomaticComplexity="0" nPathComplexity="0" sequenceCoverage="0.0" branchCoverage="0" crapScore="0" isConstructor="true" isStatic="false" isGetter="false" isSetter="false">
              <Summary numSequencePoints="1" visitedSequencePoints="0" numBranchPoints="0" visitedBranchPoints="0" sequenceCoverage="0.0" branchCoverage="0" maxCyclomaticComplexity="0" minCyclomaticComplexity="0" maxCrapScore="0" minCrapScore="0" visitedClasses="0" numClasses="0" visitedMethods="0" numMethods="1" />
              <MetadataToken>100663303</MetadataToken>
              <Name>GameIO::GameIO()</Name>
              <FileRef uid="1" />
              <SequencePoints>
                <SequencePoint vc="0" uspid="915" ordinal="0" offset="0" sl="12" sc="63" el="12" ec="63" bec="0" bev="0" fileid="1" />
              </SequencePoints>
              <BranchPoints />
            </Method>
          </Methods>
        </Class>
        <Class>
          <Summary numSequencePoints="22" visitedSequencePoints="0" numBranchPoints="0" visitedBranchPoints="0" sequenceCoverage="0.0" branchCoverage="0.0" maxCyclomaticComplexity="0" minCyclomaticComplexity="0" maxCrapScore="0" minCrapScore="0" visitedClasses="0" numClasses="1" visitedMethods="0" numMethods="3" />
          <FullName>LevelObject</FullName>
          <Methods>
            <Method visited="false" cyclomaticComplexity="0" nPathComplexity="0" sequenceCoverage="0.0" branchCoverage="0" crapScore="0" isConstructor="false" isStatic="false" isGetter="false" isSetter="false">
              <Summary numSequencePoints="6" visitedSequencePoints="0" numBranchPoints="0" visitedBranchPoints="0" sequenceCoverage="0.0" branchCoverage="0" maxCyclomaticComplexity="0" minCyclomaticComplexity="0" maxCrapScore="0" minCrapScore="0" visitedClasses="0" numClasses="0" visitedMethods="0" numMethods="1" />
              <MetadataToken>100663305</MetadataToken>
              <Name>System.Void LevelObject::Awake()</Name>
              <FileRef uid="2" />
              <SequencePoints>
                <SequencePoint vc="0" uspid="916" ordinal="0" offset="0" sl="20" sc="0" el="20" ec="0" bec="0" bev="0" fileid="2" />
                <SequencePoint vc="0" uspid="917" ordinal="0" offset="1" sl="22" sc="0" el="22" ec="0" bec="0" bev="0" fileid="2" />
                <SequencePoint vc="0" uspid="918" ordinal="0" offset="19" sl="23" sc="0" el="23" ec="0" bec="0" bev="0" fileid="2" />
                <SequencePoint vc="0" uspid="919" ordinal="0" offset="20" sl="24" sc="0" el="24" ec="0" bec="0" bev="0" fileid="2" />
                <SequencePoint vc="0" uspid="920" ordinal="0" offset="32" sl="25" sc="0" el="25" ec="0" bec="0" bev="0" fileid="2" />
                <SequencePoint vc="0" uspid="921" ordinal="0" offset="33" sl="26" sc="0" el="26" ec="0" bec="0" bev="0" fileid="2" />
              </SequencePoints>
              <BranchPoints />
            </Method>
            <Method visited="false" cyclomaticComplexity="0" nPathComplexity="0" sequenceCoverage="0.0" branchCoverage="0" crapScore="0" isConstructor="false" isStatic="false" isGetter="false" isSetter="false">
              <Summary numSequencePoints="9" visitedSequencePoints="0" numBranchPoints="0" visitedBranchPoints="0" sequenceCoverage="0.0" branchCoverage="0" maxCyclomaticComplexity="0" minCyclomaticComplexity="0" maxCrapScore="0" minCrapScore="0" visitedClasses="0" numClasses="0" visitedMethods="0" numMethods="1" />
              <MetadataToken>100663306</MetadataToken>
              <Name>System.Void LevelObject::SetHighlighted(System.Boolean)</Name>
              <FileRef uid="2" />
              <SequencePoints>
                <SequencePoint vc="0" uspid="922" ordinal="0" offset="0" sl="32" sc="50" el="32" ec="50" bec="0" bev="0" fileid="2" />
                <SequencePoint vc="0" uspid="923" ordinal="0" offset="1" sl="33" sc="9" el="33" ec="9" bec="0" bev="0" fileid="2" />
                <SequencePoint vc="0" uspid="924" ordinal="0" offset="6" sl="34" sc="9" el="34" ec="9" bec="0" bev="0" fileid="2" />
                <SequencePoint vc="0" uspid="925" ordinal="0" offset="7" sl="35" sc="13" el="35" ec="13" bec="0" bev="0" fileid="2" />
                <SequencePoint vc="0" uspid="926" ordinal="0" offset="25" sl="36" sc="9" el="36" ec="9" bec="0" bev="0" fileid="2" />
                <SequencePoint vc="0" uspid="927" ordinal="0" offset="28" sl="38" sc="9" el="38" ec="9" bec="0" bev="0" fileid="2" />
                <SequencePoint vc="0" uspid="928" ordinal="0" offset="29" sl="39" sc="13" el="39" ec="13" bec="0" bev="0" fileid="2" />
                <SequencePoint vc="0" uspid="929" ordinal="0" offset="47" sl="40" sc="9" el="40" ec="9" bec="0" bev="0" fileid="2" />
                <SequencePoint vc="0" uspid="930" ordinal="0" offset="48" sl="41" sc="5" el="41" ec="5" bec="0" bev="0" fileid="2" />
              </SequencePoints>
              <BranchPoints />
            </Method>
            <Method visited="false" cyclomaticComplexity="0" nPathComplexity="0" sequenceCoverage="0.0" branchCoverage="0" crapScore="0" isConstructor="false" isStatic="false" isGetter="false" isSetter="false">
              <Summary numSequencePoints="7" visitedSequencePoints="0" numBranchPoints="0" visitedBranchPoints="0" sequenceCoverage="0.0" branchCoverage="0" maxCyclomaticComplexity="0" minCyclomaticComplexity="0" maxCrapScore="0" minCrapScore="0" visitedClasses="0" numClasses="0" visitedMethods="0" numMethods="1" />
              <MetadataToken>100663307</MetadataToken>
              <Name>UnityEngine.Material LevelObject::GetMat(System.Boolean)</Name>
              <FileRef uid="2" />
              <SequencePoints>
                <SequencePoint vc="0" uspid="931" ordinal="0" offset="0" sl="49" sc="5" el="49" ec="5" bec="0" bev="0" fileid="2" />
                <SequencePoint vc="0" uspid="932" ordinal="0" offset="1" sl="50" sc="9" el="50" ec="9" bec="0" bev="0" fileid="2" />
                <SequencePoint vc="0" uspid="933" ordinal="0" offset="6" sl="51" sc="9" el="51" ec="9" bec="0" bev="0" fileid="2" />
                <SequencePoint vc="0" uspid="934" ordinal="0" offset="7" sl="52" sc="13" el="52" ec="13" bec="0" bev="0" fileid="2" />
                <SequencePoint vc="0" uspid="935" ordinal="0" offset="16" sl="55" sc="9" el="55" ec="9" bec="0" bev="0" fileid="2" />
                <SequencePoint vc="0" uspid="936" ordinal="0" offset="17" sl="56" sc="13" el="56" ec="13" bec="0" bev="0" fileid="2" />
                <SequencePoint vc="0" uspid="937" ordinal="0" offset="26" sl="58" sc="5" el="58" ec="5" bec="0" bev="0" fileid="2" />
              </SequencePoints>
              <BranchPoints />
            </Method>
          </Methods>
        </Class>
        <Class>
          <Summary numSequencePoints="254" visitedSequencePoints="0" numBranchPoints="0" visitedBranchPoints="0" sequenceCoverage="0.0" branchCoverage="0.0" maxCyclomaticComplexity="0" minCyclomaticComplexity="0" maxCrapScore="0" minCrapScore="0" visitedClasses="0" numClasses="1" visitedMethods="0" numMethods="27" />
          <FullName>ObjectManager</FullName>
          <Methods>
            <Method visited="false" cyclomaticComplexity="0" nPathComplexity="0" sequenceCoverage="0.0" branchCoverage="0" crapScore="0" isConstructor="false" isStatic="false" isGetter="false" isSetter="false">
              <Summary numSequencePoints="30" visitedSequencePoints="0" numBranchPoints="0" visitedBranchPoints="0" sequenceCoverage="0.0" branchCoverage="0" maxCyclomaticComplexity="0" minCyclomaticComplexity="0" maxCrapScore="0" minCrapScore="0" visitedClasses="0" numClasses="0" visitedMethods="0" numMethods="1" />
              <MetadataToken>100663309</MetadataToken>
              <Name>System.Void ObjectManager::Awake()</Name>
              <FileRef uid="3" />
              <SequencePoints>
                <SequencePoint vc="0" uspid="938" ordinal="0" offset="0" sl="166" sc="0" el="166" ec="0" bec="0" bev="0" fileid="3" />
                <SequencePoint vc="0" uspid="939" ordinal="0" offset="1" sl="168" sc="0" el="168" ec="0" bec="0" bev="0" fileid="3" />
                <SequencePoint vc="0" uspid="940" ordinal="0" offset="19" sl="169" sc="0" el="169" ec="0" bec="0" bev="0" fileid="3" />
                <SequencePoint vc="0" uspid="941" ordinal="0" offset="20" sl="171" sc="0" el="171" ec="0" bec="0" bev="0" fileid="3" />
                <SequencePoint vc="0" uspid="942" ordinal="0" offset="42" sl="172" sc="0" el="172" ec="0" bec="0" bev="0" fileid="3" />
                <SequencePoint vc="0" uspid="943" ordinal="0" offset="60" sl="173" sc="0" el="173" ec="0" bec="0" bev="0" fileid="3" />
                <SequencePoint vc="0" uspid="944" ordinal="0" offset="61" sl="175" sc="0" el="175" ec="0" bec="0" bev="0" fileid="3" />
                <SequencePoint vc="0" uspid="945" ordinal="0" offset="82" sl="176" sc="0" el="176" ec="0" bec="0" bev="0" fileid="3" />
                <SequencePoint vc="0" uspid="946" ordinal="0" offset="83" sl="177" sc="0" el="177" ec="0" bec="0" bev="0" fileid="3" />
                <SequencePoint vc="0" uspid="947" ordinal="0" offset="84" sl="179" sc="0" el="179" ec="0" bec="0" bev="0" fileid="3" />
                <SequencePoint vc="0" uspid="948" ordinal="0" offset="102" sl="180" sc="0" el="180" ec="0" bec="0" bev="0" fileid="3" />
                <SequencePoint vc="0" uspid="949" ordinal="0" offset="103" sl="182" sc="0" el="182" ec="0" bec="0" bev="0" fileid="3" />
                <SequencePoint vc="0" uspid="950" ordinal="0" offset="125" sl="183" sc="0" el="183" ec="0" bec="0" bev="0" fileid="3" />
                <SequencePoint vc="0" uspid="951" ordinal="0" offset="143" sl="184" sc="0" el="184" ec="0" bec="0" bev="0" fileid="3" />
                <SequencePoint vc="0" uspid="952" ordinal="0" offset="144" sl="186" sc="0" el="186" ec="0" bec="0" bev="0" fileid="3" />
                <SequencePoint vc="0" uspid="953" ordinal="0" offset="165" sl="187" sc="0" el="187" ec="0" bec="0" bev="0" fileid="3" />
                <SequencePoint vc="0" uspid="954" ordinal="0" offset="166" sl="188" sc="0" el="188" ec="0" bec="0" bev="0" fileid="3" />
                <SequencePoint vc="0" uspid="955" ordinal="0" offset="167" sl="190" sc="0" el="190" ec="0" bec="0" bev="0" fileid="3" />
                <SequencePoint vc="0" uspid="956" ordinal="0" offset="187" sl="191" sc="0" el="191" ec="0" bec="0" bev="0" fileid="3" />
                <SequencePoint vc="0" uspid="957" ordinal="0" offset="188" sl="193" sc="0" el="193" ec="0" bec="0" bev="0" fileid="3" />
                <SequencePoint vc="0" uspid="958" ordinal="0" offset="200" sl="194" sc="0" el="194" ec="0" bec="0" bev="0" fileid="3" />
                <SequencePoint vc="0" uspid="959" ordinal="0" offset="220" sl="195" sc="0" el="195" ec="0" bec="0" bev="0" fileid="3" />
                <SequencePoint vc="0" uspid="960" ordinal="0" offset="221" sl="197" sc="0" el="197" ec="0" bec="0" bev="0" fileid="3" />
                <SequencePoint vc="0" uspid="961" ordinal="0" offset="238" sl="198" sc="0" el="198" ec="0" bec="0" bev="0" fileid="3" />
                <SequencePoint vc="0" uspid="962" ordinal="0" offset="239" sl="199" sc="0" el="199" ec="0" bec="0" bev="0" fileid="3" />
                <SequencePoint vc="0" uspid="963" ordinal="0" offset="240" sl="203" sc="0" el="203" ec="0" bec="0" bev="0" fileid="3" />
                <SequencePoint vc="0" uspid="964" ordinal="0" offset="260" sl="204" sc="0" el="204" ec="0" bec="0" bev="0" fileid="3" />
                <SequencePoint vc="0" uspid="965" ordinal="0" offset="261" sl="206" sc="0" el="206" ec="0" bec="0" bev="0" fileid="3" />
                <SequencePoint vc="0" uspid="966" ordinal="0" offset="272" sl="207" sc="0" el="207" ec="0" bec="0" bev="0" fileid="3" />
                <SequencePoint vc="0" uspid="967" ordinal="0" offset="273" sl="208" sc="0" el="208" ec="0" bec="0" bev="0" fileid="3" />
              </SequencePoints>
              <BranchPoints />
            </Method>
            <Method visited="false" cyclomaticComplexity="0" nPathComplexity="0" sequenceCoverage="0.0" branchCoverage="0" crapScore="0" isConstructor="false" isStatic="false" isGetter="false" isSetter="false">
              <Summary numSequencePoints="7" visitedSequencePoints="0" numBranchPoints="0" visitedBranchPoints="0" sequenceCoverage="0.0" branchCoverage="0" maxCyclomaticComplexity="0" minCyclomaticComplexity="0" maxCrapScore="0" minCrapScore="0" visitedClasses="0" numClasses="0" visitedMethods="0" numMethods="1" />
              <MetadataToken>100663310</MetadataToken>
              <Name>System.Void ObjectManager::Start()</Name>
              <FileRef uid="3" />
              <SequencePoints>
                <SequencePoint vc="0" uspid="968" ordinal="0" offset="0" sl="211" sc="0" el="211" ec="0" bec="0" bev="0" fileid="3" />
                <SequencePoint vc="0" uspid="969" ordinal="0" offset="1" sl="213" sc="0" el="213" ec="0" bec="0" bev="0" fileid="3" />
                <SequencePoint vc="0" uspid="970" ordinal="0" offset="30" sl="214" sc="0" el="214" ec="0" bec="0" bev="0" fileid="3" />
                <SequencePoint vc="0" uspid="971" ordinal="0" offset="31" sl="215" sc="0" el="215" ec="0" bec="0" bev="0" fileid="3" />
                <SequencePoint vc="0" uspid="972" ordinal="0" offset="38" sl="216" sc="0" el="216" ec="0" bec="0" bev="0" fileid="3" />
                <SequencePoint vc="0" uspid="973" ordinal="0" offset="39" sl="218" sc="0" el="218" ec="0" bec="0" bev="0" fileid="3" />
                <SequencePoint vc="0" uspid="974" ordinal="0" offset="57" sl="219" sc="0" el="219" ec="0" bec="0" bev="0" fileid="3" />
              </SequencePoints>
              <BranchPoints />
            </Method>
            <Method visited="false" cyclomaticComplexity="0" nPathComplexity="0" sequenceCoverage="0.0" branchCoverage="0" crapScore="0" isConstructor="false" isStatic="false" isGetter="false" isSetter="false">
              <Summary numSequencePoints="11" visitedSequencePoints="0" numBranchPoints="0" visitedBranchPoints="0" sequenceCoverage="0.0" branchCoverage="0" maxCyclomaticComplexity="0" minCyclomaticComplexity="0" maxCrapScore="0" minCrapScore="0" visitedClasses="0" numClasses="0" visitedMethods="0" numMethods="1" />
              <MetadataToken>100663311</MetadataToken>
              <Name>System.Void ObjectManager::FindAllObjects()</Name>
              <FileRef uid="3" />
              <SequencePoints>
                <SequencePoint vc="0" uspid="975" ordinal="0" offset="0" sl="225" sc="5" el="225" ec="5" bec="0" bev="0" fileid="3" />
                <SequencePoint vc="0" uspid="976" ordinal="0" offset="1" sl="232" sc="5" el="232" ec="5" bec="0" bev="0" fileid="3" />
                <SequencePoint vc="0" uspid="977" ordinal="0" offset="12" sl="233" sc="9" el="233" ec="9" bec="0" bev="0" fileid="3" />
                <SequencePoint vc="0" uspid="978" ordinal="0" offset="18" sl="234" sc="9" el="234" ec="9" bec="0" bev="0" fileid="3" />
                <SequencePoint vc="0" uspid="979" ordinal="0" offset="19" sl="234" sc="37" el="234" ec="37" bec="0" bev="0" fileid="3" />
                <SequencePoint vc="0" uspid="980" ordinal="0" offset="25" sl="234" sc="18" el="234" ec="18" bec="0" bev="0" fileid="3" />
                <SequencePoint vc="0" uspid="981" ordinal="0" offset="29" sl="235" sc="9" el="235" ec="9" bec="0" bev="0" fileid="3" />
                <SequencePoint vc="0" uspid="982" ordinal="0" offset="30" sl="236" sc="13" el="236" ec="13" bec="0" bev="0" fileid="3" />
                <SequencePoint vc="0" uspid="983" ordinal="0" offset="48" sl="237" sc="9" el="237" ec="9" bec="0" bev="0" fileid="3" />
                <SequencePoint vc="0" uspid="984" ordinal="0" offset="53" sl="234" sc="34" el="234" ec="34" bec="0" bev="0" fileid="3" />
                <SequencePoint vc="0" uspid="985" ordinal="0" offset="59" sl="238" sc="5" el="238" ec="5" bec="0" bev="0" fileid="3" />
              </SequencePoints>
              <BranchPoints />
            </Method>
            <Method visited="false" cyclomaticComplexity="0" nPathComplexity="0" sequenceCoverage="0.0" branchCoverage="0" crapScore="0" isConstructor="false" isStatic="false" isGetter="false" isSetter="false">
              <Summary numSequencePoints="6" visitedSequencePoints="0" numBranchPoints="0" visitedBranchPoints="0" sequenceCoverage="0.0" branchCoverage="0" maxCyclomaticComplexity="0" minCyclomaticComplexity="0" maxCrapScore="0" minCrapScore="0" visitedClasses="0" numClasses="0" visitedMethods="0" numMethods="1" />
              <MetadataToken>100663312</MetadataToken>
              <Name>UnityEngine.GameObject ObjectManager::AddItem(UnityEngine.Vector3)</Name>
              <FileRef uid="3" />
              <SequencePoints>
                <SequencePoint vc="0" uspid="986" ordinal="0" offset="0" sl="246" sc="5" el="246" ec="5" bec="0" bev="0" fileid="3" />
                <SequencePoint vc="0" uspid="987" ordinal="0" offset="1" sl="248" sc="9" el="248" ec="9" bec="0" bev="0" fileid="3" />
                <SequencePoint vc="0" uspid="988" ordinal="0" offset="15" sl="251" sc="9" el="251" ec="9" bec="0" bev="0" fileid="3" />
                <SequencePoint vc="0" uspid="989" ordinal="0" offset="33" sl="254" sc="9" el="254" ec="9" bec="0" bev="0" fileid="3" />
                <SequencePoint vc="0" uspid="990" ordinal="0" offset="45" sl="257" sc="9" el="257" ec="9" bec="0" bev="0" fileid="3" />
                <SequencePoint vc="0" uspid="991" ordinal="0" offset="49" sl="258" sc="5" el="258" ec="5" bec="0" bev="0" fileid="3" />
              </SequencePoints>
              <BranchPoints />
            </Method>
            <Method visited="false" cyclomaticComplexity="0" nPathComplexity="0" sequenceCoverage="0.0" branchCoverage="0" crapScore="0" isConstructor="false" isStatic="false" isGetter="false" isSetter="false">
              <Summary numSequencePoints="6" visitedSequencePoints="0" numBranchPoints="0" visitedBranchPoints="0" sequenceCoverage="0.0" branchCoverage="0" maxCyclomaticComplexity="0" minCyclomaticComplexity="0" maxCrapScore="0" minCrapScore="0" visitedClasses="0" numClasses="0" visitedMethods="0" numMethods="1" />
              <MetadataToken>100663313</MetadataToken>
              <Name>UnityEngine.GameObject ObjectManager::AddRandomItem()</Name>
              <FileRef uid="3" />
              <SequencePoints>
                <SequencePoint vc="0" uspid="992" ordinal="0" offset="0" sl="265" sc="5" el="265" ec="5" bec="0" bev="0" fileid="3" />
                <SequencePoint vc="0" uspid="993" ordinal="0" offset="1" sl="267" sc="9" el="267" ec="9" bec="0" bev="0" fileid="3" />
                <SequencePoint vc="0" uspid="994" ordinal="0" offset="14" sl="270" sc="9" el="270" ec="9" bec="0" bev="0" fileid="3" />
                <SequencePoint vc="0" uspid="995" ordinal="0" offset="32" sl="273" sc="9" el="273" ec="9" bec="0" bev="0" fileid="3" />
                <SequencePoint vc="0" uspid="996" ordinal="0" offset="44" sl="276" sc="9" el="276" ec="9" bec="0" bev="0" fileid="3" />
                <SequencePoint vc="0" uspid="997" ordinal="0" offset="48" sl="277" sc="5" el="277" ec="5" bec="0" bev="0" fileid="3" />
              </SequencePoints>
              <BranchPoints />
            </Method>
            <Method visited="false" cyclomaticComplexity="0" nPathComplexity="0" sequenceCoverage="0.0" branchCoverage="0" crapScore="0" isConstructor="false" isStatic="false" isGetter="false" isSetter="false">
              <Summary numSequencePoints="8" visitedSequencePoints="0" numBranchPoints="0" visitedBranchPoints="0" sequenceCoverage="0.0" branchCoverage="0" maxCyclomaticComplexity="0" minCyclomaticComplexity="0" maxCrapScore="0" minCrapScore="0" visitedClasses="0" numClasses="0" visitedMethods="0" numMethods="1" />
              <MetadataToken>100663314</MetadataToken>
              <Name>System.Void ObjectManager::AddRandomItemsEditor()</Name>
              <FileRef uid="3" />
              <SequencePoints>
                <SequencePoint vc="0" uspid="998" ordinal="0" offset="0" sl="284" sc="5" el="284" ec="5" bec="0" bev="0" fileid="3" />
                <SequencePoint vc="0" uspid="999" ordinal="0" offset="1" sl="285" sc="13" el="285" ec="13" bec="0" bev="0" fileid="3" />
                <SequencePoint vc="0" uspid="1000" ordinal="0" offset="5" sl="286" sc="9" el="286" ec="9" bec="0" bev="0" fileid="3" />
                <SequencePoint vc="0" uspid="1001" ordinal="0" offset="6" sl="287" sc="13" el="287" ec="13" bec="0" bev="0" fileid="3" />
                <SequencePoint vc="0" uspid="1002" ordinal="0" offset="13" sl="288" sc="9" el="288" ec="9" bec="0" bev="0" fileid="3" />
                <SequencePoint vc="0" uspid="1003" ordinal="0" offset="14" sl="285" sc="45" el="285" ec="45" bec="0" bev="0" fileid="3" />
                <SequencePoint vc="0" uspid="1004" ordinal="0" offset="18" sl="285" sc="24" el="285" ec="24" bec="0" bev="0" fileid="3" />
                <SequencePoint vc="0" uspid="1005" ordinal="0" offset="31" sl="289" sc="5" el="289" ec="5" bec="0" bev="0" fileid="3" />
              </SequencePoints>
              <BranchPoints />
            </Method>
            <Method visited="false" cyclomaticComplexity="0" nPathComplexity="0" sequenceCoverage="0.0" branchCoverage="0" crapScore="0" isConstructor="false" isStatic="false" isGetter="false" isSetter="false">
              <Summary numSequencePoints="6" visitedSequencePoints="0" numBranchPoints="0" visitedBranchPoints="0" sequenceCoverage="0.0" branchCoverage="0" maxCyclomaticComplexity="0" minCyclomaticComplexity="0" maxCrapScore="0" minCrapScore="0" visitedClasses="0" numClasses="0" visitedMethods="0" numMethods="1" />
              <MetadataToken>100663315</MetadataToken>
              <Name>UnityEngine.GameObject ObjectManager::AddBot(UnityEngine.Vector3)</Name>
              <FileRef uid="3" />
              <SequencePoints>
                <SequencePoint vc="0" uspid="1006" ordinal="0" offset="0" sl="297" sc="5" el="297" ec="5" bec="0" bev="0" fileid="3" />
                <SequencePoint vc="0" uspid="1007" ordinal="0" offset="1" sl="299" sc="9" el="299" ec="9" bec="0" bev="0" fileid="3" />
                <SequencePoint vc="0" uspid="1008" ordinal="0" offset="15" sl="302" sc="9" el="302" ec="9" bec="0" bev="0" fileid="3" />
                <SequencePoint vc="0" uspid="1009" ordinal="0" offset="33" sl="305" sc="9" el="305" ec="9" bec="0" bev="0" fileid="3" />
                <SequencePoint vc="0" uspid="1010" ordinal="0" offset="45" sl="308" sc="9" el="308" ec="9" bec="0" bev="0" fileid="3" />
                <SequencePoint vc="0" uspid="1011" ordinal="0" offset="49" sl="309" sc="5" el="309" ec="5" bec="0" bev="0" fileid="3" />
              </SequencePoints>
              <BranchPoints />
            </Method>
            <Method visited="false" cyclomaticComplexity="0" nPathComplexity="0" sequenceCoverage="0.0" branchCoverage="0" crapScore="0" isConstructor="false" isStatic="false" isGetter="false" isSetter="false">
              <Summary numSequencePoints="6" visitedSequencePoints="0" numBranchPoints="0" visitedBranchPoints="0" sequenceCoverage="0.0" branchCoverage="0" maxCyclomaticComplexity="0" minCyclomaticComplexity="0" maxCrapScore="0" minCrapScore="0" visitedClasses="0" numClasses="0" visitedMethods="0" numMethods="1" />
              <MetadataToken>100663316</MetadataToken>
              <Name>UnityEngine.GameObject ObjectManager::AddRandomBot()</Name>
              <FileRef uid="3" />
              <SequencePoints>
                <SequencePoint vc="0" uspid="1012" ordinal="0" offset="0" sl="316" sc="5" el="316" ec="5" bec="0" bev="0" fileid="3" />
                <SequencePoint vc="0" uspid="1013" ordinal="0" offset="1" sl="318" sc="9" el="318" ec="9" bec="0" bev="0" fileid="3" />
                <SequencePoint vc="0" uspid="1014" ordinal="0" offset="14" sl="321" sc="9" el="321" ec="9" bec="0" bev="0" fileid="3" />
                <SequencePoint vc="0" uspid="1015" ordinal="0" offset="32" sl="324" sc="9" el="324" ec="9" bec="0" bev="0" fileid="3" />
                <SequencePoint vc="0" uspid="1016" ordinal="0" offset="44" sl="327" sc="9" el="327" ec="9" bec="0" bev="0" fileid="3" />
                <SequencePoint vc="0" uspid="1017" ordinal="0" offset="48" sl="328" sc="5" el="328" ec="5" bec="0" bev="0" fileid="3" />
              </SequencePoints>
              <BranchPoints />
            </Method>
            <Method visited="false" cyclomaticComplexity="0" nPathComplexity="0" sequenceCoverage="0.0" branchCoverage="0" crapScore="0" isConstructor="false" isStatic="false" isGetter="false" isSetter="false">
              <Summary numSequencePoints="8" visitedSequencePoints="0" numBranchPoints="0" visitedBranchPoints="0" sequenceCoverage="0.0" branchCoverage="0" maxCyclomaticComplexity="0" minCyclomaticComplexity="0" maxCrapScore="0" minCrapScore="0" visitedClasses="0" numClasses="0" visitedMethods="0" numMethods="1" />
              <MetadataToken>100663317</MetadataToken>
              <Name>System.Void ObjectManager::AddRandomBotsEditor()</Name>
              <FileRef uid="3" />
              <SequencePoints>
                <SequencePoint vc="0" uspid="1018" ordinal="0" offset="0" sl="335" sc="5" el="335" ec="5" bec="0" bev="0" fileid="3" />
                <SequencePoint vc="0" uspid="1019" ordinal="0" offset="1" sl="336" sc="14" el="336" ec="14" bec="0" bev="0" fileid="3" />
                <SequencePoint vc="0" uspid="1020" ordinal="0" offset="5" sl="337" sc="9" el="337" ec="9" bec="0" bev="0" fileid="3" />
                <SequencePoint vc="0" uspid="1021" ordinal="0" offset="6" sl="338" sc="13" el="338" ec="13" bec="0" bev="0" fileid="3" />
                <SequencePoint vc="0" uspid="1022" ordinal="0" offset="13" sl="339" sc="9" el="339" ec="9" bec="0" bev="0" fileid="3" />
                <SequencePoint vc="0" uspid="1023" ordinal="0" offset="14" sl="336" sc="45" el="336" ec="45" bec="0" bev="0" fileid="3" />
                <SequencePoint vc="0" uspid="1024" ordinal="0" offset="18" sl="336" sc="25" el="336" ec="25" bec="0" bev="0" fileid="3" />
                <SequencePoint vc="0" uspid="1025" ordinal="0" offset="31" sl="340" sc="5" el="340" ec="5" bec="0" bev="0" fileid="3" />
              </SequencePoints>
              <BranchPoints />
            </Method>
            <Method visited="false" cyclomaticComplexity="0" nPathComplexity="0" sequenceCoverage="0.0" branchCoverage="0" crapScore="0" isConstructor="false" isStatic="false" isGetter="false" isSetter="false">
              <Summary numSequencePoints="4" visitedSequencePoints="0" numBranchPoints="0" visitedBranchPoints="0" sequenceCoverage="0.0" branchCoverage="0" maxCyclomaticComplexity="0" minCyclomaticComplexity="0" maxCrapScore="0" minCrapScore="0" visitedClasses="0" numClasses="0" visitedMethods="0" numMethods="1" />
              <MetadataToken>100663318</MetadataToken>
              <Name>UnityEngine.GameObject ObjectManager::AddRandomObject(UnityEngine.GameObject)</Name>
              <FileRef uid="3" />
              <SequencePoints>
                <SequencePoint vc="0" uspid="1026" ordinal="0" offset="0" sl="350" sc="5" el="350" ec="5" bec="0" bev="0" fileid="3" />
                <SequencePoint vc="0" uspid="1027" ordinal="0" offset="1" sl="352" sc="9" el="352" ec="9" bec="0" bev="0" fileid="3" />
                <SequencePoint vc="0" uspid="1028" ordinal="0" offset="39" sl="354" sc="9" el="354" ec="9" bec="0" bev="0" fileid="3" />
                <SequencePoint vc="0" uspid="1029" ordinal="0" offset="50" sl="355" sc="5" el="355" ec="5" bec="0" bev="0" fileid="3" />
              </SequencePoints>
              <BranchPoints />
            </Method>
            <Method visited="false" cyclomaticComplexity="0" nPathComplexity="0" sequenceCoverage="0.0" branchCoverage="0" crapScore="0" isConstructor="false" isStatic="false" isGetter="false" isSetter="false">
              <Summary numSequencePoints="10" visitedSequencePoints="0" numBranchPoints="0" visitedBranchPoints="0" sequenceCoverage="0.0" branchCoverage="0" maxCyclomaticComplexity="0" minCyclomaticComplexity="0" maxCrapScore="0" minCrapScore="0" visitedClasses="0" numClasses="0" visitedMethods="0" numMethods="1" />
              <MetadataToken>100663319</MetadataToken>
              <Name>UnityEngine.GameObject ObjectManager::SpawnObject(UnityEngine.GameObject, UnityEngine.Vector3)</Name>
              <FileRef uid="3" />
              <SequencePoints>
                <SequencePoint vc="0" uspid="1030" ordinal="0" offset="0" sl="364" sc="5" el="364" ec="5" bec="0" bev="0" fileid="3" />
                <SequencePoint vc="0" uspid="1031" ordinal="0" offset="1" sl="366" sc="9" el="366" ec="9" bec="0" bev="0" fileid="3" />
                <SequencePoint vc="0" uspid="1032" ordinal="0" offset="14" sl="368" sc="9" el="368" ec="9" bec="0" bev="0" fileid="3" />
                <SequencePoint vc="0" uspid="1033" ordinal="0" offset="27" sl="370" sc="9" el="370" ec="9" bec="0" bev="0" fileid="3" />
                <SequencePoint vc="0" uspid="1034" ordinal="0" offset="36" sl="371" sc="9" el="371" ec="9" bec="0" bev="0" fileid="3" />
                <SequencePoint vc="0" uspid="1035" ordinal="0" offset="37" sl="372" sc="13" el="372" ec="13" bec="0" bev="0" fileid="3" />
                <SequencePoint vc="0" uspid="1036" ordinal="0" offset="55" sl="373" sc="13" el="373" ec="13" bec="0" bev="0" fileid="3" />
                <SequencePoint vc="0" uspid="1037" ordinal="0" offset="68" sl="375" sc="9" el="375" ec="9" bec="0" bev="0" fileid="3" />
                <SequencePoint vc="0" uspid="1038" ordinal="0" offset="69" sl="376" sc="9" el="376" ec="9" bec="0" bev="0" fileid="3" />
                <SequencePoint vc="0" uspid="1039" ordinal="0" offset="73" sl="377" sc="5" el="377" ec="5" bec="0" bev="0" fileid="3" />
              </SequencePoints>
              <BranchPoints />
            </Method>
            <Method visited="false" cyclomaticComplexity="0" nPathComplexity="0" sequenceCoverage="0.0" branchCoverage="0" crapScore="0" isConstructor="false" isStatic="false" isGetter="false" isSetter="false">
              <Summary numSequencePoints="20" visitedSequencePoints="0" numBranchPoints="0" visitedBranchPoints="0" sequenceCoverage="0.0" branchCoverage="0" maxCyclomaticComplexity="0" minCyclomaticComplexity="0" maxCrapScore="0" minCrapScore="0" visitedClasses="0" numClasses="0" visitedMethods="0" numMethods="1" />
              <MetadataToken>100663320</MetadataToken>
              <Name>System.Void ObjectManager::ClearLevelObjects()</Name>
              <FileRef uid="3" />
              <SequencePoints>
                <SequencePoint vc="0" uspid="1040" ordinal="0" offset="0" sl="384" sc="5" el="384" ec="5" bec="0" bev="0" fileid="3" />
                <SequencePoint vc="0" uspid="1041" ordinal="0" offset="1" sl="386" sc="9" el="386" ec="9" bec="0" bev="0" fileid="3" />
                <SequencePoint vc="0" uspid="1042" ordinal="0" offset="2" sl="386" sc="35" el="386" ec="35" bec="0" bev="0" fileid="3" />
                <SequencePoint vc="0" uspid="1043" ordinal="0" offset="16" sl="386" sc="17" el="386" ec="17" bec="0" bev="0" fileid="3" />
                <SequencePoint vc="0" uspid="1044" ordinal="0" offset="24" sl="387" sc="9" el="387" ec="9" bec="0" bev="0" fileid="3" />
                <SequencePoint vc="0" uspid="1045" ordinal="0" offset="25" sl="388" sc="13" el="388" ec="13" bec="0" bev="0" fileid="3" />
                <SequencePoint vc="0" uspid="1046" ordinal="0" offset="35" sl="389" sc="13" el="389" ec="13" bec="0" bev="0" fileid="3" />
                <SequencePoint vc="0" uspid="1047" ordinal="0" offset="36" sl="391" sc="17" el="391" ec="17" bec="0" bev="0" fileid="3" />
                <SequencePoint vc="0" uspid="1048" ordinal="0" offset="48" sl="392" sc="17" el="392" ec="17" bec="0" bev="0" fileid="3" />
                <SequencePoint vc="0" uspid="1049" ordinal="0" offset="49" sl="393" sc="21" el="393" ec="21" bec="0" bev="0" fileid="3" />
                <SequencePoint vc="0" uspid="1050" ordinal="0" offset="56" sl="394" sc="17" el="394" ec="17" bec="0" bev="0" fileid="3" />
                <SequencePoint vc="0" uspid="1051" ordinal="0" offset="59" sl="396" sc="17" el="396" ec="17" bec="0" bev="0" fileid="3" />
                <SequencePoint vc="0" uspid="1052" ordinal="0" offset="60" sl="397" sc="21" el="397" ec="21" bec="0" bev="0" fileid="3" />
                <SequencePoint vc="0" uspid="1053" ordinal="0" offset="67" sl="398" sc="17" el="398" ec="17" bec="0" bev="0" fileid="3" />
                <SequencePoint vc="0" uspid="1054" ordinal="0" offset="68" sl="399" sc="13" el="399" ec="13" bec="0" bev="0" fileid="3" />
                <SequencePoint vc="0" uspid="1055" ordinal="0" offset="69" sl="400" sc="9" el="400" ec="9" bec="0" bev="0" fileid="3" />
                <SequencePoint vc="0" uspid="1056" ordinal="0" offset="70" sl="386" sc="32" el="386" ec="32" bec="0" bev="0" fileid="3" />
                <SequencePoint vc="0" uspid="1057" ordinal="0" offset="96" sl="402" sc="9" el="402" ec="9" bec="0" bev="0" fileid="3" />
                <SequencePoint vc="0" uspid="1058" ordinal="0" offset="107" sl="404" sc="9" el="404" ec="9" bec="0" bev="0" fileid="3" />
                <SequencePoint vc="0" uspid="1059" ordinal="0" offset="125" sl="405" sc="5" el="405" ec="5" bec="0" bev="0" fileid="3" />
              </SequencePoints>
              <BranchPoints />
            </Method>
            <Method visited="false" cyclomaticComplexity="0" nPathComplexity="0" sequenceCoverage="0.0" branchCoverage="0" crapScore="0" isConstructor="false" isStatic="false" isGetter="false" isSetter="false">
              <Summary numSequencePoints="25" visitedSequencePoints="0" numBranchPoints="0" visitedBranchPoints="0" sequenceCoverage="0.0" branchCoverage="0" maxCyclomaticComplexity="0" minCyclomaticComplexity="0" maxCrapScore="0" minCrapScore="0" visitedClasses="0" numClasses="0" visitedMethods="0" numMethods="1" />
              <MetadataToken>100663321</MetadataToken>
              <Name>System.Void ObjectManager::OnValidate()</Name>
              <FileRef uid="3" />
              <SequencePoints>
                <SequencePoint vc="0" uspid="1060" ordinal="0" offset="0" sl="413" sc="5" el="413" ec="5" bec="0" bev="0" fileid="3" />
                <SequencePoint vc="0" uspid="1061" ordinal="0" offset="1" sl="414" sc="9" el="414" ec="9" bec="0" bev="0" fileid="3" />
                <SequencePoint vc="0" uspid="1062" ordinal="0" offset="10" sl="415" sc="9" el="415" ec="9" bec="0" bev="0" fileid="3" />
                <SequencePoint vc="0" uspid="1063" ordinal="0" offset="11" sl="417" sc="13" el="417" ec="13" bec="0" bev="0" fileid="3" />
                <SequencePoint vc="0" uspid="1064" ordinal="0" offset="16" sl="420" sc="9" el="420" ec="9" bec="0" bev="0" fileid="3" />
                <SequencePoint vc="0" uspid="1065" ordinal="0" offset="40" sl="421" sc="9" el="421" ec="9" bec="0" bev="0" fileid="3" />
                <SequencePoint vc="0" uspid="1066" ordinal="0" offset="41" sl="422" sc="13" el="422" ec="13" bec="0" bev="0" fileid="3" />
                <SequencePoint vc="0" uspid="1067" ordinal="0" offset="53" sl="423" sc="13" el="423" ec="13" bec="0" bev="0" fileid="3" />
                <SequencePoint vc="0" uspid="1068" ordinal="0" offset="71" sl="424" sc="9" el="424" ec="9" bec="0" bev="0" fileid="3" />
                <SequencePoint vc="0" uspid="1069" ordinal="0" offset="72" sl="427" sc="9" el="427" ec="9" bec="0" bev="0" fileid="3" />
                <SequencePoint vc="0" uspid="1070" ordinal="0" offset="96" sl="428" sc="9" el="428" ec="9" bec="0" bev="0" fileid="3" />
                <SequencePoint vc="0" uspid="1071" ordinal="0" offset="97" sl="429" sc="13" el="429" ec="13" bec="0" bev="0" fileid="3" />
                <SequencePoint vc="0" uspid="1072" ordinal="0" offset="109" sl="430" sc="13" el="430" ec="13" bec="0" bev="0" fileid="3" />
                <SequencePoint vc="0" uspid="1073" ordinal="0" offset="127" sl="431" sc="9" el="431" ec="9" bec="0" bev="0" fileid="3" />
                <SequencePoint vc="0" uspid="1074" ordinal="0" offset="128" sl="434" sc="9" el="434" ec="9" bec="0" bev="0" fileid="3" />
                <SequencePoint vc="0" uspid="1075" ordinal="0" offset="152" sl="435" sc="9" el="435" ec="9" bec="0" bev="0" fileid="3" />
                <SequencePoint vc="0" uspid="1076" ordinal="0" offset="153" sl="436" sc="13" el="436" ec="13" bec="0" bev="0" fileid="3" />
                <SequencePoint vc="0" uspid="1077" ordinal="0" offset="165" sl="437" sc="13" el="437" ec="13" bec="0" bev="0" fileid="3" />
                <SequencePoint vc="0" uspid="1078" ordinal="0" offset="183" sl="438" sc="9" el="438" ec="9" bec="0" bev="0" fileid="3" />
                <SequencePoint vc="0" uspid="1079" ordinal="0" offset="184" sl="441" sc="9" el="441" ec="9" bec="0" bev="0" fileid="3" />
                <SequencePoint vc="0" uspid="1080" ordinal="0" offset="210" sl="442" sc="9" el="442" ec="9" bec="0" bev="0" fileid="3" />
                <SequencePoint vc="0" uspid="1081" ordinal="0" offset="211" sl="443" sc="13" el="443" ec="13" bec="0" bev="0" fileid="3" />
                <SequencePoint vc="0" uspid="1082" ordinal="0" offset="223" sl="444" sc="13" el="444" ec="13" bec="0" bev="0" fileid="3" />
                <SequencePoint vc="0" uspid="1083" ordinal="0" offset="241" sl="445" sc="9" el="445" ec="9" bec="0" bev="0" fileid="3" />
                <SequencePoint vc="0" uspid="1084" ordinal="0" offset="242" sl="446" sc="5" el="446" ec="5" bec="0" bev="0" fileid="3" />
              </SequencePoints>
              <BranchPoints />
            </Method>
            <Method visited="false" cyclomaticComplexity="0" nPathComplexity="0" sequenceCoverage="0.0" branchCoverage="0" crapScore="0" isConstructor="false" isStatic="false" isGetter="false" isSetter="false">
              <Summary numSequencePoints="7" visitedSequencePoints="0" numBranchPoints="0" visitedBranchPoints="0" sequenceCoverage="0.0" branchCoverage="0" maxCyclomaticComplexity="0" minCyclomaticComplexity="0" maxCrapScore="0" minCrapScore="0" visitedClasses="0" numClasses="0" visitedMethods="0" numMethods="1" />
              <MetadataToken>100663322</MetadataToken>
              <Name>System.Void ObjectManager::AddRandomItemButton(UnityEngine.InputSystem.InputAction/CallbackContext)</Name>
              <FileRef uid="3" />
              <SequencePoints>
                <SequencePoint vc="0" uspid="1085" ordinal="0" offset="0" sl="460" sc="0" el="460" ec="0" bec="0" bev="0" fileid="3" />
                <SequencePoint vc="0" uspid="1086" ordinal="0" offset="1" sl="462" sc="0" el="462" ec="0" bec="0" bev="0" fileid="3" />
                <SequencePoint vc="0" uspid="1087" ordinal="0" offset="12" sl="463" sc="0" el="463" ec="0" bec="0" bev="0" fileid="3" />
                <SequencePoint vc="0" uspid="1088" ordinal="0" offset="13" sl="464" sc="0" el="464" ec="0" bec="0" bev="0" fileid="3" />
                <SequencePoint vc="0" uspid="1089" ordinal="0" offset="24" sl="465" sc="0" el="465" ec="0" bec="0" bev="0" fileid="3" />
                <SequencePoint vc="0" uspid="1090" ordinal="0" offset="31" sl="466" sc="0" el="466" ec="0" bec="0" bev="0" fileid="3" />
                <SequencePoint vc="0" uspid="1091" ordinal="0" offset="32" sl="467" sc="0" el="467" ec="0" bec="0" bev="0" fileid="3" />
              </SequencePoints>
              <BranchPoints />
            </Method>
            <Method visited="false" cyclomaticComplexity="0" nPathComplexity="0" sequenceCoverage="0.0" branchCoverage="0" crapScore="0" isConstructor="false" isStatic="false" isGetter="false" isSetter="false">
              <Summary numSequencePoints="7" visitedSequencePoints="0" numBranchPoints="0" visitedBranchPoints="0" sequenceCoverage="0.0" branchCoverage="0" maxCyclomaticComplexity="0" minCyclomaticComplexity="0" maxCrapScore="0" minCrapScore="0" visitedClasses="0" numClasses="0" visitedMethods="0" numMethods="1" />
              <MetadataToken>100663323</MetadataToken>
              <Name>System.Void ObjectManager::AddRandomBotButton(UnityEngine.InputSystem.InputAction/CallbackContext)</Name>
              <FileRef uid="3" />
              <SequencePoints>
                <SequencePoint vc="0" uspid="1092" ordinal="0" offset="0" sl="473" sc="0" el="473" ec="0" bec="0" bev="0" fileid="3" />
                <SequencePoint vc="0" uspid="1093" ordinal="0" offset="1" sl="475" sc="0" el="475" ec="0" bec="0" bev="0" fileid="3" />
                <SequencePoint vc="0" uspid="1094" ordinal="0" offset="12" sl="476" sc="0" el="476" ec="0" bec="0" bev="0" fileid="3" />
                <SequencePoint vc="0" uspid="1095" ordinal="0" offset="13" sl="477" sc="0" el="477" ec="0" bec="0" bev="0" fileid="3" />
                <SequencePoint vc="0" uspid="1096" ordinal="0" offset="24" sl="478" sc="0" el="478" ec="0" bec="0" bev="0" fileid="3" />
                <SequencePoint vc="0" uspid="1097" ordinal="0" offset="31" sl="479" sc="0" el="479" ec="0" bec="0" bev="0" fileid="3" />
                <SequencePoint vc="0" uspid="1098" ordinal="0" offset="32" sl="480" sc="0" el="480" ec="0" bec="0" bev="0" fileid="3" />
              </SequencePoints>
              <BranchPoints />
            </Method>
            <Method visited="false" cyclomaticComplexity="0" nPathComplexity="0" sequenceCoverage="0.0" branchCoverage="0" crapScore="0" isConstructor="false" isStatic="false" isGetter="false" isSetter="false">
              <Summary numSequencePoints="6" visitedSequencePoints="0" numBranchPoints="0" visitedBranchPoints="0" sequenceCoverage="0.0" branchCoverage="0" maxCyclomaticComplexity="0" minCyclomaticComplexity="0" maxCrapScore="0" minCrapScore="0" visitedClasses="0" numClasses="0" visitedMethods="0" numMethods="1" />
              <MetadataToken>100663324</MetadataToken>
              <Name>System.Void ObjectManager::SaveLevel(UnityEngine.InputSystem.InputAction/CallbackContext)</Name>
              <FileRef uid="3" />
              <SequencePoints>
                <SequencePoint vc="0" uspid="1099" ordinal="0" offset="0" sl="487" sc="0" el="487" ec="0" bec="0" bev="0" fileid="3" />
                <SequencePoint vc="0" uspid="1100" ordinal="0" offset="1" sl="489" sc="0" el="489" ec="0" bec="0" bev="0" fileid="3" />
                <SequencePoint vc="0" uspid="1101" ordinal="0" offset="12" sl="490" sc="0" el="490" ec="0" bec="0" bev="0" fileid="3" />
                <SequencePoint vc="0" uspid="1102" ordinal="0" offset="13" sl="491" sc="0" el="491" ec="0" bec="0" bev="0" fileid="3" />
                <SequencePoint vc="0" uspid="1103" ordinal="0" offset="20" sl="492" sc="0" el="492" ec="0" bec="0" bev="0" fileid="3" />
                <SequencePoint vc="0" uspid="1104" ordinal="0" offset="21" sl="493" sc="0" el="493" ec="0" bec="0" bev="0" fileid="3" />
              </SequencePoints>
              <BranchPoints />
            </Method>
            <Method visited="false" cyclomaticComplexity="0" nPathComplexity="0" sequenceCoverage="0.0" branchCoverage="0" crapScore="0" isConstructor="false" isStatic="false" isGetter="false" isSetter="false">
              <Summary numSequencePoints="6" visitedSequencePoints="0" numBranchPoints="0" visitedBranchPoints="0" sequenceCoverage="0.0" branchCoverage="0" maxCyclomaticComplexity="0" minCyclomaticComplexity="0" maxCrapScore="0" minCrapScore="0" visitedClasses="0" numClasses="0" visitedMethods="0" numMethods="1" />
              <MetadataToken>100663325</MetadataToken>
              <Name>System.Void ObjectManager::LoadLevel(UnityEngine.InputSystem.InputAction/CallbackContext)</Name>
              <FileRef uid="3" />
              <SequencePoints>
                <SequencePoint vc="0" uspid="1105" ordinal="0" offset="0" sl="500" sc="0" el="500" ec="0" bec="0" bev="0" fileid="3" />
                <SequencePoint vc="0" uspid="1106" ordinal="0" offset="1" sl="502" sc="0" el="502" ec="0" bec="0" bev="0" fileid="3" />
                <SequencePoint vc="0" uspid="1107" ordinal="0" offset="12" sl="503" sc="0" el="503" ec="0" bec="0" bev="0" fileid="3" />
                <SequencePoint vc="0" uspid="1108" ordinal="0" offset="13" sl="504" sc="0" el="504" ec="0" bec="0" bev="0" fileid="3" />
                <SequencePoint vc="0" uspid="1109" ordinal="0" offset="20" sl="505" sc="0" el="505" ec="0" bec="0" bev="0" fileid="3" />
                <SequencePoint vc="0" uspid="1110" ordinal="0" offset="21" sl="506" sc="0" el="506" ec="0" bec="0" bev="0" fileid="3" />
              </SequencePoints>
              <BranchPoints />
            </Method>
            <Method visited="false" cyclomaticComplexity="0" nPathComplexity="0" sequenceCoverage="0.0" branchCoverage="0" crapScore="0" isConstructor="false" isStatic="false" isGetter="false" isSetter="false">
              <Summary numSequencePoints="22" visitedSequencePoints="0" numBranchPoints="0" visitedBranchPoints="0" sequenceCoverage="0.0" branchCoverage="0" maxCyclomaticComplexity="0" minCyclomaticComplexity="0" maxCrapScore="0" minCrapScore="0" visitedClasses="0" numClasses="0" visitedMethods="0" numMethods="1" />
              <MetadataToken>100663326</MetadataToken>
              <Name>System.Void ObjectManager::SaveLevelToFile()</Name>
              <FileRef uid="3" />
              <SequencePoints>
                <SequencePoint vc="0" uspid="1111" ordinal="0" offset="0" sl="518" sc="5" el="518" ec="5" bec="0" bev="0" fileid="3" />
                <SequencePoint vc="0" uspid="1112" ordinal="0" offset="1" sl="520" sc="9" el="520" ec="9" bec="0" bev="0" fileid="3" />
                <SequencePoint vc="0" uspid="1113" ordinal="0" offset="36" sl="530" sc="9" el="530" ec="9" bec="0" bev="0" fileid="3" />
                <SequencePoint vc="0" uspid="1114" ordinal="0" offset="37" sl="530" sc="36" el="530" ec="36" bec="0" bev="0" fileid="3" />
                <SequencePoint vc="0" uspid="1115" ordinal="0" offset="51" sl="530" sc="18" el="530" ec="18" bec="0" bev="0" fileid="3" />
                <SequencePoint vc="0" uspid="1116" ordinal="0" offset="59" sl="531" sc="9" el="531" ec="9" bec="0" bev="0" fileid="3" />
                <SequencePoint vc="0" uspid="1117" ordinal="0" offset="60" sl="533" sc="13" el="533" ec="13" bec="0" bev="0" fileid="3" />
                <SequencePoint vc="0" uspid="1118" ordinal="0" offset="80" sl="534" sc="13" el="534" ec="13" bec="0" bev="0" fileid="3" />
                <SequencePoint vc="0" uspid="1119" ordinal="0" offset="81" sl="535" sc="17" el="535" ec="17" bec="0" bev="0" fileid="3" />
                <SequencePoint vc="0" uspid="1120" ordinal="0" offset="105" sl="536" sc="13" el="536" ec="13" bec="0" bev="0" fileid="3" />
                <SequencePoint vc="0" uspid="1121" ordinal="0" offset="108" sl="539" sc="13" el="539" ec="13" bec="0" bev="0" fileid="3" />
                <SequencePoint vc="0" uspid="1122" ordinal="0" offset="109" sl="540" sc="17" el="540" ec="17" bec="0" bev="0" fileid="3" />
                <SequencePoint vc="0" uspid="1123" ordinal="0" offset="133" sl="541" sc="13" el="541" ec="13" bec="0" bev="0" fileid="3" />
                <SequencePoint vc="0" uspid="1124" ordinal="0" offset="134" sl="542" sc="9" el="542" ec="9" bec="0" bev="0" fileid="3" />
                <SequencePoint vc="0" uspid="1125" ordinal="0" offset="135" sl="530" sc="33" el="530" ec="33" bec="0" bev="0" fileid="3" />
                <SequencePoint vc="0" uspid="1126" ordinal="0" offset="161" sl="544" sc="9" el="544" ec="9" bec="0" bev="0" fileid="3" />
                <SequencePoint vc="0" uspid="1127" ordinal="0" offset="169" sl="545" sc="9" el="545" ec="9" bec="0" bev="0" fileid="3" />
                <SequencePoint vc="0" uspid="1128" ordinal="0" offset="177" sl="547" sc="9" el="547" ec="9" bec="0" bev="0" fileid="3" />
                <SequencePoint vc="0" uspid="1129" ordinal="0" offset="195" sl="548" sc="9" el="548" ec="9" bec="0" bev="0" fileid="3" />
                <SequencePoint vc="0" uspid="1130" ordinal="0" offset="196" sl="550" sc="13" el="550" ec="13" bec="0" bev="0" fileid="3" />
                <SequencePoint vc="0" uspid="1131" ordinal="0" offset="207" sl="551" sc="9" el="551" ec="9" bec="0" bev="0" fileid="3" />
                <SequencePoint vc="0" uspid="1132" ordinal="0" offset="208" sl="552" sc="5" el="552" ec="5" bec="0" bev="0" fileid="3" />
              </SequencePoints>
              <BranchPoints />
            </Method>
            <Method visited="false" cyclomaticComplexity="0" nPathComplexity="0" sequenceCoverage="0.0" branchCoverage="0" crapScore="0" isConstructor="false" isStatic="false" isGetter="false" isSetter="false">
              <Summary numSequencePoints="25" visitedSequencePoints="0" numBranchPoints="0" visitedBranchPoints="0" sequenceCoverage="0.0" branchCoverage="0" maxCyclomaticComplexity="0" minCyclomaticComplexity="0" maxCrapScore="0" minCrapScore="0" visitedClasses="0" numClasses="0" visitedMethods="0" numMethods="1" />
              <MetadataToken>100663327</MetadataToken>
              <Name>System.Void ObjectManager::LoadFromFile()</Name>
              <FileRef uid="3" />
              <SequencePoints>
                <SequencePoint vc="0" uspid="1133" ordinal="0" offset="0" sl="559" sc="5" el="559" ec="5" bec="0" bev="0" fileid="3" />
                <SequencePoint vc="0" uspid="1134" ordinal="0" offset="1" sl="562" sc="9" el="562" ec="9" bec="0" bev="0" fileid="3" />
                <SequencePoint vc="0" uspid="1135" ordinal="0" offset="21" sl="563" sc="9" el="563" ec="9" bec="0" bev="0" fileid="3" />
                <SequencePoint vc="0" uspid="1136" ordinal="0" offset="22" sl="565" sc="13" el="565" ec="13" bec="0" bev="0" fileid="3" />
                <SequencePoint vc="0" uspid="1137" ordinal="0" offset="27" sl="569" sc="9" el="569" ec="9" bec="0" bev="0" fileid="3" />
                <SequencePoint vc="0" uspid="1138" ordinal="0" offset="34" sl="573" sc="9" el="573" ec="9" bec="0" bev="0" fileid="3" />
                <SequencePoint vc="0" uspid="1139" ordinal="0" offset="35" sl="573" sc="37" el="573" ec="37" bec="0" bev="0" fileid="3" />
                <SequencePoint vc="0" uspid="1140" ordinal="0" offset="52" sl="573" sc="17" el="573" ec="17" bec="0" bev="0" fileid="3" />
                <SequencePoint vc="0" uspid="1141" ordinal="0" offset="61" sl="574" sc="9" el="574" ec="9" bec="0" bev="0" fileid="3" />
                <SequencePoint vc="0" uspid="1142" ordinal="0" offset="62" sl="576" sc="13" el="576" ec="13" bec="0" bev="0" fileid="3" />
                <SequencePoint vc="0" uspid="1143" ordinal="0" offset="99" sl="580" sc="21" el="580" ec="21" bec="0" bev="0" fileid="3" />
                <SequencePoint vc="0" uspid="1144" ordinal="0" offset="123" sl="581" sc="21" el="581" ec="21" bec="0" bev="0" fileid="3" />
                <SequencePoint vc="0" uspid="1145" ordinal="0" offset="125" sl="584" sc="21" el="584" ec="21" bec="0" bev="0" fileid="3" />
                <SequencePoint vc="0" uspid="1146" ordinal="0" offset="145" sl="585" sc="21" el="585" ec="21" bec="0" bev="0" fileid="3" />
                <SequencePoint vc="0" uspid="1147" ordinal="0" offset="163" sl="586" sc="21" el="586" ec="21" bec="0" bev="0" fileid="3" />
                <SequencePoint vc="0" uspid="1148" ordinal="0" offset="175" sl="587" sc="21" el="587" ec="21" bec="0" bev="0" fileid="3" />
                <SequencePoint vc="0" uspid="1149" ordinal="0" offset="177" sl="590" sc="21" el="590" ec="21" bec="0" bev="0" fileid="3" />
                <SequencePoint vc="0" uspid="1150" ordinal="0" offset="197" sl="591" sc="21" el="591" ec="21" bec="0" bev="0" fileid="3" />
                <SequencePoint vc="0" uspid="1151" ordinal="0" offset="215" sl="592" sc="21" el="592" ec="21" bec="0" bev="0" fileid="3" />
                <SequencePoint vc="0" uspid="1152" ordinal="0" offset="227" sl="593" sc="21" el="593" ec="21" bec="0" bev="0" fileid="3" />
                <SequencePoint vc="0" uspid="1153" ordinal="0" offset="229" sl="595" sc="9" el="595" ec="9" bec="0" bev="0" fileid="3" />
                <SequencePoint vc="0" uspid="1154" ordinal="0" offset="230" sl="573" sc="34" el="573" ec="34" bec="0" bev="0" fileid="3" />
                <SequencePoint vc="0" uspid="1155" ordinal="0" offset="259" sl="596" sc="9" el="596" ec="9" bec="0" bev="0" fileid="3" />
                <SequencePoint vc="0" uspid="1156" ordinal="0" offset="277" sl="597" sc="9" el="597" ec="9" bec="0" bev="0" fileid="3" />
                <SequencePoint vc="0" uspid="1157" ordinal="0" offset="289" sl="598" sc="5" el="598" ec="5" bec="0" bev="0" fileid="3" />
              </SequencePoints>
              <BranchPoints />
            </Method>
            <Method visited="false" cyclomaticComplexity="0" nPathComplexity="0" sequenceCoverage="0.0" branchCoverage="0" crapScore="0" isConstructor="false" isStatic="false" isGetter="false" isSetter="false">
              <Summary numSequencePoints="3" visitedSequencePoints="0" numBranchPoints="0" visitedBranchPoints="0" sequenceCoverage="0.0" branchCoverage="0" maxCyclomaticComplexity="0" minCyclomaticComplexity="0" maxCrapScore="0" minCrapScore="0" visitedClasses="0" numClasses="0" visitedMethods="0" numMethods="1" />
              <MetadataToken>100663328</MetadataToken>
              <Name>System.Collections.Generic.List[GameObject] ObjectManager::GetLevelObjects()</Name>
              <FileRef uid="3" />
              <SequencePoints>
                <SequencePoint vc="0" uspid="1158" ordinal="0" offset="0" sl="611" sc="5" el="611" ec="5" bec="0" bev="0" fileid="3" />
                <SequencePoint vc="0" uspid="1159" ordinal="0" offset="1" sl="612" sc="9" el="612" ec="9" bec="0" bev="0" fileid="3" />
                <SequencePoint vc="0" uspid="1160" ordinal="0" offset="10" sl="613" sc="5" el="613" ec="5" bec="0" bev="0" fileid="3" />
              </SequencePoints>
              <BranchPoints />
            </Method>
            <Method visited="false" cyclomaticComplexity="0" nPathComplexity="0" sequenceCoverage="0.0" branchCoverage="0" crapScore="0" isConstructor="false" isStatic="false" isGetter="false" isSetter="false">
              <Summary numSequencePoints="3" visitedSequencePoints="0" numBranchPoints="0" visitedBranchPoints="0" sequenceCoverage="0.0" branchCoverage="0" maxCyclomaticComplexity="0" minCyclomaticComplexity="0" maxCrapScore="0" minCrapScore="0" visitedClasses="0" numClasses="0" visitedMethods="0" numMethods="1" />
              <MetadataToken>100663329</MetadataToken>
              <Name>System.Single ObjectManager::GetSpawnRadius()</Name>
              <FileRef uid="3" />
              <SequencePoints>
                <SequencePoint vc="0" uspid="1161" ordinal="0" offset="0" sl="620" sc="5" el="620" ec="5" bec="0" bev="0" fileid="3" />
                <SequencePoint vc="0" uspid="1162" ordinal="0" offset="1" sl="621" sc="9" el="621" ec="9" bec="0" bev="0" fileid="3" />
                <SequencePoint vc="0" uspid="1163" ordinal="0" offset="10" sl="622" sc="5" el="622" ec="5" bec="0" bev="0" fileid="3" />
              </SequencePoints>
              <BranchPoints />
            </Method>
            <Method visited="false" cyclomaticComplexity="0" nPathComplexity="0" sequenceCoverage="0.0" branchCoverage="0" crapScore="0" isConstructor="false" isStatic="false" isGetter="false" isSetter="false">
              <Summary numSequencePoints="3" visitedSequencePoints="0" numBranchPoints="0" visitedBranchPoints="0" sequenceCoverage="0.0" branchCoverage="0" maxCyclomaticComplexity="0" minCyclomaticComplexity="0" maxCrapScore="0" minCrapScore="0" visitedClasses="0" numClasses="0" visitedMethods="0" numMethods="1" />
              <MetadataToken>100663330</MetadataToken>
              <Name>UnityEngine.Vector3 ObjectManager::GetSpawnOrigin()</Name>
              <FileRef uid="3" />
              <SequencePoints>
                <SequencePoint vc="0" uspid="1164" ordinal="0" offset="0" sl="629" sc="5" el="629" ec="5" bec="0" bev="0" fileid="3" />
                <SequencePoint vc="0" uspid="1165" ordinal="0" offset="1" sl="630" sc="9" el="630" ec="9" bec="0" bev="0" fileid="3" />
                <SequencePoint vc="0" uspid="1166" ordinal="0" offset="10" sl="631" sc="5" el="631" ec="5" bec="0" bev="0" fileid="3" />
              </SequencePoints>
              <BranchPoints />
            </Method>
            <Method visited="false" cyclomaticComplexity="0" nPathComplexity="0" sequenceCoverage="0.0" branchCoverage="0" crapScore="0" isConstructor="false" isStatic="false" isGetter="false" isSetter="false">
              <Summary numSequencePoints="3" visitedSequencePoints="0" numBranchPoints="0" visitedBranchPoints="0" sequenceCoverage="0.0" branchCoverage="0" maxCyclomaticComplexity="0" minCyclomaticComplexity="0" maxCrapScore="0" minCrapScore="0" visitedClasses="0" numClasses="0" visitedMethods="0" numMethods="1" />
              <MetadataToken>100663331</MetadataToken>
              <Name>System.Int32 ObjectManager::GetBotSpawnCount()</Name>
              <FileRef uid="3" />
              <SequencePoints>
                <SequencePoint vc="0" uspid="1167" ordinal="0" offset="0" sl="638" sc="0" el="638" ec="0" bec="0" bev="0" fileid="3" />
                <SequencePoint vc="0" uspid="1168" ordinal="0" offset="1" sl="639" sc="0" el="639" ec="0" bec="0" bev="0" fileid="3" />
                <SequencePoint vc="0" uspid="1169" ordinal="0" offset="10" sl="640" sc="0" el="640" ec="0" bec="0" bev="0" fileid="3" />
              </SequencePoints>
              <BranchPoints />
            </Method>
            <Method visited="false" cyclomaticComplexity="0" nPathComplexity="0" sequenceCoverage="0.0" branchCoverage="0" crapScore="0" isConstructor="false" isStatic="false" isGetter="false" isSetter="false">
              <Summary numSequencePoints="3" visitedSequencePoints="0" numBranchPoints="0" visitedBranchPoints="0" sequenceCoverage="0.0" branchCoverage="0" maxCyclomaticComplexity="0" minCyclomaticComplexity="0" maxCrapScore="0" minCrapScore="0" visitedClasses="0" numClasses="0" visitedMethods="0" numMethods="1" />
              <MetadataToken>100663332</MetadataToken>
              <Name>System.Void ObjectManager::SetBotSpawnCount(System.Int32)</Name>
              <FileRef uid="3" />
              <SequencePoints>
                <SequencePoint vc="0" uspid="1170" ordinal="0" offset="0" sl="647" sc="5" el="647" ec="5" bec="0" bev="0" fileid="3" />
                <SequencePoint vc="0" uspid="1171" ordinal="0" offset="1" sl="648" sc="9" el="648" ec="9" bec="0" bev="0" fileid="3" />
                <SequencePoint vc="0" uspid="1172" ordinal="0" offset="8" sl="649" sc="5" el="649" ec="5" bec="0" bev="0" fileid="3" />
              </SequencePoints>
              <BranchPoints />
            </Method>
            <Method visited="false" cyclomaticComplexity="0" nPathComplexity="0" sequenceCoverage="0.0" branchCoverage="0" crapScore="0" isConstructor="false" isStatic="false" isGetter="false" isSetter="false">
              <Summary numSequencePoints="3" visitedSequencePoints="0" numBranchPoints="0" visitedBranchPoints="0" sequenceCoverage="0.0" branchCoverage="0" maxCyclomaticComplexity="0" minCyclomaticComplexity="0" maxCrapScore="0" minCrapScore="0" visitedClasses="0" numClasses="0" visitedMethods="0" numMethods="1" />
              <MetadataToken>100663333</MetadataToken>
              <Name>System.Int32 ObjectManager::GetItemSpawnCount()</Name>
              <FileRef uid="3" />
              <SequencePoints>
                <SequencePoint vc="0" uspid="1173" ordinal="0" offset="0" sl="656" sc="0" el="656" ec="0" bec="0" bev="0" fileid="3" />
                <SequencePoint vc="0" uspid="1174" ordinal="0" offset="1" sl="657" sc="0" el="657" ec="0" bec="0" bev="0" fileid="3" />
                <SequencePoint vc="0" uspid="1175" ordinal="0" offset="10" sl="658" sc="0" el="658" ec="0" bec="0" bev="0" fileid="3" />
              </SequencePoints>
              <BranchPoints />
            </Method>
            <Method visited="false" cyclomaticComplexity="0" nPathComplexity="0" sequenceCoverage="0.0" branchCoverage="0" crapScore="0" isConstructor="false" isStatic="false" isGetter="false" isSetter="false">
              <Summary numSequencePoints="3" visitedSequencePoints="0" numBranchPoints="0" visitedBranchPoints="0" sequenceCoverage="0.0" branchCoverage="0" maxCyclomaticComplexity="0" minCyclomaticComplexity="0" maxCrapScore="0" minCrapScore="0" visitedClasses="0" numClasses="0" visitedMethods="0" numMethods="1" />
              <MetadataToken>100663334</MetadataToken>
              <Name>System.Void ObjectManager::SetItemSpawnCount(System.Int32)</Name>
              <FileRef uid="3" />
              <SequencePoints>
                <SequencePoint vc="0" uspid="1176" ordinal="0" offset="0" sl="665" sc="5" el="665" ec="5" bec="0" bev="0" fileid="3" />
                <SequencePoint vc="0" uspid="1177" ordinal="0" offset="1" sl="666" sc="9" el="666" ec="9" bec="0" bev="0" fileid="3" />
                <SequencePoint vc="0" uspid="1178" ordinal="0" offset="8" sl="667" sc="5" el="667" ec="5" bec="0" bev="0" fileid="3" />
              </SequencePoints>
              <BranchPoints />
            </Method>
            <Method visited="false" cyclomaticComplexity="0" nPathComplexity="0" sequenceCoverage="0.0" branchCoverage="0" crapScore="0" isConstructor="true" isStatic="false" isGetter="false" isSetter="false">
              <Summary numSequencePoints="13" visitedSequencePoints="0" numBranchPoints="0" visitedBranchPoints="0" sequenceCoverage="0.0" branchCoverage="0" maxCyclomaticComplexity="0" minCyclomaticComplexity="0" maxCrapScore="0" minCrapScore="0" visitedClasses="0" numClasses="0" visitedMethods="0" numMethods="1" />
              <MetadataToken>100663335</MetadataToken>
              <Name>ObjectManager::ObjectManager()</Name>
              <FileRef uid="3" />
              <SequencePoints>
                <SequencePoint vc="0" uspid="1179" ordinal="0" offset="0" sl="38" sc="80" el="38" ec="80" bec="0" bev="0" fileid="3" />
                <SequencePoint vc="0" uspid="1180" ordinal="0" offset="11" sl="58" sc="83" el="58" ec="83" bec="0" bev="0" fileid="3" />
                <SequencePoint vc="0" uspid="1181" ordinal="0" offset="22" sl="60" sc="103" el="60" ec="103" bec="0" bev="0" fileid="3" />
                <SequencePoint vc="0" uspid="1182" ordinal="0" offset="33" sl="62" sc="82" el="62" ec="82" bec="0" bev="0" fileid="3" />
                <SequencePoint vc="0" uspid="1183" ordinal="0" offset="44" sl="64" sc="102" el="64" ec="102" bec="0" bev="0" fileid="3" />
                <SequencePoint vc="0" uspid="1184" ordinal="0" offset="55" sl="67" sc="5" el="67" ec="5" bec="0" bev="0" fileid="3" />
                <SequencePoint vc="0" uspid="1185" ordinal="0" offset="66" sl="69" sc="5" el="69" ec="5" bec="0" bev="0" fileid="3" />
                <SequencePoint vc="0" uspid="1186" ordinal="0" offset="77" sl="71" sc="5" el="71" ec="5" bec="0" bev="0" fileid="3" />
                <SequencePoint vc="0" uspid="1187" ordinal="0" offset="88" sl="73" sc="5" el="73" ec="5" bec="0" bev="0" fileid="3" />
                <SequencePoint vc="0" uspid="1188" ordinal="0" offset="99" sl="78" sc="102" el="78" ec="102" bec="0" bev="0" fileid="3" />
                <SequencePoint vc="0" uspid="1189" ordinal="0" offset="110" sl="80" sc="145" el="80" ec="145" bec="0" bev="0" fileid="3" />
                <SequencePoint vc="0" uspid="1190" ordinal="0" offset="121" sl="82" sc="78" el="82" ec="78" bec="0" bev="0" fileid="3" />
                <SequencePoint vc="0" uspid="1191" ordinal="0" offset="128" sl="84" sc="77" el="84" ec="77" bec="0" bev="0" fileid="3" />
              </SequencePoints>
              <BranchPoints />
            </Method>
          </Methods>
        </Class>
        <Class>
          <Summary numSequencePoints="104" visitedSequencePoints="0" numBranchPoints="0" visitedBranchPoints="0" sequenceCoverage="0.0" branchCoverage="0.0" maxCyclomaticComplexity="0" minCyclomaticComplexity="0" maxCrapScore="0" minCrapScore="0" visitedClasses="0" numClasses="1" visitedMethods="0" numMethods="12" />
          <FullName>Player</FullName>
          <Methods>
            <Method visited="false" cyclomaticComplexity="0" nPathComplexity="0" sequenceCoverage="0.0" branchCoverage="0" crapScore="0" isConstructor="false" isStatic="false" isGetter="true" isSetter="false">
              <Summary numSequencePoints="3" visitedSequencePoints="0" numBranchPoints="0" visitedBranchPoints="0" sequenceCoverage="0.0" branchCoverage="0" maxCyclomaticComplexity="0" minCyclomaticComplexity="0" maxCrapScore="0" minCrapScore="0" visitedClasses="0" numClasses="0" visitedMethods="0" numMethods="1" />
              <MetadataToken>100663336</MetadataToken>
              <Name>System.Collections.Generic.List[GameObject] Player::get_levelObjects()</Name>
              <FileRef uid="4" />
              <SequencePoints>
                <SequencePoint vc="0" uspid="1192" ordinal="0" offset="0" sl="21" sc="13" el="21" ec="13" bec="0" bev="0" fileid="4" />
                <SequencePoint vc="0" uspid="1193" ordinal="0" offset="1" sl="21" sc="15" el="21" ec="15" bec="0" bev="0" fileid="4" />
                <SequencePoint vc="0" uspid="1194" ordinal="0" offset="10" sl="21" sc="37" el="21" ec="37" bec="0" bev="0" fileid="4" />
              </SequencePoints>
              <BranchPoints />
            </Method>
            <Method visited="false" cyclomaticComplexity="0" nPathComplexity="0" sequenceCoverage="0.0" branchCoverage="0" crapScore="0" isConstructor="false" isStatic="false" isGetter="false" isSetter="true">
              <Summary numSequencePoints="3" visitedSequencePoints="0" numBranchPoints="0" visitedBranchPoints="0" sequenceCoverage="0.0" branchCoverage="0" maxCyclomaticComplexity="0" minCyclomaticComplexity="0" maxCrapScore="0" minCrapScore="0" visitedClasses="0" numClasses="0" visitedMethods="0" numMethods="1" />
              <MetadataToken>100663337</MetadataToken>
              <Name>System.Void Player::set_levelObjects(System.Collections.Generic.List[GameObject])</Name>
              <FileRef uid="4" />
              <SequencePoints>
                <SequencePoint vc="0" uspid="1195" ordinal="0" offset="0" sl="22" sc="13" el="22" ec="13" bec="0" bev="0" fileid="4" />
                <SequencePoint vc="0" uspid="1196" ordinal="0" offset="1" sl="22" sc="15" el="22" ec="15" bec="0" bev="0" fileid="4" />
                <SequencePoint vc="0" uspid="1197" ordinal="0" offset="8" sl="22" sc="38" el="22" ec="38" bec="0" bev="0" fileid="4" />
              </SequencePoints>
              <BranchPoints />
            </Method>
            <Method visited="false" cyclomaticComplexity="0" nPathComplexity="0" sequenceCoverage="0.0" branchCoverage="0" crapScore="0" isConstructor="false" isStatic="false" isGetter="false" isSetter="false">
              <Summary numSequencePoints="6" visitedSequencePoints="0" numBranchPoints="0" visitedBranchPoints="0" sequenceCoverage="0.0" branchCoverage="0" maxCyclomaticComplexity="0" minCyclomaticComplexity="0" maxCrapScore="0" minCrapScore="0" visitedClasses="0" numClasses="0" visitedMethods="0" numMethods="1" />
              <MetadataToken>100663338</MetadataToken>
              <Name>System.Void Player::Reset()</Name>
              <FileRef uid="4" />
              <SequencePoints>
                <SequencePoint vc="0" uspid="1198" ordinal="0" offset="0" sl="48" sc="5" el="48" ec="5" bec="0" bev="0" fileid="4" />
                <SequencePoint vc="0" uspid="1199" ordinal="0" offset="1" sl="49" sc="9" el="49" ec="9" bec="0" bev="0" fileid="4" />
                <SequencePoint vc="0" uspid="1200" ordinal="0" offset="12" sl="50" sc="9" el="50" ec="9" bec="0" bev="0" fileid="4" />
                <SequencePoint vc="0" uspid="1201" ordinal="0" offset="23" sl="51" sc="9" el="51" ec="9" bec="0" bev="0" fileid="4" />
                <SequencePoint vc="0" uspid="1202" ordinal="0" offset="30" sl="52" sc="9" el="52" ec="9" bec="0" bev="0" fileid="4" />
                <SequencePoint vc="0" uspid="1203" ordinal="0" offset="37" sl="53" sc="5" el="53" ec="5" bec="0" bev="0" fileid="4" />
              </SequencePoints>
              <BranchPoints />
            </Method>
[...]
                <SequencePoint vc="0" uspid="1215" ordinal="0" offset="19" sl="94" sc="9" el="94" ec="9" bec="0" bev="0" fileid="4" />
                <SequencePoint vc="0" uspid="1216" ordinal="0" offset="20" sl="95" sc="13" el="95" ec="13" bec="0" bev="0" fileid="4" />
                <SequencePoint vc="0" uspid="1217" ordinal="0" offset="27" sl="96" sc="13" el="96" ec="13" bec="0" bev="0" fileid="4" />
                <SequencePoint vc="0" uspid="1218" ordinal="0" offset="29" sl="99" sc="9" el="99" ec="9" bec="0" bev="0" fileid="4" />
                <SequencePoint vc="0" uspid="1219" ordinal="0" offset="47" sl="101" sc="9" el="101" ec="9" bec="0" bev="0" fileid="4" />
                <SequencePoint vc="0" uspid="1220" ordinal="0" offset="55" sl="102" sc="5" el="102" ec="5" bec="0" bev="0" fileid="4" />
              </SequencePoints>
              <BranchPoints />
            </Method>
            <Method visited="false" cyclomaticComplexity="0" nPathComplexity="0" sequenceCoverage="0.0" branchCoverage="0" crapScore="0" isConstructor="false" isStatic="false" isGetter="false" isSetter="false">
              <Summary numSequencePoints="15" visitedSequencePoints="0" numBranchPoints="0" visitedBranchPoints="0" sequenceCoverage="0.0" branchCoverage="0" maxCyclomaticComplexity="0" minCyclomaticComplexity="0" maxCrapScore="0" minCrapScore="0" visitedClasses="0" numClasses="0" visitedMethods="0" numMethods="1" />
              <MetadataToken>100663342</MetadataToken>
              <Name>System.Void Player::FindNearestInGroup(System.Collections.Generic.List[GameObject])</Name>
              <FileRef uid="4" />
              <SequencePoints>
                <SequencePoint vc="0" uspid="1221" ordinal="0" offset="0" sl="109" sc="5" el="109" ec="5" bec="0" bev="0" fileid="4" />
                <SequencePoint vc="0" uspid="1222" ordinal="0" offset="1" sl="110" sc="9" el="110" ec="9" bec="0" bev="0" fileid="4" />
                <SequencePoint vc="0" uspid="1223" ordinal="0" offset="2" sl="110" sc="44" el="110" ec="44" bec="0" bev="0" fileid="4" />
                <SequencePoint vc="0" uspid="1224" ordinal="0" offset="11" sl="110" sc="18" el="110" ec="18" bec="0" bev="0" fileid="4" />
                <SequencePoint vc="0" uspid="1225" ordinal="0" offset="19" sl="111" sc="9" el="111" ec="9" bec="0" bev="0" fileid="4" />
                <SequencePoint vc="0" uspid="1226" ordinal="0" offset="20" sl="113" sc="13" el="113" ec="13" bec="0" bev="0" fileid="4" />
                <SequencePoint vc="0" uspid="1227" ordinal="0" offset="53" sl="114" sc="13" el="114" ec="13" bec="0" bev="0" fileid="4" />
                <SequencePoint vc="0" uspid="1228" ordinal="0" offset="71" sl="115" sc="13" el="115" ec="13" bec="0" bev="0" fileid="4" />
                <SequencePoint vc="0" uspid="1229" ordinal="0" offset="72" sl="116" sc="17" el="116" ec="17" bec="0" bev="0" fileid="4" />
                <SequencePoint vc="0" uspid="1230" ordinal="0" offset="79" sl="117" sc="17" el="117" ec="17" bec="0" bev="0" fileid="4" />
                <SequencePoint vc="0" uspid="1231" ordinal="0" offset="91" sl="118" sc="13" el="118" ec="13" bec="0" bev="0" fileid="4" />
                <SequencePoint vc="0" uspid="1232" ordinal="0" offset="92" sl="119" sc="9" el="119" ec="9" bec="0" bev="0" fileid="4" />
                <SequencePoint vc="0" uspid="1233" ordinal="0" offset="93" sl="110" sc="41" el="110" ec="41" bec="0" bev="0" fileid="4" />
                <SequencePoint vc="0" uspid="1234" ordinal="0" offset="119" sl="121" sc="9" el="121" ec="9" bec="0" bev="0" fileid="4" />
                <SequencePoint vc="0" uspid="1235" ordinal="0" offset="126" sl="122" sc="5" el="122" ec="5" bec="0" bev="0" fileid="4" />
              </SequencePoints>
              <BranchPoints />
            </Method>
            <Method visited="false" cyclomaticComplexity="0" nPathComplexity="0" sequenceCoverage="0.0" branchCoverage="0" crapScore="0" isConstructor="false" isStatic="false" isGetter="false" isSetter="false">
              <Summary numSequencePoints="16" visitedSequencePoints="0" numBranchPoints="0" visitedBranchPoints="0" sequenceCoverage="0.0" branchCoverage="0" maxCyclomaticComplexity="0" minCyclomaticComplexity="0" maxCrapScore="0" minCrapScore="0" visitedClasses="0" numClasses="0" visitedMethods="0" numMethods="1" />
              <MetadataToken>100663343</MetadataToken>
              <Name>System.Void Player::FindNearestInGroup(UnityEngine.Collider[])</Name>
              <FileRef uid="4" />
              <SequencePoints>
                <SequencePoint vc="0" uspid="1236" ordinal="0" offset="0" sl="129" sc="5" el="129" ec="5" bec="0" bev="0" fileid="4" />
                <SequencePoint vc="0" uspid="1237" ordinal="0" offset="1" sl="130" sc="9" el="130" ec="9" bec="0" bev="0" fileid="4" />
                <SequencePoint vc="0" uspid="1238" ordinal="0" offset="2" sl="130" sc="42" el="130" ec="42" bec="0" bev="0" fileid="4" />
                <SequencePoint vc="0" uspid="1239" ordinal="0" offset="11" sl="130" sc="18" el="130" ec="18" bec="0" bev="0" fileid="4" />
                <SequencePoint vc="0" uspid="1240" ordinal="0" offset="15" sl="131" sc="9" el="131" ec="9" bec="0" bev="0" fileid="4" />
                <SequencePoint vc="0" uspid="1241" ordinal="0" offset="16" sl="133" sc="13" el="133" ec="13" bec="0" bev="0" fileid="4" />
                <SequencePoint vc="0" uspid="1242" ordinal="0" offset="49" sl="134" sc="13" el="134" ec="13" bec="0" bev="0" fileid="4" />
                <SequencePoint vc="0" uspid="1243" ordinal="0" offset="67" sl="135" sc="13" el="135" ec="13" bec="0" bev="0" fileid="4" />
                <SequencePoint vc="0" uspid="1244" ordinal="0" offset="68" sl="136" sc="17" el="136" ec="17" bec="0" bev="0" fileid="4" />
                <SequencePoint vc="0" uspid="1245" ordinal="0" offset="111" sl="137" sc="17" el="137" ec="17" bec="0" bev="0" fileid="4" />
                <SequencePoint vc="0" uspid="1246" ordinal="0" offset="123" sl="138" sc="17" el="138" ec="17" bec="0" bev="0" fileid="4" />
                <SequencePoint vc="0" uspid="1247" ordinal="0" offset="135" sl="139" sc="13" el="139" ec="13" bec="0" bev="0" fileid="4" />
                <SequencePoint vc="0" uspid="1248" ordinal="0" offset="136" sl="140" sc="9" el="140" ec="9" bec="0" bev="0" fileid="4" />
                <SequencePoint vc="0" uspid="1249" ordinal="0" offset="141" sl="130" sc="39" el="130" ec="39" bec="0" bev="0" fileid="4" />
                <SequencePoint vc="0" uspid="1250" ordinal="0" offset="150" sl="142" sc="9" el="142" ec="9" bec="0" bev="0" fileid="4" />
                <SequencePoint vc="0" uspid="1251" ordinal="0" offset="157" sl="143" sc="5" el="143" ec="5" bec="0" bev="0" fileid="4" />
              </SequencePoints>
              <BranchPoints />
            </Method>
            <Method visited="false" cyclomaticComplexity="0" nPathComplexity="0" sequenceCoverage="0.0" branchCoverage="0" crapScore="0" isConstructor="false" isStatic="false" isGetter="false" isSetter="false">
              <Summary numSequencePoints="11" visitedSequencePoints="0" numBranchPoints="0" visitedBranchPoints="0" sequenceCoverage="0.0" branchCoverage="0" maxCyclomaticComplexity="0" minCyclomaticComplexity="0" maxCrapScore="0" minCrapScore="0" visitedClasses="0" numClasses="0" visitedMethods="0" numMethods="1" />
              <MetadataToken>100663344</MetadataToken>
              <Name>System.Void Player::UpdateClosest()</Name>
              <FileRef uid="4" />
              <SequencePoints>
                <SequencePoint vc="0" uspid="1252" ordinal="0" offset="0" sl="149" sc="5" el="149" ec="5" bec="0" bev="0" fileid="4" />
                <SequencePoint vc="0" uspid="1253" ordinal="0" offset="1" sl="151" sc="9" el="151" ec="9" bec="0" bev="0" fileid="4" />
                <SequencePoint vc="0" uspid="1254" ordinal="0" offset="38" sl="152" sc="9" el="152" ec="9" bec="0" bev="0" fileid="4" />
                <SequencePoint vc="0" uspid="1255" ordinal="0" offset="39" sl="154" sc="13" el="154" ec="13" bec="0" bev="0" fileid="4" />
                <SequencePoint vc="0" uspid="1256" ordinal="0" offset="54" sl="155" sc="13" el="155" ec="13" bec="0" bev="0" fileid="4" />
                <SequencePoint vc="0" uspid="1257" ordinal="0" offset="55" sl="157" sc="17" el="157" ec="17" bec="0" bev="0" fileid="4" />
                <SequencePoint vc="0" uspid="1258" ordinal="0" offset="73" sl="158" sc="13" el="158" ec="13" bec="0" bev="0" fileid="4" />
                <SequencePoint vc="0" uspid="1259" ordinal="0" offset="74" sl="159" sc="13" el="159" ec="13" bec="0" bev="0" fileid="4" />
                <SequencePoint vc="0" uspid="1260" ordinal="0" offset="86" sl="160" sc="13" el="160" ec="13" bec="0" bev="0" fileid="4" />
                <SequencePoint vc="0" uspid="1261" ordinal="0" offset="104" sl="161" sc="9" el="161" ec="9" bec="0" bev="0" fileid="4" />
                <SequencePoint vc="0" uspid="1262" ordinal="0" offset="105" sl="162" sc="5" el="162" ec="5" bec="0" bev="0" fileid="4" />
              </SequencePoints>
              <BranchPoints />
            </Method>
            <Method visited="false" cyclomaticComplexity="0" nPathComplexity="0" sequenceCoverage="0.0" branchCoverage="0" crapScore="0" isConstructor="false" isStatic="false" isGetter="false" isSetter="false">
              <Summary numSequencePoints="17" visitedSequencePoints="0" numBranchPoints="0" visitedBranchPoints="0" sequenceCoverage="0.0" branchCoverage="0" maxCyclomaticComplexity="0" minCyclomaticComplexity="0" maxCrapScore="0" minCrapScore="0" visitedClasses="0" numClasses="0" visitedMethods="0" numMethods="1" />
              <MetadataToken>100663345</MetadataToken>
              <Name>System.Void Player::CheckObjectDistance(UnityEngine.GameObject)</Name>
              <FileRef uid="4" />
              <SequencePoints>
                <SequencePoint vc="0" uspid="1263" ordinal="0" offset="0" sl="169" sc="5" el="169" ec="5" bec="0" bev="0" fileid="4" />
                <SequencePoint vc="0" uspid="1264" ordinal="0" offset="1" sl="171" sc="9" el="171" ec="9" bec="0" bev="0" fileid="4" />
                <SequencePoint vc="0" uspid="1265" ordinal="0" offset="17" sl="172" sc="9" el="172" ec="9" bec="0" bev="0" fileid="4" />
                <SequencePoint vc="0" uspid="1266" ordinal="0" offset="18" sl="173" sc="13" el="173" ec="13" bec="0" bev="0" fileid="4" />
                <SequencePoint vc="0" uspid="1267" ordinal="0" offset="23" sl="177" sc="9" el="177" ec="9" bec="0" bev="0" fileid="4" />
                <SequencePoint vc="0" uspid="1268" ordinal="0" offset="56" sl="178" sc="9" el="178" ec="9" bec="0" bev="0" fileid="4" />
                <SequencePoint vc="0" uspid="1269" ordinal="0" offset="74" sl="179" sc="9" el="179" ec="9" bec="0" bev="0" fileid="4" />
                <SequencePoint vc="0" uspid="1270" ordinal="0" offset="75" sl="181" sc="13" el="181" ec="13" bec="0" bev="0" fileid="4" />
                <SequencePoint vc="0" uspid="1271" ordinal="0" offset="86" sl="182" sc="13" el="182" ec="13" bec="0" bev="0" fileid="4" />
                <SequencePoint vc="0" uspid="1272" ordinal="0" offset="98" sl="183" sc="13" el="183" ec="13" bec="0" bev="0" fileid="4" />
                <SequencePoint vc="0" uspid="1273" ordinal="0" offset="113" sl="184" sc="13" el="184" ec="13" bec="0" bev="0" fileid="4" />
                <SequencePoint vc="0" uspid="1274" ordinal="0" offset="114" sl="185" sc="17" el="185" ec="17" bec="0" bev="0" fileid="4" />
                <SequencePoint vc="0" uspid="1275" ordinal="0" offset="132" sl="186" sc="13" el="186" ec="13" bec="0" bev="0" fileid="4" />
                <SequencePoint vc="0" uspid="1276" ordinal="0" offset="133" sl="187" sc="13" el="187" ec="13" bec="0" bev="0" fileid="4" />
                <SequencePoint vc="0" uspid="1277" ordinal="0" offset="140" sl="188" sc="13" el="188" ec="13" bec="0" bev="0" fileid="4" />
                <SequencePoint vc="0" uspid="1278" ordinal="0" offset="158" sl="189" sc="9" el="189" ec="9" bec="0" bev="0" fileid="4" />
                <SequencePoint vc="0" uspid="1279" ordinal="0" offset="159" sl="190" sc="5" el="190" ec="5" bec="0" bev="0" fileid="4" />
              </SequencePoints>
              <BranchPoints />
            </Method>
            <Method visited="false" cyclomaticComplexity="0" nPathComplexity="0" sequenceCoverage="0.0" branchCoverage="0" crapScore="0" isConstructor="false" isStatic="false" isGetter="false" isSetter="false">
              <Summary numSequencePoints="11" visitedSequencePoints="0" numBranchPoints="0" visitedBranchPoints="0" sequenceCoverage="0.0" branchCoverage="0" maxCyclomaticComplexity="0" minCyclomaticComplexity="0" maxCrapScore="0" minCrapScore="0" visitedClasses="0" numClasses="0" visitedMethods="0" numMethods="1" />
              <MetadataToken>100663346</MetadataToken>
              <Name>System.Void Player::FixedUpdate()</Name>
              <FileRef uid="4" />
              <SequencePoints>
                <SequencePoint vc="0" uspid="1280" ordinal="0" offset="0" sl="194" sc="0" el="194" ec="0" bec="0" bev="0" fileid="4" />
                <SequencePoint vc="0" uspid="1281" ordinal="0" offset="1" sl="197" sc="0" el="197" ec="0" bec="0" bev="0" fileid="4" />
                <SequencePoint vc="0" uspid="1282" ordinal="0" offset="7" sl="206" sc="0" el="206" ec="0" bec="0" bev="0" fileid="4" />
                <SequencePoint vc="0" uspid="1283" ordinal="0" offset="22" sl="207" sc="0" el="207" ec="0" bec="0" bev="0" fileid="4" />
                <SequencePoint vc="0" uspid="1284" ordinal="0" offset="23" sl="208" sc="0" el="208" ec="0" bec="0" bev="0" fileid="4" />
                <SequencePoint vc="0" uspid="1285" ordinal="0" offset="61" sl="209" sc="0" el="209" ec="0" bec="0" bev="0" fileid="4" />
                <SequencePoint vc="0" uspid="1286" ordinal="0" offset="62" sl="275" sc="0" el="275" ec="0" bec="0" bev="0" fileid="4" />
                <SequencePoint vc="0" uspid="1287" ordinal="0" offset="75" sl="281" sc="0" el="281" ec="0" bec="0" bev="0" fileid="4" />
                <SequencePoint vc="0" uspid="1288" ordinal="0" offset="81" sl="283" sc="0" el="283" ec="0" bec="0" bev="0" fileid="4" />
                <SequencePoint vc="0" uspid="1289" ordinal="0" offset="90" sl="284" sc="0" el="284" ec="0" bec="0" bev="0" fileid="4" />
                <SequencePoint vc="0" uspid="1290" ordinal="0" offset="137" sl="285" sc="0" el="285" ec="0" bec="0" bev="0" fileid="4" />
              </SequencePoints>
              <BranchPoints />
            </Method>
            <Method visited="false" cyclomaticComplexity="0" nPathComplexity="0" sequenceCoverage="0.0" branchCoverage="0" crapScore="0" isConstructor="true" isStatic="false" isGetter="false" isSetter="false">
              <Summary numSequencePoints="5" visitedSequencePoints="0" numBranchPoints="0" visitedBranchPoints="0" sequenceCoverage="0.0" branchCoverage="0" maxCyclomaticComplexity="0" minCyclomaticComplexity="0" maxCrapScore="0" minCrapScore="0" visitedClasses="0" numClasses="0" visitedMethods="0" numMethods="1" />
              <MetadataToken>100663347</MetadataToken>
              <Name>Player::Player()</Name>
              <FileRef uid="4" />
              <SequencePoints>
                <SequencePoint vc="0" uspid="1291" ordinal="0" offset="0" sl="14" sc="72" el="14" ec="72" bec="0" bev="0" fileid="4" />
                <SequencePoint vc="0" uspid="1292" ordinal="0" offset="11" sl="31" sc="97" el="31" ec="97" bec="0" bev="0" fileid="4" />
                <SequencePoint vc="0" uspid="1293" ordinal="0" offset="22" sl="40" sc="133" el="40" ec="133" bec="0" bev="0" fileid="4" />
                <SequencePoint vc="0" uspid="1294" ordinal="0" offset="33" sl="42" sc="84" el="42" ec="84" bec="0" bev="0" fileid="4" />
                <SequencePoint vc="0" uspid="1295" ordinal="0" offset="41" sl="44" sc="139" el="44" ec="139" bec="0" bev="0" fileid="4" />
              </SequencePoints>
              <BranchPoints />
            </Method>
          </Methods>
        </Class>
        <Class>
          <Summary numSequencePoints="4" visitedSequencePoints="0" numBranchPoints="0" visitedBranchPoints="0" sequenceCoverage="0.0" branchCoverage="0.0" maxCyclomaticComplexity="0" minCyclomaticComplexity="0" maxCrapScore="0" minCrapScore="0" visitedClasses="0" numClasses="1" visitedMethods="0" numMethods="1" />
          <FullName>ObjectManager/ObjectStruct</FullName>
          <Methods>
            <Method visited="false" cyclomaticComplexity="0" nPathComplexity="0" sequenceCoverage="0.0" branchCoverage="0" crapScore="0" isConstructor="true" isStatic="false" isGetter="false" isSetter="false">
              <Summary numSequencePoints="4" visitedSequencePoints="0" numBranchPoints="0" visitedBranchPoints="0" sequenceCoverage="0.0" branchCoverage="0" maxCyclomaticComplexity="0" minCyclomaticComplexity="0" maxCrapScore="0" minCrapScore="0" visitedClasses="0" numClasses="0" visitedMethods="0" numMethods="1" />
              <MetadataToken>100663348</MetadataToken>
              <Name>ObjectManager/ObjectStruct::ObjectStruct(ObjectManager/ObjectType, UnityEngine.Vector3)</Name>
              <FileRef uid="3" />
              <SequencePoints>
                <SequencePoint vc="0" uspid="1296" ordinal="0" offset="0" sl="131" sc="9" el="131" ec="9" bec="0" bev="0" fileid="3" />
                <SequencePoint vc="0" uspid="1297" ordinal="0" offset="1" sl="132" sc="13" el="132" ec="13" bec="0" bev="0" fileid="3" />
                <SequencePoint vc="0" uspid="1298" ordinal="0" offset="8" sl="133" sc="13" el="133" ec="13" bec="0" bev="0" fileid="3" />
                <SequencePoint vc="0" uspid="1299" ordinal="0" offset="15" sl="134" sc="9" el="134" ec="9" bec="0" bev="0" fileid="3" />
              </SequencePoints>
              <BranchPoints />
            </Method>
          </Methods>
        </Class>
        <Class>
          <Summary numSequencePoints="3" visitedSequencePoints="0" numBranchPoints="0" visitedBranchPoints="0" sequenceCoverage="0.0" branchCoverage="0.0" maxCyclomaticComplexity="0" minCyclomaticComplexity="0" maxCrapScore="0" minCrapScore="0" visitedClasses="0" numClasses="1" visitedMethods="0" numMethods="1" />
          <FullName>ObjectManager/ObjectStructHolder</FullName>
          <Methods>
            <Method visited="false" cyclomaticComplexity="0" nPathComplexity="0" sequenceCoverage="0.0" branchCoverage="0" crapScore="0" isConstructor="true" isStatic="false" isGetter="false" isSetter="false">
              <Summary numSequencePoints="3" visitedSequencePoints="0" numBranchPoints="0" visitedBranchPoints="0" sequenceCoverage="0.0" branchCoverage="0" maxCyclomaticComplexity="0" minCyclomaticComplexity="0" maxCrapScore="0" minCrapScore="0" visitedClasses="0" numClasses="0" visitedMethods="0" numMethods="1" />
              <MetadataToken>100663349</MetadataToken>
              <Name>ObjectManager/ObjectStructHolder::ObjectStructHolder(System.Collections.Generic.List[ObjectStruct])</Name>
              <FileRef uid="3" />
              <SequencePoints>
                <SequencePoint vc="0" uspid="1300" ordinal="0" offset="0" sl="158" sc="9" el="158" ec="9" bec="0" bev="0" fileid="3" />
                <SequencePoint vc="0" uspid="1301" ordinal="0" offset="1" sl="159" sc="13" el="159" ec="13" bec="0" bev="0" fileid="3" />
                <SequencePoint vc="0" uspid="1302" ordinal="0" offset="8" sl="160" sc="9" el="160" ec="9" bec="0" bev="0" fileid="3" />
              </SequencePoints>
              <BranchPoints />
            </Method>
          </Methods>
        </Class>
      </Classes>
    </Module>
  </Modules>
</CoverageSession>